-- Found ament_cmake: 1.1.6 (/opt/ros/galactic/share/ament_cmake/cmake)
-- Using PYTHON_EXECUTABLE: /usr/bin/python3
-- Override CMake install command with custom implementation using symlinks instead of copying resources
-- Found rclcpp: 9.2.2 (/opt/ros/galactic/share/rclcpp/cmake)
-- Using all available rosidl_typesupport_c: rosidl_typesupport_fastrtps_c;rosidl_typesupport_introspection_c
-- Found rosidl_adapter: 2.2.3 (/opt/ros/galactic/share/rosidl_adapter/cmake)
-- Using all available rosidl_typesupport_cpp: rosidl_typesupport_fastrtps_cpp;rosidl_typesupport_introspection_cpp
-- Found rmw_implementation_cmake: 3.3.1 (/opt/ros/galactic/share/rmw_implementation_cmake/cmake)
-- Found rmw_cyclonedds_cpp: 0.22.6 (/opt/ros/galactic/share/rmw_cyclonedds_cpp/cmake)
-- Using RMW implementation 'rmw_cyclonedds_cpp' as default
-- Found ament_lint_auto: 0.10.7 (/opt/ros/galactic/share/ament_lint_auto/cmake)
-- Added test 'copyright' to check source files copyright and LICENSE
-- Added test 'cppcheck' to perform static code analysis on C / C++ code
-- Configured cppcheck include dirs: 
-- Configured cppcheck exclude dirs and/or files: 
-- Added test 'cpplint' to check C / C++ code against the Google style
-- Configured cpplint exclude dirs and/or files: 
-- Added test 'flake8' to check Python code syntax and style conventions
-- Added test 'lint_cmake' to check CMake code style
-- Added test 'pep257' to check Python code against some of the style conventions in PEP 257
-- Added test 'uncrustify' to check C / C++ code style
-- Configured uncrustify additional arguments: 
-- Added test 'xmllint' to check XML markup files
-- Configuring done (0.8s)
-- Generating done (0.0s)
-- Build files have been written to: /home/dars/kameyama_galactic_ws/build/cuboid_analysis
[100%] Built target ave_cov
-- Install configuration: ""
-- Execute custom install script
-- Up-to-date symlink: /home/dars/kameyama_galactic_ws/install/cuboid_analysis/lib/cuboid_analysis/ave_cov
-- Up-to-date symlink: /home/dars/kameyama_galactic_ws/install/cuboid_analysis/lib/cuboid_analysis/d_op.py
-- Up-to-date symlink: /home/dars/kameyama_galactic_ws/install/cuboid_analysis/share/cuboid_analysis/launch/cuboid_analysis_launch.py
-- Up-to-date symlink: /home/dars/kameyama_galactic_ws/install/cuboid_analysis/share/ament_index/resource_index/package_run_dependencies/cuboid_analysis
-- Up-to-date symlink: /home/dars/kameyama_galactic_ws/install/cuboid_analysis/share/ament_index/resource_index/parent_prefix_path/cuboid_analysis
-- Up-to-date symlink: /home/dars/kameyama_galactic_ws/install/cuboid_analysis/share/cuboid_analysis/environment/ament_prefix_path.sh
-- Up-to-date symlink: /home/dars/kameyama_galactic_ws/install/cuboid_analysis/share/cuboid_analysis/environment/ament_prefix_path.dsv
-- Up-to-date symlink: /home/dars/kameyama_galactic_ws/install/cuboid_analysis/share/cuboid_analysis/environment/path.sh
-- Up-to-date symlink: /home/dars/kameyama_galactic_ws/install/cuboid_analysis/share/cuboid_analysis/environment/path.dsv
-- Up-to-date symlink: /home/dars/kameyama_galactic_ws/install/cuboid_analysis/share/cuboid_analysis/local_setup.bash
-- Up-to-date symlink: /home/dars/kameyama_galactic_ws/install/cuboid_analysis/share/cuboid_analysis/local_setup.sh
-- Up-to-date symlink: /home/dars/kameyama_galactic_ws/install/cuboid_analysis/share/cuboid_analysis/local_setup.zsh
-- Up-to-date symlink: /home/dars/kameyama_galactic_ws/install/cuboid_analysis/share/cuboid_analysis/local_setup.dsv
-- Symlinking: /home/dars/kameyama_galactic_ws/install/cuboid_analysis/share/cuboid_analysis/package.dsv
-- Up-to-date symlink: /home/dars/kameyama_galactic_ws/install/cuboid_analysis/share/ament_index/resource_index/packages/cuboid_analysis
-- Up-to-date symlink: /home/dars/kameyama_galactic_ws/install/cuboid_analysis/share/cuboid_analysis/cmake/cuboid_analysisConfig.cmake
-- Up-to-date symlink: /home/dars/kameyama_galactic_ws/install/cuboid_analysis/share/cuboid_analysis/cmake/cuboid_analysisConfig-version.cmake
-- Up-to-date symlink: /home/dars/kameyama_galactic_ws/install/cuboid_analysis/share/cuboid_analysis/package.xml
