[2.330s] DEBUG:colcon:Command line arguments: ['/usr/bin/colcon', 'build']
[2.330s] DEBUG:colcon:Parsed command line arguments: Namespace(allow_overriding=[], ament_cmake_args=None, base_paths=['.'], build_base='build', catkin_cmake_args=None, catkin_skip_building_tests=False, cmake_args=None, cmake_clean_cache=False, cmake_clean_first=False, cmake_force_configure=False, cmake_target=None, cmake_target_skip_unavailable=False, continue_on_error=False, event_handlers=None, executor='parallel', ignore_user_meta=False, install_base='install', log_base=None, log_level=None, main=<bound method BuildVerb.main of <colcon_core.verb.build.BuildVerb object at 0x7f946c5a9370>>, merge_install=False, metas=['./colcon.meta'], mixin=None, mixin_files=None, mixin_verb=('build',), packages_above=None, packages_above_and_dependencies=None, packages_above_depth=None, packages_end=None, packages_ignore=None, packages_ignore_regex=None, packages_select=None, packages_select_build_failed=False, packages_select_by_dep=None, packages_select_regex=None, packages_select_test_failures=False, packages_skip=None, packages_skip_build_finished=False, packages_skip_by_dep=None, packages_skip_regex=None, packages_skip_test_passed=False, packages_skip_up_to=None, packages_start=None, packages_up_to=None, packages_up_to_regex=None, parallel_workers=16, paths=None, symlink_install=False, test_result_base=None, verb_extension=<colcon_core.verb.build.BuildVerb object at 0x7f946c5a9370>, verb_name='build', verb_parser=<colcon_mixin.mixin.mixin_argument.MixinArgumentDecorator object at 0x7f946c4f1d60>)
[2.446s] Level 1:colcon.colcon_core.package_discovery:discover_packages(colcon_meta) check parameters
[2.446s] Level 1:colcon.colcon_core.package_discovery:discover_packages(recursive) check parameters
[2.446s] Level 1:colcon.colcon_core.package_discovery:discover_packages(ignore) check parameters
[2.446s] Level 1:colcon.colcon_core.package_discovery:discover_packages(path) check parameters
[2.446s] Level 1:colcon.colcon_core.package_discovery:discover_packages(colcon_meta) discover
[2.446s] Level 1:colcon.colcon_core.package_discovery:discover_packages(recursive) discover
[2.446s] INFO:colcon.colcon_core.package_discovery:Crawling recursively for packages in '/home/dars/kameyama_galactic_ws'
[2.446s] Level 1:colcon.colcon_core.package_identification:_identify(.) by extensions ['ignore', 'ignore_ament_install']
[2.446s] Level 1:colcon.colcon_core.package_identification:_identify(.) by extension 'ignore'
[2.446s] Level 1:colcon.colcon_core.package_identification:_identify(.) by extension 'ignore_ament_install'
[2.446s] Level 1:colcon.colcon_core.package_identification:_identify(.) by extensions ['colcon_pkg']
[2.446s] Level 1:colcon.colcon_core.package_identification:_identify(.) by extension 'colcon_pkg'
[2.446s] Level 1:colcon.colcon_core.package_identification:_identify(.) by extensions ['colcon_meta']
[2.446s] Level 1:colcon.colcon_core.package_identification:_identify(.) by extension 'colcon_meta'
[2.446s] Level 1:colcon.colcon_core.package_identification:_identify(.) by extensions ['ros']
[2.446s] Level 1:colcon.colcon_core.package_identification:_identify(.) by extension 'ros'
[2.526s] Level 1:colcon.colcon_core.package_identification:_identify(.) by extensions ['cmake', 'python']
[2.526s] Level 1:colcon.colcon_core.package_identification:_identify(.) by extension 'cmake'
[2.526s] Level 1:colcon.colcon_core.package_identification:_identify(.) by extension 'python'
[2.526s] Level 1:colcon.colcon_core.package_identification:_identify(.) by extensions ['python_setup_py']
[2.526s] Level 1:colcon.colcon_core.package_identification:_identify(.) by extension 'python_setup_py'
[2.526s] Level 1:colcon.colcon_core.package_identification:_identify(build) by extensions ['ignore', 'ignore_ament_install']
[2.526s] Level 1:colcon.colcon_core.package_identification:_identify(build) by extension 'ignore'
[2.526s] Level 1:colcon.colcon_core.package_identification:_identify(build) ignored
[2.526s] Level 1:colcon.colcon_core.package_identification:_identify(install) by extensions ['ignore', 'ignore_ament_install']
[2.526s] Level 1:colcon.colcon_core.package_identification:_identify(install) by extension 'ignore'
[2.526s] Level 1:colcon.colcon_core.package_identification:_identify(install) ignored
[2.526s] Level 1:colcon.colcon_core.package_identification:_identify(log) by extensions ['ignore', 'ignore_ament_install']
[2.527s] Level 1:colcon.colcon_core.package_identification:_identify(log) by extension 'ignore'
[2.527s] Level 1:colcon.colcon_core.package_identification:_identify(log) ignored
[2.527s] Level 1:colcon.colcon_core.package_identification:_identify(src) by extensions ['ignore', 'ignore_ament_install']
[2.527s] Level 1:colcon.colcon_core.package_identification:_identify(src) by extension 'ignore'
[2.527s] Level 1:colcon.colcon_core.package_identification:_identify(src) by extension 'ignore_ament_install'
[2.527s] Level 1:colcon.colcon_core.package_identification:_identify(src) by extensions ['colcon_pkg']
[2.527s] Level 1:colcon.colcon_core.package_identification:_identify(src) by extension 'colcon_pkg'
[2.527s] Level 1:colcon.colcon_core.package_identification:_identify(src) by extensions ['colcon_meta']
[2.527s] Level 1:colcon.colcon_core.package_identification:_identify(src) by extension 'colcon_meta'
[2.527s] Level 1:colcon.colcon_core.package_identification:_identify(src) by extensions ['ros']
[2.527s] Level 1:colcon.colcon_core.package_identification:_identify(src) by extension 'ros'
[2.527s] Level 1:colcon.colcon_core.package_identification:_identify(src) by extensions ['cmake', 'python']
[2.527s] Level 1:colcon.colcon_core.package_identification:_identify(src) by extension 'cmake'
[2.527s] Level 1:colcon.colcon_core.package_identification:_identify(src) by extension 'python'
[2.527s] Level 1:colcon.colcon_core.package_identification:_identify(src) by extensions ['python_setup_py']
[2.527s] Level 1:colcon.colcon_core.package_identification:_identify(src) by extension 'python_setup_py'
[2.527s] Level 1:colcon.colcon_core.package_identification:_identify(src/cuboid_analysis) by extensions ['ignore', 'ignore_ament_install']
[2.527s] Level 1:colcon.colcon_core.package_identification:_identify(src/cuboid_analysis) by extension 'ignore'
[2.527s] Level 1:colcon.colcon_core.package_identification:_identify(src/cuboid_analysis) by extension 'ignore_ament_install'
[2.527s] Level 1:colcon.colcon_core.package_identification:_identify(src/cuboid_analysis) by extensions ['colcon_pkg']
[2.527s] Level 1:colcon.colcon_core.package_identification:_identify(src/cuboid_analysis) by extension 'colcon_pkg'
[2.527s] Level 1:colcon.colcon_core.package_identification:_identify(src/cuboid_analysis) by extensions ['colcon_meta']
[2.527s] Level 1:colcon.colcon_core.package_identification:_identify(src/cuboid_analysis) by extension 'colcon_meta'
[2.527s] Level 1:colcon.colcon_core.package_identification:_identify(src/cuboid_analysis) by extensions ['ros']
[2.527s] Level 1:colcon.colcon_core.package_identification:_identify(src/cuboid_analysis) by extension 'ros'
[2.557s] DEBUG:colcon.colcon_core.package_identification:Package 'src/cuboid_analysis' with type 'ros.ament_cmake' and name 'cuboid_analysis'
[2.558s] Level 1:colcon.colcon_core.package_identification:_identify(src/map_navigation2) by extensions ['ignore', 'ignore_ament_install']
[2.558s] Level 1:colcon.colcon_core.package_identification:_identify(src/map_navigation2) by extension 'ignore'
[2.558s] Level 1:colcon.colcon_core.package_identification:_identify(src/map_navigation2) by extension 'ignore_ament_install'
[2.558s] Level 1:colcon.colcon_core.package_identification:_identify(src/map_navigation2) by extensions ['colcon_pkg']
[2.558s] Level 1:colcon.colcon_core.package_identification:_identify(src/map_navigation2) by extension 'colcon_pkg'
[2.558s] Level 1:colcon.colcon_core.package_identification:_identify(src/map_navigation2) by extensions ['colcon_meta']
[2.558s] Level 1:colcon.colcon_core.package_identification:_identify(src/map_navigation2) by extension 'colcon_meta'
[2.558s] Level 1:colcon.colcon_core.package_identification:_identify(src/map_navigation2) by extensions ['ros']
[2.558s] Level 1:colcon.colcon_core.package_identification:_identify(src/map_navigation2) by extension 'ros'
[2.559s] DEBUG:colcon.colcon_core.package_identification:Package 'src/map_navigation2' with type 'ros.ament_python' and name 'map_navigation2'
[2.559s] Level 1:colcon.colcon_core.package_discovery:discover_packages(recursive) using defaults
[2.559s] Level 1:colcon.colcon_core.package_discovery:discover_packages(ignore) discover
[2.559s] Level 1:colcon.colcon_core.package_discovery:discover_packages(ignore) using defaults
[2.559s] Level 1:colcon.colcon_core.package_discovery:discover_packages(path) discover
[2.559s] Level 1:colcon.colcon_core.package_discovery:discover_packages(path) using defaults
[2.722s] Level 1:colcon.colcon_core.package_discovery:discover_packages(prefix_path) check parameters
[2.722s] Level 1:colcon.colcon_core.package_discovery:discover_packages(prefix_path) discover
[2.780s] DEBUG:colcon.colcon_installed_package_information.package_discovery:Found 2 installed packages in /home/dars/kameyama_galactic_ws/install
[2.781s] DEBUG:colcon.colcon_installed_package_information.package_discovery:Found 52 installed packages in /home/dars/ros2_basic_ws/install
[2.783s] DEBUG:colcon.colcon_installed_package_information.package_discovery:Found 300 installed packages in /opt/ros/galactic
[2.785s] DEBUG:colcon.colcon_installed_package_information.package_discovery:Found 3 installed packages in /opt/ros/noetic
[2.785s] Level 1:colcon.colcon_core.package_discovery:discover_packages(prefix_path) using defaults
[4.879s] Level 5:colcon.colcon_core.verb:set package 'cuboid_analysis' build argument 'cmake_args' from command line to 'None'
[4.879s] Level 5:colcon.colcon_core.verb:set package 'cuboid_analysis' build argument 'cmake_target' from command line to 'None'
[4.879s] Level 5:colcon.colcon_core.verb:set package 'cuboid_analysis' build argument 'cmake_target_skip_unavailable' from command line to 'False'
[4.879s] Level 5:colcon.colcon_core.verb:set package 'cuboid_analysis' build argument 'cmake_clean_cache' from command line to 'False'
[4.879s] Level 5:colcon.colcon_core.verb:set package 'cuboid_analysis' build argument 'cmake_clean_first' from command line to 'False'
[4.879s] Level 5:colcon.colcon_core.verb:set package 'cuboid_analysis' build argument 'cmake_force_configure' from command line to 'False'
[4.879s] Level 5:colcon.colcon_core.verb:set package 'cuboid_analysis' build argument 'ament_cmake_args' from command line to 'None'
[4.879s] Level 5:colcon.colcon_core.verb:set package 'cuboid_analysis' build argument 'catkin_cmake_args' from command line to 'None'
[4.879s] Level 5:colcon.colcon_core.verb:set package 'cuboid_analysis' build argument 'catkin_skip_building_tests' from command line to 'False'
[4.879s] DEBUG:colcon.colcon_core.verb:Building package 'cuboid_analysis' with the following arguments: {'ament_cmake_args': None, 'build_base': '/home/dars/kameyama_galactic_ws/build/cuboid_analysis', 'catkin_cmake_args': None, 'catkin_skip_building_tests': False, 'cmake_args': None, 'cmake_clean_cache': False, 'cmake_clean_first': False, 'cmake_force_configure': False, 'cmake_target': None, 'cmake_target_skip_unavailable': False, 'install_base': '/home/dars/kameyama_galactic_ws/install/cuboid_analysis', 'merge_install': False, 'path': '/home/dars/kameyama_galactic_ws/src/cuboid_analysis', 'symlink_install': False, 'test_result_base': None}
[4.880s] Level 5:colcon.colcon_core.verb:set package 'map_navigation2' build argument 'cmake_args' from command line to 'None'
[4.880s] Level 5:colcon.colcon_core.verb:set package 'map_navigation2' build argument 'cmake_target' from command line to 'None'
[4.880s] Level 5:colcon.colcon_core.verb:set package 'map_navigation2' build argument 'cmake_target_skip_unavailable' from command line to 'False'
[4.880s] Level 5:colcon.colcon_core.verb:set package 'map_navigation2' build argument 'cmake_clean_cache' from command line to 'False'
[4.880s] Level 5:colcon.colcon_core.verb:set package 'map_navigation2' build argument 'cmake_clean_first' from command line to 'False'
[4.880s] Level 5:colcon.colcon_core.verb:set package 'map_navigation2' build argument 'cmake_force_configure' from command line to 'False'
[4.880s] Level 5:colcon.colcon_core.verb:set package 'map_navigation2' build argument 'ament_cmake_args' from command line to 'None'
[4.880s] Level 5:colcon.colcon_core.verb:set package 'map_navigation2' build argument 'catkin_cmake_args' from command line to 'None'
[4.880s] Level 5:colcon.colcon_core.verb:set package 'map_navigation2' build argument 'catkin_skip_building_tests' from command line to 'False'
[4.880s] DEBUG:colcon.colcon_core.verb:Building package 'map_navigation2' with the following arguments: {'ament_cmake_args': None, 'build_base': '/home/dars/kameyama_galactic_ws/build/map_navigation2', 'catkin_cmake_args': None, 'catkin_skip_building_tests': False, 'cmake_args': None, 'cmake_clean_cache': False, 'cmake_clean_first': False, 'cmake_force_configure': False, 'cmake_target': None, 'cmake_target_skip_unavailable': False, 'install_base': '/home/dars/kameyama_galactic_ws/install/map_navigation2', 'merge_install': False, 'path': '/home/dars/kameyama_galactic_ws/src/map_navigation2', 'symlink_install': False, 'test_result_base': None}
[4.880s] INFO:colcon.colcon_core.executor:Executing jobs using 'parallel' executor
[4.881s] DEBUG:colcon.colcon_parallel_executor.executor.parallel:run_until_complete
[4.882s] INFO:colcon.colcon_ros.task.ament_cmake.build:Building ROS package in '/home/dars/kameyama_galactic_ws/src/cuboid_analysis' with build type 'ament_cmake'
[4.882s] INFO:colcon.colcon_cmake.task.cmake.build:Building CMake package in '/home/dars/kameyama_galactic_ws/src/cuboid_analysis'
[4.912s] INFO:colcon.colcon_core.plugin_system:Skipping extension 'colcon_core.shell.bat': Not used on non-Windows systems
[4.913s] INFO:colcon.colcon_core.shell:Skip shell extension 'powershell' for command environment: Not usable outside of PowerShell
[4.913s] DEBUG:colcon.colcon_core.shell:Skip shell extension 'dsv' for command environment
[4.919s] DEBUG:colcon.colcon_core.shell:Ignoring prefix path '/home/dars/hukumura/ros2024/devel'
[4.919s] DEBUG:colcon.colcon_core.shell:Ignoring prefix path '/home/dars/hukumura/ros/devel'
[4.920s] DEBUG:colcon.colcon_core.shell:Ignoring prefix path '/home/dars/ros2024/devel'
[4.923s] INFO:colcon.colcon_ros.task.ament_python.build:Building ROS package in '/home/dars/kameyama_galactic_ws/src/map_navigation2' with build type 'ament_python'
[4.924s] Level 1:colcon.colcon_core.shell:create_environment_hook('map_navigation2', 'ament_prefix_path')
[4.924s] INFO:colcon.colcon_core.shell:Creating environment hook '/home/dars/kameyama_galactic_ws/install/map_navigation2/share/map_navigation2/hook/ament_prefix_path.ps1'
[4.925s] INFO:colcon.colcon_core.shell:Creating environment descriptor '/home/dars/kameyama_galactic_ws/install/map_navigation2/share/map_navigation2/hook/ament_prefix_path.dsv'
[4.925s] INFO:colcon.colcon_core.shell:Creating environment hook '/home/dars/kameyama_galactic_ws/install/map_navigation2/share/map_navigation2/hook/ament_prefix_path.sh'
[4.926s] INFO:colcon.colcon_core.shell:Skip shell extension 'powershell' for command environment: Not usable outside of PowerShell
[4.926s] DEBUG:colcon.colcon_core.shell:Skip shell extension 'dsv' for command environment
[4.930s] DEBUG:colcon.colcon_core.shell:Ignoring prefix path '/home/dars/hukumura/ros2024/devel'
[4.930s] DEBUG:colcon.colcon_core.shell:Ignoring prefix path '/home/dars/hukumura/ros/devel'
[4.930s] DEBUG:colcon.colcon_core.shell:Ignoring prefix path '/home/dars/ros2024/devel'
[4.945s] DEBUG:colcon.colcon_core.event_handler.log_command:Invoking command in '/home/dars/kameyama_galactic_ws/build/cuboid_analysis': CMAKE_PREFIX_PATH=/home/dars/kameyama_galactic_ws/install/cuboid_analysis:/home/dars/ros2_basic_ws/install/image_pipeline:/home/dars/ros2_basic_ws/install/stereo_image_proc:/home/dars/ros2_basic_ws/install/image_proc:/home/dars/ros2_basic_ws/install/tracetools_image_pipeline:/home/dars/ros2_basic_ws/install/nav2_system_tests:/home/dars/ros2_basic_ws/install/nav2_bringup:/home/dars/ros2_basic_ws/install/slam_toolbox:/home/dars/ros2_basic_ws/install/realsense2_description:/home/dars/ros2_basic_ws/install/realsense2_camera:/home/dars/ros2_basic_ws/install/realsense2_camera_msgs:/home/dars/ros2_basic_ws/install/navigation2:/home/dars/ros2_basic_ws/install/nav2_dwb_controller:/home/dars/ros2_basic_ws/install/nav2_controller:/home/dars/ros2_basic_ws/install/dwb_plugins:/home/dars/ros2_basic_ws/install/dwb_critics:/home/dars/ros2_basic_ws/install/dwb_core:/home/dars/ros2_basic_ws/install/nav_2d_utils:/home/dars/ros2_basic_ws/install/dwb_msgs:/home/dars/ros2_basic_ws/install/nav_2d_msgs:/home/dars/ros2_basic_ws/install/nav2_waypoint_follower:/home/dars/ros2_basic_ws/install/nav2_theta_star_planner:/home/dars/ros2_basic_ws/install/nav2_smac_planner:/home/dars/ros2_basic_ws/install/nav2_rotation_shim_controller:/home/dars/ros2_basic_ws/install/nav2_regulated_pure_pursuit_controller:/home/dars/ros2_basic_ws/install/nav2_recoveries:/home/dars/ros2_basic_ws/install/nav2_planner:/home/dars/ros2_basic_ws/install/nav2_navfn_planner:/home/dars/ros2_basic_ws/install/nav2_bt_navigator:/home/dars/ros2_basic_ws/install/nav2_core:/home/dars/ros2_basic_ws/install/costmap_queue:/home/dars/ros2_basic_ws/install/nav2_costmap_2d:/home/dars/ros2_basic_ws/install/nav2_voxel_grid:/home/dars/ros2_basic_ws/install/nav2_rviz_plugins:/home/dars/ros2_basic_ws/install/nav2_map_server:/home/dars/ros2_basic_ws/install/nav2_lifecycle_manager:/home/dars/ros2_basic_ws/install/nav2_behavior_tree:/home/dars/ros2_basic_ws/install/nav2_amcl:/home/dars/ros2_basic_ws/install/nav2_util:/home/dars/ros2_basic_ws/install/nav2_msgs:/home/dars/ros2_basic_ws/install/nav2_common:/home/dars/ros2_basic_ws/install/moveit_msgs:/home/dars/ros2_basic_ws/install/image_view:/home/dars/ros2_basic_ws/install/image_rotate:/home/dars/ros2_basic_ws/install/image_publisher:/home/dars/ros2_basic_ws/install/groot:/home/dars/ros2_basic_ws/install/depth_image_proc:/home/dars/ros2_basic_ws/install/darknet_ros:/home/dars/ros2_basic_ws/install/darknet_ros_msgs:/home/dars/ros2_basic_ws/install/behaviortree_cpp_v3:/home/dars/kameyama_galactic_ws/install/map_navigation2:/home/dars/ros2_basic_ws/install/nav2_simple_commander:/home/dars/ros2_basic_ws/install/nav2_gazebo_spawner:/home/dars/ros2_basic_ws/install/camera_calibration:/opt/ros/galactic:/home/dars/hukumura/ros2024/devel:/home/dars/hukumura/hulumura/ros2024/devel:/home/dars/hukumura/ros/devel:/home/dars/ros2024/devel:/opt/ros/noetic /home/dars/.local/bin/cmake --build /home/dars/kameyama_galactic_ws/build/cuboid_analysis -- -j16 -l16
[5.187s] INFO:colcon.colcon_core.task.python.build:Building Python package in '/home/dars/kameyama_galactic_ws/src/map_navigation2'
[5.414s] INFO:colcon.colcon_core.shell:Skip shell extension 'powershell' for command environment: Not usable outside of PowerShell
[5.414s] DEBUG:colcon.colcon_core.shell:Skip shell extension 'dsv' for command environment
[5.420s] DEBUG:colcon.colcon_core.shell:Ignoring prefix path '/home/dars/hukumura/ros2024/devel'
[5.421s] DEBUG:colcon.colcon_core.shell:Ignoring prefix path '/home/dars/hukumura/ros/devel'
[5.421s] DEBUG:colcon.colcon_core.shell:Ignoring prefix path '/home/dars/ros2024/devel'
[5.694s] DEBUG:colcon.colcon_core.event_handler.log_command:Invoked command in '/home/dars/kameyama_galactic_ws/build/cuboid_analysis' returned '0': CMAKE_PREFIX_PATH=/home/dars/kameyama_galactic_ws/install/cuboid_analysis:/home/dars/ros2_basic_ws/install/image_pipeline:/home/dars/ros2_basic_ws/install/stereo_image_proc:/home/dars/ros2_basic_ws/install/image_proc:/home/dars/ros2_basic_ws/install/tracetools_image_pipeline:/home/dars/ros2_basic_ws/install/nav2_system_tests:/home/dars/ros2_basic_ws/install/nav2_bringup:/home/dars/ros2_basic_ws/install/slam_toolbox:/home/dars/ros2_basic_ws/install/realsense2_description:/home/dars/ros2_basic_ws/install/realsense2_camera:/home/dars/ros2_basic_ws/install/realsense2_camera_msgs:/home/dars/ros2_basic_ws/install/navigation2:/home/dars/ros2_basic_ws/install/nav2_dwb_controller:/home/dars/ros2_basic_ws/install/nav2_controller:/home/dars/ros2_basic_ws/install/dwb_plugins:/home/dars/ros2_basic_ws/install/dwb_critics:/home/dars/ros2_basic_ws/install/dwb_core:/home/dars/ros2_basic_ws/install/nav_2d_utils:/home/dars/ros2_basic_ws/install/dwb_msgs:/home/dars/ros2_basic_ws/install/nav_2d_msgs:/home/dars/ros2_basic_ws/install/nav2_waypoint_follower:/home/dars/ros2_basic_ws/install/nav2_theta_star_planner:/home/dars/ros2_basic_ws/install/nav2_smac_planner:/home/dars/ros2_basic_ws/install/nav2_rotation_shim_controller:/home/dars/ros2_basic_ws/install/nav2_regulated_pure_pursuit_controller:/home/dars/ros2_basic_ws/install/nav2_recoveries:/home/dars/ros2_basic_ws/install/nav2_planner:/home/dars/ros2_basic_ws/install/nav2_navfn_planner:/home/dars/ros2_basic_ws/install/nav2_bt_navigator:/home/dars/ros2_basic_ws/install/nav2_core:/home/dars/ros2_basic_ws/install/costmap_queue:/home/dars/ros2_basic_ws/install/nav2_costmap_2d:/home/dars/ros2_basic_ws/install/nav2_voxel_grid:/home/dars/ros2_basic_ws/install/nav2_rviz_plugins:/home/dars/ros2_basic_ws/install/nav2_map_server:/home/dars/ros2_basic_ws/install/nav2_lifecycle_manager:/home/dars/ros2_basic_ws/install/nav2_behavior_tree:/home/dars/ros2_basic_ws/install/nav2_amcl:/home/dars/ros2_basic_ws/install/nav2_util:/home/dars/ros2_basic_ws/install/nav2_msgs:/home/dars/ros2_basic_ws/install/nav2_common:/home/dars/ros2_basic_ws/install/moveit_msgs:/home/dars/ros2_basic_ws/install/image_view:/home/dars/ros2_basic_ws/install/image_rotate:/home/dars/ros2_basic_ws/install/image_publisher:/home/dars/ros2_basic_ws/install/groot:/home/dars/ros2_basic_ws/install/depth_image_proc:/home/dars/ros2_basic_ws/install/darknet_ros:/home/dars/ros2_basic_ws/install/darknet_ros_msgs:/home/dars/ros2_basic_ws/install/behaviortree_cpp_v3:/home/dars/kameyama_galactic_ws/install/map_navigation2:/home/dars/ros2_basic_ws/install/nav2_simple_commander:/home/dars/ros2_basic_ws/install/nav2_gazebo_spawner:/home/dars/ros2_basic_ws/install/camera_calibration:/opt/ros/galactic:/home/dars/hukumura/ros2024/devel:/home/dars/hukumura/hulumura/ros2024/devel:/home/dars/hukumura/ros/devel:/home/dars/ros2024/devel:/opt/ros/noetic /home/dars/.local/bin/cmake --build /home/dars/kameyama_galactic_ws/build/cuboid_analysis -- -j16 -l16
[5.841s] DEBUG:colcon.colcon_core.event_handler.log_command:Invoking command in '/home/dars/kameyama_galactic_ws/build/cuboid_analysis': CMAKE_PREFIX_PATH=/home/dars/kameyama_galactic_ws/install/cuboid_analysis:/home/dars/ros2_basic_ws/install/image_pipeline:/home/dars/ros2_basic_ws/install/stereo_image_proc:/home/dars/ros2_basic_ws/install/image_proc:/home/dars/ros2_basic_ws/install/tracetools_image_pipeline:/home/dars/ros2_basic_ws/install/nav2_system_tests:/home/dars/ros2_basic_ws/install/nav2_bringup:/home/dars/ros2_basic_ws/install/slam_toolbox:/home/dars/ros2_basic_ws/install/realsense2_description:/home/dars/ros2_basic_ws/install/realsense2_camera:/home/dars/ros2_basic_ws/install/realsense2_camera_msgs:/home/dars/ros2_basic_ws/install/navigation2:/home/dars/ros2_basic_ws/install/nav2_dwb_controller:/home/dars/ros2_basic_ws/install/nav2_controller:/home/dars/ros2_basic_ws/install/dwb_plugins:/home/dars/ros2_basic_ws/install/dwb_critics:/home/dars/ros2_basic_ws/install/dwb_core:/home/dars/ros2_basic_ws/install/nav_2d_utils:/home/dars/ros2_basic_ws/install/dwb_msgs:/home/dars/ros2_basic_ws/install/nav_2d_msgs:/home/dars/ros2_basic_ws/install/nav2_waypoint_follower:/home/dars/ros2_basic_ws/install/nav2_theta_star_planner:/home/dars/ros2_basic_ws/install/nav2_smac_planner:/home/dars/ros2_basic_ws/install/nav2_rotation_shim_controller:/home/dars/ros2_basic_ws/install/nav2_regulated_pure_pursuit_controller:/home/dars/ros2_basic_ws/install/nav2_recoveries:/home/dars/ros2_basic_ws/install/nav2_planner:/home/dars/ros2_basic_ws/install/nav2_navfn_planner:/home/dars/ros2_basic_ws/install/nav2_bt_navigator:/home/dars/ros2_basic_ws/install/nav2_core:/home/dars/ros2_basic_ws/install/costmap_queue:/home/dars/ros2_basic_ws/install/nav2_costmap_2d:/home/dars/ros2_basic_ws/install/nav2_voxel_grid:/home/dars/ros2_basic_ws/install/nav2_rviz_plugins:/home/dars/ros2_basic_ws/install/nav2_map_server:/home/dars/ros2_basic_ws/install/nav2_lifecycle_manager:/home/dars/ros2_basic_ws/install/nav2_behavior_tree:/home/dars/ros2_basic_ws/install/nav2_amcl:/home/dars/ros2_basic_ws/install/nav2_util:/home/dars/ros2_basic_ws/install/nav2_msgs:/home/dars/ros2_basic_ws/install/nav2_common:/home/dars/ros2_basic_ws/install/moveit_msgs:/home/dars/ros2_basic_ws/install/image_view:/home/dars/ros2_basic_ws/install/image_rotate:/home/dars/ros2_basic_ws/install/image_publisher:/home/dars/ros2_basic_ws/install/groot:/home/dars/ros2_basic_ws/install/depth_image_proc:/home/dars/ros2_basic_ws/install/darknet_ros:/home/dars/ros2_basic_ws/install/darknet_ros_msgs:/home/dars/ros2_basic_ws/install/behaviortree_cpp_v3:/home/dars/kameyama_galactic_ws/install/map_navigation2:/home/dars/ros2_basic_ws/install/nav2_simple_commander:/home/dars/ros2_basic_ws/install/nav2_gazebo_spawner:/home/dars/ros2_basic_ws/install/camera_calibration:/opt/ros/galactic:/home/dars/hukumura/ros2024/devel:/home/dars/hukumura/hulumura/ros2024/devel:/home/dars/hukumura/ros/devel:/home/dars/ros2024/devel:/opt/ros/noetic /home/dars/.local/bin/cmake --install /home/dars/kameyama_galactic_ws/build/cuboid_analysis
[5.941s] Level 1:colcon.colcon_core.environment:create_environment_scripts_only(cuboid_analysis)
[5.942s] DEBUG:colcon.colcon_core.event_handler.log_command:Invoked command in '/home/dars/kameyama_galactic_ws/build/cuboid_analysis' returned '0': CMAKE_PREFIX_PATH=/home/dars/kameyama_galactic_ws/install/cuboid_analysis:/home/dars/ros2_basic_ws/install/image_pipeline:/home/dars/ros2_basic_ws/install/stereo_image_proc:/home/dars/ros2_basic_ws/install/image_proc:/home/dars/ros2_basic_ws/install/tracetools_image_pipeline:/home/dars/ros2_basic_ws/install/nav2_system_tests:/home/dars/ros2_basic_ws/install/nav2_bringup:/home/dars/ros2_basic_ws/install/slam_toolbox:/home/dars/ros2_basic_ws/install/realsense2_description:/home/dars/ros2_basic_ws/install/realsense2_camera:/home/dars/ros2_basic_ws/install/realsense2_camera_msgs:/home/dars/ros2_basic_ws/install/navigation2:/home/dars/ros2_basic_ws/install/nav2_dwb_controller:/home/dars/ros2_basic_ws/install/nav2_controller:/home/dars/ros2_basic_ws/install/dwb_plugins:/home/dars/ros2_basic_ws/install/dwb_critics:/home/dars/ros2_basic_ws/install/dwb_core:/home/dars/ros2_basic_ws/install/nav_2d_utils:/home/dars/ros2_basic_ws/install/dwb_msgs:/home/dars/ros2_basic_ws/install/nav_2d_msgs:/home/dars/ros2_basic_ws/install/nav2_waypoint_follower:/home/dars/ros2_basic_ws/install/nav2_theta_star_planner:/home/dars/ros2_basic_ws/install/nav2_smac_planner:/home/dars/ros2_basic_ws/install/nav2_rotation_shim_controller:/home/dars/ros2_basic_ws/install/nav2_regulated_pure_pursuit_controller:/home/dars/ros2_basic_ws/install/nav2_recoveries:/home/dars/ros2_basic_ws/install/nav2_planner:/home/dars/ros2_basic_ws/install/nav2_navfn_planner:/home/dars/ros2_basic_ws/install/nav2_bt_navigator:/home/dars/ros2_basic_ws/install/nav2_core:/home/dars/ros2_basic_ws/install/costmap_queue:/home/dars/ros2_basic_ws/install/nav2_costmap_2d:/home/dars/ros2_basic_ws/install/nav2_voxel_grid:/home/dars/ros2_basic_ws/install/nav2_rviz_plugins:/home/dars/ros2_basic_ws/install/nav2_map_server:/home/dars/ros2_basic_ws/install/nav2_lifecycle_manager:/home/dars/ros2_basic_ws/install/nav2_behavior_tree:/home/dars/ros2_basic_ws/install/nav2_amcl:/home/dars/ros2_basic_ws/install/nav2_util:/home/dars/ros2_basic_ws/install/nav2_msgs:/home/dars/ros2_basic_ws/install/nav2_common:/home/dars/ros2_basic_ws/install/moveit_msgs:/home/dars/ros2_basic_ws/install/image_view:/home/dars/ros2_basic_ws/install/image_rotate:/home/dars/ros2_basic_ws/install/image_publisher:/home/dars/ros2_basic_ws/install/groot:/home/dars/ros2_basic_ws/install/depth_image_proc:/home/dars/ros2_basic_ws/install/darknet_ros:/home/dars/ros2_basic_ws/install/darknet_ros_msgs:/home/dars/ros2_basic_ws/install/behaviortree_cpp_v3:/home/dars/kameyama_galactic_ws/install/map_navigation2:/home/dars/ros2_basic_ws/install/nav2_simple_commander:/home/dars/ros2_basic_ws/install/nav2_gazebo_spawner:/home/dars/ros2_basic_ws/install/camera_calibration:/opt/ros/galactic:/home/dars/hukumura/ros2024/devel:/home/dars/hukumura/hulumura/ros2024/devel:/home/dars/hukumura/ros/devel:/home/dars/ros2024/devel:/opt/ros/noetic /home/dars/.local/bin/cmake --install /home/dars/kameyama_galactic_ws/build/cuboid_analysis
[5.983s] Level 1:colcon.colcon_core.environment:checking '/home/dars/kameyama_galactic_ws/install/cuboid_analysis' for CMake module files
[5.984s] Level 1:colcon.colcon_core.environment:checking '/home/dars/kameyama_galactic_ws/install/cuboid_analysis' for CMake config files
[5.984s] Level 1:colcon.colcon_core.shell:create_environment_hook('cuboid_analysis', 'cmake_prefix_path')
[5.984s] INFO:colcon.colcon_core.shell:Creating environment hook '/home/dars/kameyama_galactic_ws/install/cuboid_analysis/share/cuboid_analysis/hook/cmake_prefix_path.ps1'
[5.985s] INFO:colcon.colcon_core.shell:Creating environment descriptor '/home/dars/kameyama_galactic_ws/install/cuboid_analysis/share/cuboid_analysis/hook/cmake_prefix_path.dsv'
[5.985s] INFO:colcon.colcon_core.shell:Creating environment hook '/home/dars/kameyama_galactic_ws/install/cuboid_analysis/share/cuboid_analysis/hook/cmake_prefix_path.sh'
[5.985s] Level 1:colcon.colcon_core.environment:checking '/home/dars/kameyama_galactic_ws/install/cuboid_analysis/lib'
[5.986s] Level 1:colcon.colcon_core.environment:checking '/home/dars/kameyama_galactic_ws/install/cuboid_analysis/bin'
[5.986s] Level 1:colcon.colcon_core.environment:checking '/home/dars/kameyama_galactic_ws/install/cuboid_analysis/lib/pkgconfig/cuboid_analysis.pc'
[5.986s] Level 1:colcon.colcon_core.environment:checking '/home/dars/kameyama_galactic_ws/install/cuboid_analysis/lib/python3.8/site-packages'
[5.986s] Level 1:colcon.colcon_core.environment:checking '/home/dars/kameyama_galactic_ws/install/cuboid_analysis/bin'
[5.986s] INFO:colcon.colcon_core.shell:Creating package script '/home/dars/kameyama_galactic_ws/install/cuboid_analysis/share/cuboid_analysis/package.ps1'
[5.987s] INFO:colcon.colcon_core.shell:Creating package descriptor '/home/dars/kameyama_galactic_ws/install/cuboid_analysis/share/cuboid_analysis/package.dsv'
[5.987s] INFO:colcon.colcon_core.shell:Creating package script '/home/dars/kameyama_galactic_ws/install/cuboid_analysis/share/cuboid_analysis/package.sh'
[5.988s] INFO:colcon.colcon_core.shell:Creating package script '/home/dars/kameyama_galactic_ws/install/cuboid_analysis/share/cuboid_analysis/package.bash'
[5.989s] INFO:colcon.colcon_core.shell:Creating package script '/home/dars/kameyama_galactic_ws/install/cuboid_analysis/share/cuboid_analysis/package.zsh'
[5.989s] Level 1:colcon.colcon_core.environment:create_file_with_runtime_dependencies(/home/dars/kameyama_galactic_ws/install/cuboid_analysis/share/colcon-core/packages/cuboid_analysis)
[6.074s] Level 1:colcon.colcon_core.environment:create_environment_scripts_only(cuboid_analysis)
[6.074s] Level 1:colcon.colcon_core.environment:checking '/home/dars/kameyama_galactic_ws/install/cuboid_analysis' for CMake module files
[6.074s] Level 1:colcon.colcon_core.environment:checking '/home/dars/kameyama_galactic_ws/install/cuboid_analysis' for CMake config files
[6.075s] Level 1:colcon.colcon_core.shell:create_environment_hook('cuboid_analysis', 'cmake_prefix_path')
[6.075s] INFO:colcon.colcon_core.shell:Creating environment hook '/home/dars/kameyama_galactic_ws/install/cuboid_analysis/share/cuboid_analysis/hook/cmake_prefix_path.ps1'
[6.075s] INFO:colcon.colcon_core.shell:Creating environment descriptor '/home/dars/kameyama_galactic_ws/install/cuboid_analysis/share/cuboid_analysis/hook/cmake_prefix_path.dsv'
[6.076s] INFO:colcon.colcon_core.shell:Creating environment hook '/home/dars/kameyama_galactic_ws/install/cuboid_analysis/share/cuboid_analysis/hook/cmake_prefix_path.sh'
[6.076s] Level 1:colcon.colcon_core.environment:checking '/home/dars/kameyama_galactic_ws/install/cuboid_analysis/lib'
[6.076s] Level 1:colcon.colcon_core.environment:checking '/home/dars/kameyama_galactic_ws/install/cuboid_analysis/bin'
[6.076s] Level 1:colcon.colcon_core.environment:checking '/home/dars/kameyama_galactic_ws/install/cuboid_analysis/lib/pkgconfig/cuboid_analysis.pc'
[6.076s] Level 1:colcon.colcon_core.environment:checking '/home/dars/kameyama_galactic_ws/install/cuboid_analysis/lib/python3.8/site-packages'
[6.076s] Level 1:colcon.colcon_core.environment:checking '/home/dars/kameyama_galactic_ws/install/cuboid_analysis/bin'
[6.076s] INFO:colcon.colcon_core.shell:Creating package script '/home/dars/kameyama_galactic_ws/install/cuboid_analysis/share/cuboid_analysis/package.ps1'
[6.077s] INFO:colcon.colcon_core.shell:Creating package descriptor '/home/dars/kameyama_galactic_ws/install/cuboid_analysis/share/cuboid_analysis/package.dsv'
[6.077s] INFO:colcon.colcon_core.shell:Creating package script '/home/dars/kameyama_galactic_ws/install/cuboid_analysis/share/cuboid_analysis/package.sh'
[6.077s] INFO:colcon.colcon_core.shell:Creating package script '/home/dars/kameyama_galactic_ws/install/cuboid_analysis/share/cuboid_analysis/package.bash'
[6.077s] INFO:colcon.colcon_core.shell:Creating package script '/home/dars/kameyama_galactic_ws/install/cuboid_analysis/share/cuboid_analysis/package.zsh'
[6.078s] Level 1:colcon.colcon_core.environment:create_file_with_runtime_dependencies(/home/dars/kameyama_galactic_ws/install/cuboid_analysis/share/colcon-core/packages/cuboid_analysis)
[7.471s] DEBUG:colcon.colcon_core.event_handler.log_command:Invoking command in '/home/dars/kameyama_galactic_ws/src/map_navigation2': PYTHONPATH=/home/dars/kameyama_galactic_ws/build/map_navigation2/prefix_override:/home/dars/kameyama_galactic_ws/install/map_navigation2/lib/python3.8/site-packages:${PYTHONPATH} /usr/bin/python3 -W ignore:setup.py install is deprecated setup.py egg_info --egg-base ../../build/map_navigation2 build --build-base /home/dars/kameyama_galactic_ws/build/map_navigation2/build install --record /home/dars/kameyama_galactic_ws/build/map_navigation2/install.log --single-version-externally-managed install_data
[8.190s] Level 1:colcon.colcon_core.environment:checking '/home/dars/kameyama_galactic_ws/install/map_navigation2' for CMake module files
[8.191s] DEBUG:colcon.colcon_core.event_handler.log_command:Invoked command in '/home/dars/kameyama_galactic_ws/src/map_navigation2' returned '0': PYTHONPATH=/home/dars/kameyama_galactic_ws/build/map_navigation2/prefix_override:/home/dars/kameyama_galactic_ws/install/map_navigation2/lib/python3.8/site-packages:${PYTHONPATH} /usr/bin/python3 -W ignore:setup.py install is deprecated setup.py egg_info --egg-base ../../build/map_navigation2 build --build-base /home/dars/kameyama_galactic_ws/build/map_navigation2/build install --record /home/dars/kameyama_galactic_ws/build/map_navigation2/install.log --single-version-externally-managed install_data
[8.191s] Level 1:colcon.colcon_core.environment:checking '/home/dars/kameyama_galactic_ws/install/map_navigation2' for CMake config files
[8.192s] Level 1:colcon.colcon_core.environment:checking '/home/dars/kameyama_galactic_ws/install/map_navigation2/lib'
[8.192s] Level 1:colcon.colcon_core.environment:checking '/home/dars/kameyama_galactic_ws/install/map_navigation2/bin'
[8.192s] Level 1:colcon.colcon_core.environment:checking '/home/dars/kameyama_galactic_ws/install/map_navigation2/lib/pkgconfig/map_navigation2.pc'
[8.192s] Level 1:colcon.colcon_core.environment:checking '/home/dars/kameyama_galactic_ws/install/map_navigation2/lib/python3.8/site-packages'
[8.192s] Level 1:colcon.colcon_core.shell:create_environment_hook('map_navigation2', 'pythonpath')
[8.192s] INFO:colcon.colcon_core.shell:Creating environment hook '/home/dars/kameyama_galactic_ws/install/map_navigation2/share/map_navigation2/hook/pythonpath.ps1'
[8.193s] INFO:colcon.colcon_core.shell:Creating environment descriptor '/home/dars/kameyama_galactic_ws/install/map_navigation2/share/map_navigation2/hook/pythonpath.dsv'
[8.193s] INFO:colcon.colcon_core.shell:Creating environment hook '/home/dars/kameyama_galactic_ws/install/map_navigation2/share/map_navigation2/hook/pythonpath.sh'
[8.194s] Level 1:colcon.colcon_core.environment:checking '/home/dars/kameyama_galactic_ws/install/map_navigation2/bin'
[8.194s] Level 1:colcon.colcon_core.environment:create_environment_scripts_only(map_navigation2)
[8.194s] INFO:colcon.colcon_core.shell:Creating package script '/home/dars/kameyama_galactic_ws/install/map_navigation2/share/map_navigation2/package.ps1'
[8.194s] INFO:colcon.colcon_core.shell:Creating package descriptor '/home/dars/kameyama_galactic_ws/install/map_navigation2/share/map_navigation2/package.dsv'
[8.195s] INFO:colcon.colcon_core.shell:Creating package script '/home/dars/kameyama_galactic_ws/install/map_navigation2/share/map_navigation2/package.sh'
[8.195s] INFO:colcon.colcon_core.shell:Creating package script '/home/dars/kameyama_galactic_ws/install/map_navigation2/share/map_navigation2/package.bash'
[8.195s] INFO:colcon.colcon_core.shell:Creating package script '/home/dars/kameyama_galactic_ws/install/map_navigation2/share/map_navigation2/package.zsh'
[8.195s] Level 1:colcon.colcon_core.environment:create_file_with_runtime_dependencies(/home/dars/kameyama_galactic_ws/install/map_navigation2/share/colcon-core/packages/map_navigation2)
[8.196s] DEBUG:colcon.colcon_parallel_executor.executor.parallel:closing loop
[8.196s] DEBUG:colcon.colcon_parallel_executor.executor.parallel:loop closed
[8.196s] DEBUG:colcon.colcon_parallel_executor.executor.parallel:run_until_complete finished with '0'
[8.196s] DEBUG:colcon.colcon_core.event_reactor:joining thread
[8.225s] INFO:colcon.colcon_core.plugin_system:Skipping extension 'colcon_notification.desktop_notification.terminal_notifier': Not used on non-Darwin systems
[8.225s] INFO:colcon.colcon_core.plugin_system:Skipping extension 'colcon_notification.desktop_notification.win32': Not used on non-Windows systems
[8.225s] INFO:colcon.colcon_notification.desktop_notification:Sending desktop notification using 'notify2'
[8.361s] DEBUG:colcon.colcon_core.event_reactor:joined thread
[8.362s] INFO:colcon.colcon_core.shell:Creating prefix script '/home/dars/kameyama_galactic_ws/install/local_setup.ps1'
[8.392s] INFO:colcon.colcon_core.shell:Creating prefix util module '/home/dars/kameyama_galactic_ws/install/_local_setup_util_ps1.py'
[8.393s] INFO:colcon.colcon_core.shell:Creating prefix chain script '/home/dars/kameyama_galactic_ws/install/setup.ps1'
[8.425s] INFO:colcon.colcon_core.shell:Creating prefix script '/home/dars/kameyama_galactic_ws/install/local_setup.sh'
[8.426s] INFO:colcon.colcon_core.shell:Creating prefix util module '/home/dars/kameyama_galactic_ws/install/_local_setup_util_sh.py'
[8.426s] INFO:colcon.colcon_core.shell:Creating prefix chain script '/home/dars/kameyama_galactic_ws/install/setup.sh'
[8.456s] INFO:colcon.colcon_core.shell:Creating prefix script '/home/dars/kameyama_galactic_ws/install/local_setup.bash'
[8.458s] INFO:colcon.colcon_core.shell:Creating prefix chain script '/home/dars/kameyama_galactic_ws/install/setup.bash'
[8.500s] INFO:colcon.colcon_core.shell:Creating prefix script '/home/dars/kameyama_galactic_ws/install/local_setup.zsh'
[8.502s] INFO:colcon.colcon_core.shell:Creating prefix chain script '/home/dars/kameyama_galactic_ws/install/setup.zsh'
