[1.112s] DEBUG:colcon:Command line arguments: ['/usr/bin/colcon', 'build']
[1.112s] DEBUG:colcon:Parsed command line arguments: Namespace(allow_overriding=[], ament_cmake_args=None, base_paths=['.'], build_base='build', catkin_cmake_args=None, catkin_skip_building_tests=False, cmake_args=None, cmake_clean_cache=False, cmake_clean_first=False, cmake_force_configure=False, cmake_target=None, cmake_target_skip_unavailable=False, continue_on_error=False, event_handlers=None, executor='parallel', ignore_user_meta=False, install_base='install', log_base=None, log_level=None, main=<bound method BuildVerb.main of <colcon_core.verb.build.BuildVerb object at 0x7f5396191370>>, merge_install=False, metas=['./colcon.meta'], mixin=None, mixin_files=None, mixin_verb=('build',), packages_above=None, packages_above_and_dependencies=None, packages_above_depth=None, packages_end=None, packages_ignore=None, packages_ignore_regex=None, packages_select=None, packages_select_build_failed=False, packages_select_by_dep=None, packages_select_regex=None, packages_select_test_failures=False, packages_skip=None, packages_skip_build_finished=False, packages_skip_by_dep=None, packages_skip_regex=None, packages_skip_test_passed=False, packages_skip_up_to=None, packages_start=None, packages_up_to=None, packages_up_to_regex=None, parallel_workers=16, paths=None, symlink_install=False, test_result_base=None, verb_extension=<colcon_core.verb.build.BuildVerb object at 0x7f5396191370>, verb_name='build', verb_parser=<colcon_mixin.mixin.mixin_argument.MixinArgumentDecorator object at 0x7f53960d9d60>)
[1.293s] Level 1:colcon.colcon_core.package_discovery:discover_packages(colcon_meta) check parameters
[1.293s] Level 1:colcon.colcon_core.package_discovery:discover_packages(recursive) check parameters
[1.293s] Level 1:colcon.colcon_core.package_discovery:discover_packages(ignore) check parameters
[1.293s] Level 1:colcon.colcon_core.package_discovery:discover_packages(path) check parameters
[1.293s] Level 1:colcon.colcon_core.package_discovery:discover_packages(colcon_meta) discover
[1.293s] Level 1:colcon.colcon_core.package_discovery:discover_packages(recursive) discover
[1.294s] INFO:colcon.colcon_core.package_discovery:Crawling recursively for packages in '/home/dars/kameyama_galactic_ws'
[1.294s] Level 1:colcon.colcon_core.package_identification:_identify(.) by extensions ['ignore', 'ignore_ament_install']
[1.294s] Level 1:colcon.colcon_core.package_identification:_identify(.) by extension 'ignore'
[1.294s] Level 1:colcon.colcon_core.package_identification:_identify(.) by extension 'ignore_ament_install'
[1.295s] Level 1:colcon.colcon_core.package_identification:_identify(.) by extensions ['colcon_pkg']
[1.295s] Level 1:colcon.colcon_core.package_identification:_identify(.) by extension 'colcon_pkg'
[1.295s] Level 1:colcon.colcon_core.package_identification:_identify(.) by extensions ['colcon_meta']
[1.295s] Level 1:colcon.colcon_core.package_identification:_identify(.) by extension 'colcon_meta'
[1.295s] Level 1:colcon.colcon_core.package_identification:_identify(.) by extensions ['ros']
[1.295s] Level 1:colcon.colcon_core.package_identification:_identify(.) by extension 'ros'
[1.346s] Level 1:colcon.colcon_core.package_identification:_identify(.) by extensions ['cmake', 'python']
[1.346s] Level 1:colcon.colcon_core.package_identification:_identify(.) by extension 'cmake'
[1.346s] Level 1:colcon.colcon_core.package_identification:_identify(.) by extension 'python'
[1.347s] Level 1:colcon.colcon_core.package_identification:_identify(.) by extensions ['python_setup_py']
[1.347s] Level 1:colcon.colcon_core.package_identification:_identify(.) by extension 'python_setup_py'
[1.347s] Level 1:colcon.colcon_core.package_identification:_identify(build) by extensions ['ignore', 'ignore_ament_install']
[1.347s] Level 1:colcon.colcon_core.package_identification:_identify(build) by extension 'ignore'
[1.347s] Level 1:colcon.colcon_core.package_identification:_identify(build) ignored
[1.348s] Level 1:colcon.colcon_core.package_identification:_identify(install) by extensions ['ignore', 'ignore_ament_install']
[1.348s] Level 1:colcon.colcon_core.package_identification:_identify(install) by extension 'ignore'
[1.348s] Level 1:colcon.colcon_core.package_identification:_identify(install) ignored
[1.349s] Level 1:colcon.colcon_core.package_identification:_identify(log) by extensions ['ignore', 'ignore_ament_install']
[1.349s] Level 1:colcon.colcon_core.package_identification:_identify(log) by extension 'ignore'
[1.349s] Level 1:colcon.colcon_core.package_identification:_identify(log) ignored
[1.349s] Level 1:colcon.colcon_core.package_identification:_identify(src) by extensions ['ignore', 'ignore_ament_install']
[1.349s] Level 1:colcon.colcon_core.package_identification:_identify(src) by extension 'ignore'
[1.350s] Level 1:colcon.colcon_core.package_identification:_identify(src) by extension 'ignore_ament_install'
[1.350s] Level 1:colcon.colcon_core.package_identification:_identify(src) by extensions ['colcon_pkg']
[1.350s] Level 1:colcon.colcon_core.package_identification:_identify(src) by extension 'colcon_pkg'
[1.350s] Level 1:colcon.colcon_core.package_identification:_identify(src) by extensions ['colcon_meta']
[1.350s] Level 1:colcon.colcon_core.package_identification:_identify(src) by extension 'colcon_meta'
[1.350s] Level 1:colcon.colcon_core.package_identification:_identify(src) by extensions ['ros']
[1.350s] Level 1:colcon.colcon_core.package_identification:_identify(src) by extension 'ros'
[1.351s] Level 1:colcon.colcon_core.package_identification:_identify(src) by extensions ['cmake', 'python']
[1.351s] Level 1:colcon.colcon_core.package_identification:_identify(src) by extension 'cmake'
[1.351s] Level 1:colcon.colcon_core.package_identification:_identify(src) by extension 'python'
[1.351s] Level 1:colcon.colcon_core.package_identification:_identify(src) by extensions ['python_setup_py']
[1.351s] Level 1:colcon.colcon_core.package_identification:_identify(src) by extension 'python_setup_py'
[1.351s] Level 1:colcon.colcon_core.package_identification:_identify(src/cuboid_analysis) by extensions ['ignore', 'ignore_ament_install']
[1.352s] Level 1:colcon.colcon_core.package_identification:_identify(src/cuboid_analysis) by extension 'ignore'
[1.352s] Level 1:colcon.colcon_core.package_identification:_identify(src/cuboid_analysis) by extension 'ignore_ament_install'
[1.352s] Level 1:colcon.colcon_core.package_identification:_identify(src/cuboid_analysis) by extensions ['colcon_pkg']
[1.352s] Level 1:colcon.colcon_core.package_identification:_identify(src/cuboid_analysis) by extension 'colcon_pkg'
[1.352s] Level 1:colcon.colcon_core.package_identification:_identify(src/cuboid_analysis) by extensions ['colcon_meta']
[1.352s] Level 1:colcon.colcon_core.package_identification:_identify(src/cuboid_analysis) by extension 'colcon_meta'
[1.352s] Level 1:colcon.colcon_core.package_identification:_identify(src/cuboid_analysis) by extensions ['ros']
[1.352s] Level 1:colcon.colcon_core.package_identification:_identify(src/cuboid_analysis) by extension 'ros'
[1.360s] DEBUG:colcon.colcon_core.package_identification:Package 'src/cuboid_analysis' with type 'ros.ament_cmake' and name 'cuboid_analysis'
[1.361s] Level 1:colcon.colcon_core.package_identification:_identify(src/map_navigation2) by extensions ['ignore', 'ignore_ament_install']
[1.361s] Level 1:colcon.colcon_core.package_identification:_identify(src/map_navigation2) by extension 'ignore'
[1.361s] Level 1:colcon.colcon_core.package_identification:_identify(src/map_navigation2) by extension 'ignore_ament_install'
[1.361s] Level 1:colcon.colcon_core.package_identification:_identify(src/map_navigation2) by extensions ['colcon_pkg']
[1.361s] Level 1:colcon.colcon_core.package_identification:_identify(src/map_navigation2) by extension 'colcon_pkg'
[1.362s] Level 1:colcon.colcon_core.package_identification:_identify(src/map_navigation2) by extensions ['colcon_meta']
[1.362s] Level 1:colcon.colcon_core.package_identification:_identify(src/map_navigation2) by extension 'colcon_meta'
[1.362s] Level 1:colcon.colcon_core.package_identification:_identify(src/map_navigation2) by extensions ['ros']
[1.362s] Level 1:colcon.colcon_core.package_identification:_identify(src/map_navigation2) by extension 'ros'
[1.364s] DEBUG:colcon.colcon_core.package_identification:Package 'src/map_navigation2' with type 'ros.ament_python' and name 'map_navigation2'
[1.364s] Level 1:colcon.colcon_core.package_discovery:discover_packages(recursive) using defaults
[1.364s] Level 1:colcon.colcon_core.package_discovery:discover_packages(ignore) discover
[1.364s] Level 1:colcon.colcon_core.package_discovery:discover_packages(ignore) using defaults
[1.365s] Level 1:colcon.colcon_core.package_discovery:discover_packages(path) discover
[1.365s] Level 1:colcon.colcon_core.package_discovery:discover_packages(path) using defaults
[1.438s] Level 1:colcon.colcon_core.package_discovery:discover_packages(prefix_path) check parameters
[1.438s] Level 1:colcon.colcon_core.package_discovery:discover_packages(prefix_path) discover
[1.448s] DEBUG:colcon.colcon_installed_package_information.package_discovery:Found 2 installed packages in /home/dars/kameyama_galactic_ws/install
[1.454s] DEBUG:colcon.colcon_installed_package_information.package_discovery:Found 52 installed packages in /home/dars/ros2_basic_ws/install
[1.459s] DEBUG:colcon.colcon_installed_package_information.package_discovery:Found 300 installed packages in /opt/ros/galactic
[1.467s] DEBUG:colcon.colcon_installed_package_information.package_discovery:Found 3 installed packages in /opt/ros/noetic
[1.467s] Level 1:colcon.colcon_core.package_discovery:discover_packages(prefix_path) using defaults
[1.686s] Level 5:colcon.colcon_core.verb:set package 'cuboid_analysis' build argument 'cmake_args' from command line to 'None'
[1.687s] Level 5:colcon.colcon_core.verb:set package 'cuboid_analysis' build argument 'cmake_target' from command line to 'None'
[1.687s] Level 5:colcon.colcon_core.verb:set package 'cuboid_analysis' build argument 'cmake_target_skip_unavailable' from command line to 'False'
[1.687s] Level 5:colcon.colcon_core.verb:set package 'cuboid_analysis' build argument 'cmake_clean_cache' from command line to 'False'
[1.687s] Level 5:colcon.colcon_core.verb:set package 'cuboid_analysis' build argument 'cmake_clean_first' from command line to 'False'
[1.687s] Level 5:colcon.colcon_core.verb:set package 'cuboid_analysis' build argument 'cmake_force_configure' from command line to 'False'
[1.687s] Level 5:colcon.colcon_core.verb:set package 'cuboid_analysis' build argument 'ament_cmake_args' from command line to 'None'
[1.687s] Level 5:colcon.colcon_core.verb:set package 'cuboid_analysis' build argument 'catkin_cmake_args' from command line to 'None'
[1.687s] Level 5:colcon.colcon_core.verb:set package 'cuboid_analysis' build argument 'catkin_skip_building_tests' from command line to 'False'
[1.687s] DEBUG:colcon.colcon_core.verb:Building package 'cuboid_analysis' with the following arguments: {'ament_cmake_args': None, 'build_base': '/home/dars/kameyama_galactic_ws/build/cuboid_analysis', 'catkin_cmake_args': None, 'catkin_skip_building_tests': False, 'cmake_args': None, 'cmake_clean_cache': False, 'cmake_clean_first': False, 'cmake_force_configure': False, 'cmake_target': None, 'cmake_target_skip_unavailable': False, 'install_base': '/home/dars/kameyama_galactic_ws/install/cuboid_analysis', 'merge_install': False, 'path': '/home/dars/kameyama_galactic_ws/src/cuboid_analysis', 'symlink_install': False, 'test_result_base': None}
[1.689s] Level 5:colcon.colcon_core.verb:set package 'map_navigation2' build argument 'cmake_args' from command line to 'None'
[1.689s] Level 5:colcon.colcon_core.verb:set package 'map_navigation2' build argument 'cmake_target' from command line to 'None'
[1.689s] Level 5:colcon.colcon_core.verb:set package 'map_navigation2' build argument 'cmake_target_skip_unavailable' from command line to 'False'
[1.689s] Level 5:colcon.colcon_core.verb:set package 'map_navigation2' build argument 'cmake_clean_cache' from command line to 'False'
[1.689s] Level 5:colcon.colcon_core.verb:set package 'map_navigation2' build argument 'cmake_clean_first' from command line to 'False'
[1.689s] Level 5:colcon.colcon_core.verb:set package 'map_navigation2' build argument 'cmake_force_configure' from command line to 'False'
[1.689s] Level 5:colcon.colcon_core.verb:set package 'map_navigation2' build argument 'ament_cmake_args' from command line to 'None'
[1.689s] Level 5:colcon.colcon_core.verb:set package 'map_navigation2' build argument 'catkin_cmake_args' from command line to 'None'
[1.689s] Level 5:colcon.colcon_core.verb:set package 'map_navigation2' build argument 'catkin_skip_building_tests' from command line to 'False'
[1.689s] DEBUG:colcon.colcon_core.verb:Building package 'map_navigation2' with the following arguments: {'ament_cmake_args': None, 'build_base': '/home/dars/kameyama_galactic_ws/build/map_navigation2', 'catkin_cmake_args': None, 'catkin_skip_building_tests': False, 'cmake_args': None, 'cmake_clean_cache': False, 'cmake_clean_first': False, 'cmake_force_configure': False, 'cmake_target': None, 'cmake_target_skip_unavailable': False, 'install_base': '/home/dars/kameyama_galactic_ws/install/map_navigation2', 'merge_install': False, 'path': '/home/dars/kameyama_galactic_ws/src/map_navigation2', 'symlink_install': False, 'test_result_base': None}
[1.690s] INFO:colcon.colcon_core.executor:Executing jobs using 'parallel' executor
[1.693s] DEBUG:colcon.colcon_parallel_executor.executor.parallel:run_until_complete
[1.693s] INFO:colcon.colcon_ros.task.ament_cmake.build:Building ROS package in '/home/dars/kameyama_galactic_ws/src/cuboid_analysis' with build type 'ament_cmake'
[1.694s] INFO:colcon.colcon_cmake.task.cmake.build:Building CMake package in '/home/dars/kameyama_galactic_ws/src/cuboid_analysis'
[1.702s] INFO:colcon.colcon_core.plugin_system:Skipping extension 'colcon_core.shell.bat': Not used on non-Windows systems
[1.702s] INFO:colcon.colcon_core.shell:Skip shell extension 'powershell' for command environment: Not usable outside of PowerShell
[1.702s] DEBUG:colcon.colcon_core.shell:Skip shell extension 'dsv' for command environment
[1.719s] DEBUG:colcon.colcon_core.shell:Ignoring prefix path '/home/dars/hukumura/ros2024/devel'
[1.720s] DEBUG:colcon.colcon_core.shell:Ignoring prefix path '/home/dars/hukumura/ros/devel'
[1.721s] DEBUG:colcon.colcon_core.shell:Ignoring prefix path '/home/dars/ros2024/devel'
[1.729s] INFO:colcon.colcon_ros.task.ament_python.build:Building ROS package in '/home/dars/kameyama_galactic_ws/src/map_navigation2' with build type 'ament_python'
[1.730s] Level 1:colcon.colcon_core.shell:create_environment_hook('map_navigation2', 'ament_prefix_path')
[1.731s] INFO:colcon.colcon_core.shell:Creating environment hook '/home/dars/kameyama_galactic_ws/install/map_navigation2/share/map_navigation2/hook/ament_prefix_path.ps1'
[1.734s] INFO:colcon.colcon_core.shell:Creating environment descriptor '/home/dars/kameyama_galactic_ws/install/map_navigation2/share/map_navigation2/hook/ament_prefix_path.dsv'
[1.735s] INFO:colcon.colcon_core.shell:Creating environment hook '/home/dars/kameyama_galactic_ws/install/map_navigation2/share/map_navigation2/hook/ament_prefix_path.sh'
[1.738s] INFO:colcon.colcon_core.shell:Skip shell extension 'powershell' for command environment: Not usable outside of PowerShell
[1.738s] DEBUG:colcon.colcon_core.shell:Skip shell extension 'dsv' for command environment
[1.756s] DEBUG:colcon.colcon_core.shell:Ignoring prefix path '/home/dars/hukumura/ros2024/devel'
[1.756s] DEBUG:colcon.colcon_core.shell:Ignoring prefix path '/home/dars/hukumura/ros/devel'
[1.757s] DEBUG:colcon.colcon_core.shell:Ignoring prefix path '/home/dars/ros2024/devel'
[1.791s] DEBUG:colcon.colcon_core.event_handler.log_command:Invoking command in '/home/dars/kameyama_galactic_ws/build/cuboid_analysis': CMAKE_PREFIX_PATH=/home/dars/kameyama_galactic_ws/install/cuboid_analysis:/home/dars/ros2_basic_ws/install/image_pipeline:/home/dars/ros2_basic_ws/install/stereo_image_proc:/home/dars/ros2_basic_ws/install/image_proc:/home/dars/ros2_basic_ws/install/tracetools_image_pipeline:/home/dars/ros2_basic_ws/install/nav2_system_tests:/home/dars/ros2_basic_ws/install/nav2_bringup:/home/dars/ros2_basic_ws/install/slam_toolbox:/home/dars/ros2_basic_ws/install/realsense2_description:/home/dars/ros2_basic_ws/install/realsense2_camera:/home/dars/ros2_basic_ws/install/realsense2_camera_msgs:/home/dars/ros2_basic_ws/install/navigation2:/home/dars/ros2_basic_ws/install/nav2_dwb_controller:/home/dars/ros2_basic_ws/install/nav2_controller:/home/dars/ros2_basic_ws/install/dwb_plugins:/home/dars/ros2_basic_ws/install/dwb_critics:/home/dars/ros2_basic_ws/install/dwb_core:/home/dars/ros2_basic_ws/install/nav_2d_utils:/home/dars/ros2_basic_ws/install/dwb_msgs:/home/dars/ros2_basic_ws/install/nav_2d_msgs:/home/dars/ros2_basic_ws/install/nav2_waypoint_follower:/home/dars/ros2_basic_ws/install/nav2_theta_star_planner:/home/dars/ros2_basic_ws/install/nav2_smac_planner:/home/dars/ros2_basic_ws/install/nav2_rotation_shim_controller:/home/dars/ros2_basic_ws/install/nav2_regulated_pure_pursuit_controller:/home/dars/ros2_basic_ws/install/nav2_recoveries:/home/dars/ros2_basic_ws/install/nav2_planner:/home/dars/ros2_basic_ws/install/nav2_navfn_planner:/home/dars/ros2_basic_ws/install/nav2_bt_navigator:/home/dars/ros2_basic_ws/install/nav2_core:/home/dars/ros2_basic_ws/install/costmap_queue:/home/dars/ros2_basic_ws/install/nav2_costmap_2d:/home/dars/ros2_basic_ws/install/nav2_voxel_grid:/home/dars/ros2_basic_ws/install/nav2_rviz_plugins:/home/dars/ros2_basic_ws/install/nav2_map_server:/home/dars/ros2_basic_ws/install/nav2_lifecycle_manager:/home/dars/ros2_basic_ws/install/nav2_behavior_tree:/home/dars/ros2_basic_ws/install/nav2_amcl:/home/dars/ros2_basic_ws/install/nav2_util:/home/dars/ros2_basic_ws/install/nav2_msgs:/home/dars/ros2_basic_ws/install/nav2_common:/home/dars/ros2_basic_ws/install/moveit_msgs:/home/dars/ros2_basic_ws/install/image_view:/home/dars/ros2_basic_ws/install/image_rotate:/home/dars/ros2_basic_ws/install/image_publisher:/home/dars/ros2_basic_ws/install/groot:/home/dars/ros2_basic_ws/install/depth_image_proc:/home/dars/ros2_basic_ws/install/darknet_ros:/home/dars/ros2_basic_ws/install/darknet_ros_msgs:/home/dars/ros2_basic_ws/install/behaviortree_cpp_v3:/home/dars/kameyama_galactic_ws/install/map_navigation2:/home/dars/ros2_basic_ws/install/nav2_simple_commander:/home/dars/ros2_basic_ws/install/nav2_gazebo_spawner:/home/dars/ros2_basic_ws/install/camera_calibration:/opt/ros/galactic:/home/dars/hukumura/ros2024/devel:/home/dars/hukumura/hulumura/ros2024/devel:/home/dars/hukumura/ros/devel:/home/dars/ros2024/devel:/opt/ros/noetic /home/dars/.local/bin/cmake --build /home/dars/kameyama_galactic_ws/build/cuboid_analysis -- -j16 -l16
[2.668s] INFO:colcon.colcon_core.task.python.build:Building Python package in '/home/dars/kameyama_galactic_ws/src/map_navigation2'
[2.669s] INFO:colcon.colcon_core.shell:Skip shell extension 'powershell' for command environment: Not usable outside of PowerShell
[2.669s] DEBUG:colcon.colcon_core.shell:Skip shell extension 'dsv' for command environment
[2.688s] DEBUG:colcon.colcon_core.shell:Ignoring prefix path '/home/dars/hukumura/ros2024/devel'
[2.688s] DEBUG:colcon.colcon_core.shell:Ignoring prefix path '/home/dars/hukumura/ros/devel'
[2.689s] DEBUG:colcon.colcon_core.shell:Ignoring prefix path '/home/dars/ros2024/devel'
[2.706s] DEBUG:colcon.colcon_core.event_handler.log_command:Invoked command in '/home/dars/kameyama_galactic_ws/build/cuboid_analysis' returned '0': CMAKE_PREFIX_PATH=/home/dars/kameyama_galactic_ws/install/cuboid_analysis:/home/dars/ros2_basic_ws/install/image_pipeline:/home/dars/ros2_basic_ws/install/stereo_image_proc:/home/dars/ros2_basic_ws/install/image_proc:/home/dars/ros2_basic_ws/install/tracetools_image_pipeline:/home/dars/ros2_basic_ws/install/nav2_system_tests:/home/dars/ros2_basic_ws/install/nav2_bringup:/home/dars/ros2_basic_ws/install/slam_toolbox:/home/dars/ros2_basic_ws/install/realsense2_description:/home/dars/ros2_basic_ws/install/realsense2_camera:/home/dars/ros2_basic_ws/install/realsense2_camera_msgs:/home/dars/ros2_basic_ws/install/navigation2:/home/dars/ros2_basic_ws/install/nav2_dwb_controller:/home/dars/ros2_basic_ws/install/nav2_controller:/home/dars/ros2_basic_ws/install/dwb_plugins:/home/dars/ros2_basic_ws/install/dwb_critics:/home/dars/ros2_basic_ws/install/dwb_core:/home/dars/ros2_basic_ws/install/nav_2d_utils:/home/dars/ros2_basic_ws/install/dwb_msgs:/home/dars/ros2_basic_ws/install/nav_2d_msgs:/home/dars/ros2_basic_ws/install/nav2_waypoint_follower:/home/dars/ros2_basic_ws/install/nav2_theta_star_planner:/home/dars/ros2_basic_ws/install/nav2_smac_planner:/home/dars/ros2_basic_ws/install/nav2_rotation_shim_controller:/home/dars/ros2_basic_ws/install/nav2_regulated_pure_pursuit_controller:/home/dars/ros2_basic_ws/install/nav2_recoveries:/home/dars/ros2_basic_ws/install/nav2_planner:/home/dars/ros2_basic_ws/install/nav2_navfn_planner:/home/dars/ros2_basic_ws/install/nav2_bt_navigator:/home/dars/ros2_basic_ws/install/nav2_core:/home/dars/ros2_basic_ws/install/costmap_queue:/home/dars/ros2_basic_ws/install/nav2_costmap_2d:/home/dars/ros2_basic_ws/install/nav2_voxel_grid:/home/dars/ros2_basic_ws/install/nav2_rviz_plugins:/home/dars/ros2_basic_ws/install/nav2_map_server:/home/dars/ros2_basic_ws/install/nav2_lifecycle_manager:/home/dars/ros2_basic_ws/install/nav2_behavior_tree:/home/dars/ros2_basic_ws/install/nav2_amcl:/home/dars/ros2_basic_ws/install/nav2_util:/home/dars/ros2_basic_ws/install/nav2_msgs:/home/dars/ros2_basic_ws/install/nav2_common:/home/dars/ros2_basic_ws/install/moveit_msgs:/home/dars/ros2_basic_ws/install/image_view:/home/dars/ros2_basic_ws/install/image_rotate:/home/dars/ros2_basic_ws/install/image_publisher:/home/dars/ros2_basic_ws/install/groot:/home/dars/ros2_basic_ws/install/depth_image_proc:/home/dars/ros2_basic_ws/install/darknet_ros:/home/dars/ros2_basic_ws/install/darknet_ros_msgs:/home/dars/ros2_basic_ws/install/behaviortree_cpp_v3:/home/dars/kameyama_galactic_ws/install/map_navigation2:/home/dars/ros2_basic_ws/install/nav2_simple_commander:/home/dars/ros2_basic_ws/install/nav2_gazebo_spawner:/home/dars/ros2_basic_ws/install/camera_calibration:/opt/ros/galactic:/home/dars/hukumura/ros2024/devel:/home/dars/hukumura/hulumura/ros2024/devel:/home/dars/hukumura/ros/devel:/home/dars/ros2024/devel:/opt/ros/noetic /home/dars/.local/bin/cmake --build /home/dars/kameyama_galactic_ws/build/cuboid_analysis -- -j16 -l16
[3.153s] DEBUG:colcon.colcon_core.event_handler.log_command:Invoking command in '/home/dars/kameyama_galactic_ws/build/cuboid_analysis': CMAKE_PREFIX_PATH=/home/dars/kameyama_galactic_ws/install/cuboid_analysis:/home/dars/ros2_basic_ws/install/image_pipeline:/home/dars/ros2_basic_ws/install/stereo_image_proc:/home/dars/ros2_basic_ws/install/image_proc:/home/dars/ros2_basic_ws/install/tracetools_image_pipeline:/home/dars/ros2_basic_ws/install/nav2_system_tests:/home/dars/ros2_basic_ws/install/nav2_bringup:/home/dars/ros2_basic_ws/install/slam_toolbox:/home/dars/ros2_basic_ws/install/realsense2_description:/home/dars/ros2_basic_ws/install/realsense2_camera:/home/dars/ros2_basic_ws/install/realsense2_camera_msgs:/home/dars/ros2_basic_ws/install/navigation2:/home/dars/ros2_basic_ws/install/nav2_dwb_controller:/home/dars/ros2_basic_ws/install/nav2_controller:/home/dars/ros2_basic_ws/install/dwb_plugins:/home/dars/ros2_basic_ws/install/dwb_critics:/home/dars/ros2_basic_ws/install/dwb_core:/home/dars/ros2_basic_ws/install/nav_2d_utils:/home/dars/ros2_basic_ws/install/dwb_msgs:/home/dars/ros2_basic_ws/install/nav_2d_msgs:/home/dars/ros2_basic_ws/install/nav2_waypoint_follower:/home/dars/ros2_basic_ws/install/nav2_theta_star_planner:/home/dars/ros2_basic_ws/install/nav2_smac_planner:/home/dars/ros2_basic_ws/install/nav2_rotation_shim_controller:/home/dars/ros2_basic_ws/install/nav2_regulated_pure_pursuit_controller:/home/dars/ros2_basic_ws/install/nav2_recoveries:/home/dars/ros2_basic_ws/install/nav2_planner:/home/dars/ros2_basic_ws/install/nav2_navfn_planner:/home/dars/ros2_basic_ws/install/nav2_bt_navigator:/home/dars/ros2_basic_ws/install/nav2_core:/home/dars/ros2_basic_ws/install/costmap_queue:/home/dars/ros2_basic_ws/install/nav2_costmap_2d:/home/dars/ros2_basic_ws/install/nav2_voxel_grid:/home/dars/ros2_basic_ws/install/nav2_rviz_plugins:/home/dars/ros2_basic_ws/install/nav2_map_server:/home/dars/ros2_basic_ws/install/nav2_lifecycle_manager:/home/dars/ros2_basic_ws/install/nav2_behavior_tree:/home/dars/ros2_basic_ws/install/nav2_amcl:/home/dars/ros2_basic_ws/install/nav2_util:/home/dars/ros2_basic_ws/install/nav2_msgs:/home/dars/ros2_basic_ws/install/nav2_common:/home/dars/ros2_basic_ws/install/moveit_msgs:/home/dars/ros2_basic_ws/install/image_view:/home/dars/ros2_basic_ws/install/image_rotate:/home/dars/ros2_basic_ws/install/image_publisher:/home/dars/ros2_basic_ws/install/groot:/home/dars/ros2_basic_ws/install/depth_image_proc:/home/dars/ros2_basic_ws/install/darknet_ros:/home/dars/ros2_basic_ws/install/darknet_ros_msgs:/home/dars/ros2_basic_ws/install/behaviortree_cpp_v3:/home/dars/kameyama_galactic_ws/install/map_navigation2:/home/dars/ros2_basic_ws/install/nav2_simple_commander:/home/dars/ros2_basic_ws/install/nav2_gazebo_spawner:/home/dars/ros2_basic_ws/install/camera_calibration:/opt/ros/galactic:/home/dars/hukumura/ros2024/devel:/home/dars/hukumura/hulumura/ros2024/devel:/home/dars/hukumura/ros/devel:/home/dars/ros2024/devel:/opt/ros/noetic /home/dars/.local/bin/cmake --install /home/dars/kameyama_galactic_ws/build/cuboid_analysis
[3.337s] Level 1:colcon.colcon_core.environment:create_environment_scripts_only(cuboid_analysis)
[3.341s] DEBUG:colcon.colcon_core.event_handler.log_command:Invoked command in '/home/dars/kameyama_galactic_ws/build/cuboid_analysis' returned '0': CMAKE_PREFIX_PATH=/home/dars/kameyama_galactic_ws/install/cuboid_analysis:/home/dars/ros2_basic_ws/install/image_pipeline:/home/dars/ros2_basic_ws/install/stereo_image_proc:/home/dars/ros2_basic_ws/install/image_proc:/home/dars/ros2_basic_ws/install/tracetools_image_pipeline:/home/dars/ros2_basic_ws/install/nav2_system_tests:/home/dars/ros2_basic_ws/install/nav2_bringup:/home/dars/ros2_basic_ws/install/slam_toolbox:/home/dars/ros2_basic_ws/install/realsense2_description:/home/dars/ros2_basic_ws/install/realsense2_camera:/home/dars/ros2_basic_ws/install/realsense2_camera_msgs:/home/dars/ros2_basic_ws/install/navigation2:/home/dars/ros2_basic_ws/install/nav2_dwb_controller:/home/dars/ros2_basic_ws/install/nav2_controller:/home/dars/ros2_basic_ws/install/dwb_plugins:/home/dars/ros2_basic_ws/install/dwb_critics:/home/dars/ros2_basic_ws/install/dwb_core:/home/dars/ros2_basic_ws/install/nav_2d_utils:/home/dars/ros2_basic_ws/install/dwb_msgs:/home/dars/ros2_basic_ws/install/nav_2d_msgs:/home/dars/ros2_basic_ws/install/nav2_waypoint_follower:/home/dars/ros2_basic_ws/install/nav2_theta_star_planner:/home/dars/ros2_basic_ws/install/nav2_smac_planner:/home/dars/ros2_basic_ws/install/nav2_rotation_shim_controller:/home/dars/ros2_basic_ws/install/nav2_regulated_pure_pursuit_controller:/home/dars/ros2_basic_ws/install/nav2_recoveries:/home/dars/ros2_basic_ws/install/nav2_planner:/home/dars/ros2_basic_ws/install/nav2_navfn_planner:/home/dars/ros2_basic_ws/install/nav2_bt_navigator:/home/dars/ros2_basic_ws/install/nav2_core:/home/dars/ros2_basic_ws/install/costmap_queue:/home/dars/ros2_basic_ws/install/nav2_costmap_2d:/home/dars/ros2_basic_ws/install/nav2_voxel_grid:/home/dars/ros2_basic_ws/install/nav2_rviz_plugins:/home/dars/ros2_basic_ws/install/nav2_map_server:/home/dars/ros2_basic_ws/install/nav2_lifecycle_manager:/home/dars/ros2_basic_ws/install/nav2_behavior_tree:/home/dars/ros2_basic_ws/install/nav2_amcl:/home/dars/ros2_basic_ws/install/nav2_util:/home/dars/ros2_basic_ws/install/nav2_msgs:/home/dars/ros2_basic_ws/install/nav2_common:/home/dars/ros2_basic_ws/install/moveit_msgs:/home/dars/ros2_basic_ws/install/image_view:/home/dars/ros2_basic_ws/install/image_rotate:/home/dars/ros2_basic_ws/install/image_publisher:/home/dars/ros2_basic_ws/install/groot:/home/dars/ros2_basic_ws/install/depth_image_proc:/home/dars/ros2_basic_ws/install/darknet_ros:/home/dars/ros2_basic_ws/install/darknet_ros_msgs:/home/dars/ros2_basic_ws/install/behaviortree_cpp_v3:/home/dars/kameyama_galactic_ws/install/map_navigation2:/home/dars/ros2_basic_ws/install/nav2_simple_commander:/home/dars/ros2_basic_ws/install/nav2_gazebo_spawner:/home/dars/ros2_basic_ws/install/camera_calibration:/opt/ros/galactic:/home/dars/hukumura/ros2024/devel:/home/dars/hukumura/hulumura/ros2024/devel:/home/dars/hukumura/ros/devel:/home/dars/ros2024/devel:/opt/ros/noetic /home/dars/.local/bin/cmake --install /home/dars/kameyama_galactic_ws/build/cuboid_analysis
[3.348s] Level 1:colcon.colcon_core.environment:checking '/home/dars/kameyama_galactic_ws/install/cuboid_analysis' for CMake module files
[3.350s] Level 1:colcon.colcon_core.environment:checking '/home/dars/kameyama_galactic_ws/install/cuboid_analysis' for CMake config files
[3.350s] Level 1:colcon.colcon_core.shell:create_environment_hook('cuboid_analysis', 'cmake_prefix_path')
[3.351s] INFO:colcon.colcon_core.shell:Creating environment hook '/home/dars/kameyama_galactic_ws/install/cuboid_analysis/share/cuboid_analysis/hook/cmake_prefix_path.ps1'
[3.353s] INFO:colcon.colcon_core.shell:Creating environment descriptor '/home/dars/kameyama_galactic_ws/install/cuboid_analysis/share/cuboid_analysis/hook/cmake_prefix_path.dsv'
[3.354s] INFO:colcon.colcon_core.shell:Creating environment hook '/home/dars/kameyama_galactic_ws/install/cuboid_analysis/share/cuboid_analysis/hook/cmake_prefix_path.sh'
[3.356s] Level 1:colcon.colcon_core.environment:checking '/home/dars/kameyama_galactic_ws/install/cuboid_analysis/lib'
[3.357s] Level 1:colcon.colcon_core.environment:checking '/home/dars/kameyama_galactic_ws/install/cuboid_analysis/bin'
[3.357s] Level 1:colcon.colcon_core.environment:checking '/home/dars/kameyama_galactic_ws/install/cuboid_analysis/lib/pkgconfig/cuboid_analysis.pc'
[3.358s] Level 1:colcon.colcon_core.environment:checking '/home/dars/kameyama_galactic_ws/install/cuboid_analysis/lib/python3.8/site-packages'
[3.358s] Level 1:colcon.colcon_core.environment:checking '/home/dars/kameyama_galactic_ws/install/cuboid_analysis/bin'
[3.359s] INFO:colcon.colcon_core.shell:Creating package script '/home/dars/kameyama_galactic_ws/install/cuboid_analysis/share/cuboid_analysis/package.ps1'
[3.362s] INFO:colcon.colcon_core.shell:Creating package descriptor '/home/dars/kameyama_galactic_ws/install/cuboid_analysis/share/cuboid_analysis/package.dsv'
[3.364s] INFO:colcon.colcon_core.shell:Creating package script '/home/dars/kameyama_galactic_ws/install/cuboid_analysis/share/cuboid_analysis/package.sh'
[3.366s] INFO:colcon.colcon_core.shell:Creating package script '/home/dars/kameyama_galactic_ws/install/cuboid_analysis/share/cuboid_analysis/package.bash'
[3.368s] INFO:colcon.colcon_core.shell:Creating package script '/home/dars/kameyama_galactic_ws/install/cuboid_analysis/share/cuboid_analysis/package.zsh'
[3.370s] Level 1:colcon.colcon_core.environment:create_file_with_runtime_dependencies(/home/dars/kameyama_galactic_ws/install/cuboid_analysis/share/colcon-core/packages/cuboid_analysis)
[3.654s] Level 1:colcon.colcon_core.environment:create_environment_scripts_only(cuboid_analysis)
[3.655s] Level 1:colcon.colcon_core.environment:checking '/home/dars/kameyama_galactic_ws/install/cuboid_analysis' for CMake module files
[3.657s] Level 1:colcon.colcon_core.environment:checking '/home/dars/kameyama_galactic_ws/install/cuboid_analysis' for CMake config files
[3.657s] Level 1:colcon.colcon_core.shell:create_environment_hook('cuboid_analysis', 'cmake_prefix_path')
[3.658s] INFO:colcon.colcon_core.shell:Creating environment hook '/home/dars/kameyama_galactic_ws/install/cuboid_analysis/share/cuboid_analysis/hook/cmake_prefix_path.ps1'
[3.659s] INFO:colcon.colcon_core.shell:Creating environment descriptor '/home/dars/kameyama_galactic_ws/install/cuboid_analysis/share/cuboid_analysis/hook/cmake_prefix_path.dsv'
[3.660s] INFO:colcon.colcon_core.shell:Creating environment hook '/home/dars/kameyama_galactic_ws/install/cuboid_analysis/share/cuboid_analysis/hook/cmake_prefix_path.sh'
[3.662s] Level 1:colcon.colcon_core.environment:checking '/home/dars/kameyama_galactic_ws/install/cuboid_analysis/lib'
[3.662s] Level 1:colcon.colcon_core.environment:checking '/home/dars/kameyama_galactic_ws/install/cuboid_analysis/bin'
[3.662s] Level 1:colcon.colcon_core.environment:checking '/home/dars/kameyama_galactic_ws/install/cuboid_analysis/lib/pkgconfig/cuboid_analysis.pc'
[3.663s] Level 1:colcon.colcon_core.environment:checking '/home/dars/kameyama_galactic_ws/install/cuboid_analysis/lib/python3.8/site-packages'
[3.664s] Level 1:colcon.colcon_core.environment:checking '/home/dars/kameyama_galactic_ws/install/cuboid_analysis/bin'
[3.665s] INFO:colcon.colcon_core.shell:Creating package script '/home/dars/kameyama_galactic_ws/install/cuboid_analysis/share/cuboid_analysis/package.ps1'
[3.666s] INFO:colcon.colcon_core.shell:Creating package descriptor '/home/dars/kameyama_galactic_ws/install/cuboid_analysis/share/cuboid_analysis/package.dsv'
[3.668s] INFO:colcon.colcon_core.shell:Creating package script '/home/dars/kameyama_galactic_ws/install/cuboid_analysis/share/cuboid_analysis/package.sh'
[3.669s] INFO:colcon.colcon_core.shell:Creating package script '/home/dars/kameyama_galactic_ws/install/cuboid_analysis/share/cuboid_analysis/package.bash'
[3.670s] INFO:colcon.colcon_core.shell:Creating package script '/home/dars/kameyama_galactic_ws/install/cuboid_analysis/share/cuboid_analysis/package.zsh'
[3.671s] Level 1:colcon.colcon_core.environment:create_file_with_runtime_dependencies(/home/dars/kameyama_galactic_ws/install/cuboid_analysis/share/colcon-core/packages/cuboid_analysis)
[5.483s] DEBUG:colcon.colcon_core.event_handler.log_command:Invoking command in '/home/dars/kameyama_galactic_ws/src/map_navigation2': PYTHONPATH=/home/dars/kameyama_galactic_ws/build/map_navigation2/prefix_override:/home/dars/kameyama_galactic_ws/install/map_navigation2/lib/python3.8/site-packages:${PYTHONPATH} /usr/bin/python3 -W ignore:setup.py install is deprecated setup.py egg_info --egg-base ../../build/map_navigation2 build --build-base /home/dars/kameyama_galactic_ws/build/map_navigation2/build install --record /home/dars/kameyama_galactic_ws/build/map_navigation2/install.log --single-version-externally-managed install_data
[7.900s] Level 1:colcon.colcon_core.environment:checking '/home/dars/kameyama_galactic_ws/install/map_navigation2' for CMake module files
[7.902s] DEBUG:colcon.colcon_core.event_handler.log_command:Invoked command in '/home/dars/kameyama_galactic_ws/src/map_navigation2' returned '0': PYTHONPATH=/home/dars/kameyama_galactic_ws/build/map_navigation2/prefix_override:/home/dars/kameyama_galactic_ws/install/map_navigation2/lib/python3.8/site-packages:${PYTHONPATH} /usr/bin/python3 -W ignore:setup.py install is deprecated setup.py egg_info --egg-base ../../build/map_navigation2 build --build-base /home/dars/kameyama_galactic_ws/build/map_navigation2/build install --record /home/dars/kameyama_galactic_ws/build/map_navigation2/install.log --single-version-externally-managed install_data
[7.903s] Level 1:colcon.colcon_core.environment:checking '/home/dars/kameyama_galactic_ws/install/map_navigation2' for CMake config files
[7.905s] Level 1:colcon.colcon_core.environment:checking '/home/dars/kameyama_galactic_ws/install/map_navigation2/lib'
[7.905s] Level 1:colcon.colcon_core.environment:checking '/home/dars/kameyama_galactic_ws/install/map_navigation2/bin'
[7.906s] Level 1:colcon.colcon_core.environment:checking '/home/dars/kameyama_galactic_ws/install/map_navigation2/lib/pkgconfig/map_navigation2.pc'
[7.906s] Level 1:colcon.colcon_core.environment:checking '/home/dars/kameyama_galactic_ws/install/map_navigation2/lib/python3.8/site-packages'
[7.906s] Level 1:colcon.colcon_core.shell:create_environment_hook('map_navigation2', 'pythonpath')
[7.907s] INFO:colcon.colcon_core.shell:Creating environment hook '/home/dars/kameyama_galactic_ws/install/map_navigation2/share/map_navigation2/hook/pythonpath.ps1'
[7.909s] INFO:colcon.colcon_core.shell:Creating environment descriptor '/home/dars/kameyama_galactic_ws/install/map_navigation2/share/map_navigation2/hook/pythonpath.dsv'
[7.910s] INFO:colcon.colcon_core.shell:Creating environment hook '/home/dars/kameyama_galactic_ws/install/map_navigation2/share/map_navigation2/hook/pythonpath.sh'
[7.911s] Level 1:colcon.colcon_core.environment:checking '/home/dars/kameyama_galactic_ws/install/map_navigation2/bin'
[7.912s] Level 1:colcon.colcon_core.environment:create_environment_scripts_only(map_navigation2)
[7.913s] INFO:colcon.colcon_core.shell:Creating package script '/home/dars/kameyama_galactic_ws/install/map_navigation2/share/map_navigation2/package.ps1'
[7.914s] INFO:colcon.colcon_core.shell:Creating package descriptor '/home/dars/kameyama_galactic_ws/install/map_navigation2/share/map_navigation2/package.dsv'
[7.915s] INFO:colcon.colcon_core.shell:Creating package script '/home/dars/kameyama_galactic_ws/install/map_navigation2/share/map_navigation2/package.sh'
[7.917s] INFO:colcon.colcon_core.shell:Creating package script '/home/dars/kameyama_galactic_ws/install/map_navigation2/share/map_navigation2/package.bash'
[7.918s] INFO:colcon.colcon_core.shell:Creating package script '/home/dars/kameyama_galactic_ws/install/map_navigation2/share/map_navigation2/package.zsh'
[7.918s] Level 1:colcon.colcon_core.environment:create_file_with_runtime_dependencies(/home/dars/kameyama_galactic_ws/install/map_navigation2/share/colcon-core/packages/map_navigation2)
[7.919s] DEBUG:colcon.colcon_parallel_executor.executor.parallel:closing loop
[7.920s] DEBUG:colcon.colcon_parallel_executor.executor.parallel:loop closed
[7.920s] DEBUG:colcon.colcon_parallel_executor.executor.parallel:run_until_complete finished with '0'
[7.920s] DEBUG:colcon.colcon_core.event_reactor:joining thread
[7.940s] INFO:colcon.colcon_core.plugin_system:Skipping extension 'colcon_notification.desktop_notification.terminal_notifier': Not used on non-Darwin systems
[7.941s] INFO:colcon.colcon_core.plugin_system:Skipping extension 'colcon_notification.desktop_notification.win32': Not used on non-Windows systems
[7.941s] INFO:colcon.colcon_notification.desktop_notification:Sending desktop notification using 'notify2'
[7.985s] DEBUG:colcon.colcon_core.event_reactor:joined thread
[7.987s] INFO:colcon.colcon_core.shell:Creating prefix script '/home/dars/kameyama_galactic_ws/install/local_setup.ps1'
[7.989s] INFO:colcon.colcon_core.shell:Creating prefix util module '/home/dars/kameyama_galactic_ws/install/_local_setup_util_ps1.py'
[7.993s] INFO:colcon.colcon_core.shell:Creating prefix chain script '/home/dars/kameyama_galactic_ws/install/setup.ps1'
[8.002s] INFO:colcon.colcon_core.shell:Creating prefix script '/home/dars/kameyama_galactic_ws/install/local_setup.sh'
[8.004s] INFO:colcon.colcon_core.shell:Creating prefix util module '/home/dars/kameyama_galactic_ws/install/_local_setup_util_sh.py'
[8.005s] INFO:colcon.colcon_core.shell:Creating prefix chain script '/home/dars/kameyama_galactic_ws/install/setup.sh'
[8.014s] INFO:colcon.colcon_core.shell:Creating prefix script '/home/dars/kameyama_galactic_ws/install/local_setup.bash'
[8.015s] INFO:colcon.colcon_core.shell:Creating prefix chain script '/home/dars/kameyama_galactic_ws/install/setup.bash'
[8.024s] INFO:colcon.colcon_core.shell:Creating prefix script '/home/dars/kameyama_galactic_ws/install/local_setup.zsh'
[8.025s] INFO:colcon.colcon_core.shell:Creating prefix chain script '/home/dars/kameyama_galactic_ws/install/setup.zsh'
