/home/dars/kameyama_galactic_ws/install/map_navigation2/lib/python3.8/site-packages/map_navigation2/second_move_robot.py
/home/dars/kameyama_galactic_ws/install/map_navigation2/lib/python3.8/site-packages/map_navigation2/path_uncertainty.py
/home/dars/kameyama_galactic_ws/install/map_navigation2/lib/python3.8/site-packages/map_navigation2/move_robot.py
/home/dars/kameyama_galactic_ws/install/map_navigation2/lib/python3.8/site-packages/map_navigation2/circle_movement.py
/home/dars/kameyama_galactic_ws/install/map_navigation2/lib/python3.8/site-packages/map_navigation2/camera.py
/home/dars/kameyama_galactic_ws/install/map_navigation2/lib/python3.8/site-packages/map_navigation2/changetopicname.py
/home/dars/kameyama_galactic_ws/install/map_navigation2/lib/python3.8/site-packages/map_navigation2/__init__.py
/home/dars/kameyama_galactic_ws/install/map_navigation2/lib/python3.8/site-packages/map_navigation2/picture_tracking.py
/home/dars/kameyama_galactic_ws/install/map_navigation2/lib/python3.8/site-packages/map_navigation2/tf2twist.py
/home/dars/kameyama_galactic_ws/install/map_navigation2/lib/python3.8/site-packages/map_navigation2/world.py
/home/dars/kameyama_galactic_ws/install/map_navigation2/lib/python3.8/site-packages/map_navigation2/__pycache__/second_move_robot.cpython-38.pyc
/home/dars/kameyama_galactic_ws/install/map_navigation2/lib/python3.8/site-packages/map_navigation2/__pycache__/path_uncertainty.cpython-38.pyc
/home/dars/kameyama_galactic_ws/install/map_navigation2/lib/python3.8/site-packages/map_navigation2/__pycache__/move_robot.cpython-38.pyc
/home/dars/kameyama_galactic_ws/install/map_navigation2/lib/python3.8/site-packages/map_navigation2/__pycache__/circle_movement.cpython-38.pyc
/home/dars/kameyama_galactic_ws/install/map_navigation2/lib/python3.8/site-packages/map_navigation2/__pycache__/camera.cpython-38.pyc
/home/dars/kameyama_galactic_ws/install/map_navigation2/lib/python3.8/site-packages/map_navigation2/__pycache__/changetopicname.cpython-38.pyc
/home/dars/kameyama_galactic_ws/install/map_navigation2/lib/python3.8/site-packages/map_navigation2/__pycache__/__init__.cpython-38.pyc
/home/dars/kameyama_galactic_ws/install/map_navigation2/lib/python3.8/site-packages/map_navigation2/__pycache__/picture_tracking.cpython-38.pyc
/home/dars/kameyama_galactic_ws/install/map_navigation2/lib/python3.8/site-packages/map_navigation2/__pycache__/tf2twist.cpython-38.pyc
/home/dars/kameyama_galactic_ws/install/map_navigation2/lib/python3.8/site-packages/map_navigation2/__pycache__/world.cpython-38.pyc
/home/dars/kameyama_galactic_ws/install/map_navigation2/share/ament_index/resource_index/packages/map_navigation2
/home/dars/kameyama_galactic_ws/install/map_navigation2/share/map_navigation2/package.xml
/home/dars/kameyama_galactic_ws/install/map_navigation2/share/map_navigation2/circle_movement_launch.py
/home/dars/kameyama_galactic_ws/install/map_navigation2/share/map_navigation2/changetopicname_launch.py
/home/dars/kameyama_galactic_ws/install/map_navigation2/share/map_navigation2/world_launch.py
/home/dars/kameyama_galactic_ws/install/map_navigation2/share/map_navigation2/move_robot_launch.py
/home/dars/kameyama_galactic_ws/install/map_navigation2/share/map_navigation2/second_move_robot_launch.py
/home/dars/kameyama_galactic_ws/install/map_navigation2/share/map_navigation2/camera_launch.py
/home/dars/kameyama_galactic_ws/install/map_navigation2/share/map_navigation2/picture_tracking_launch.py
/home/dars/kameyama_galactic_ws/install/map_navigation2/share/map_navigation2/tf2twist_launch.py
/home/dars/kameyama_galactic_ws/install/map_navigation2/share/map_navigation2/path_uncertainty_launch.py
/home/dars/kameyama_galactic_ws/install/map_navigation2/lib/python3.8/site-packages/map_navigation2-0.0.0-py3.8.egg-info/top_level.txt
/home/dars/kameyama_galactic_ws/install/map_navigation2/lib/python3.8/site-packages/map_navigation2-0.0.0-py3.8.egg-info/zip-safe
/home/dars/kameyama_galactic_ws/install/map_navigation2/lib/python3.8/site-packages/map_navigation2-0.0.0-py3.8.egg-info/requires.txt
/home/dars/kameyama_galactic_ws/install/map_navigation2/lib/python3.8/site-packages/map_navigation2-0.0.0-py3.8.egg-info/dependency_links.txt
/home/dars/kameyama_galactic_ws/install/map_navigation2/lib/python3.8/site-packages/map_navigation2-0.0.0-py3.8.egg-info/entry_points.txt
/home/dars/kameyama_galactic_ws/install/map_navigation2/lib/python3.8/site-packages/map_navigation2-0.0.0-py3.8.egg-info/PKG-INFO
/home/dars/kameyama_galactic_ws/install/map_navigation2/lib/python3.8/site-packages/map_navigation2-0.0.0-py3.8.egg-info/SOURCES.txt
/home/dars/kameyama_galactic_ws/install/map_navigation2/lib/map_navigation2/camera
/home/dars/kameyama_galactic_ws/install/map_navigation2/lib/map_navigation2/changetopicname
/home/dars/kameyama_galactic_ws/install/map_navigation2/lib/map_navigation2/circle_movement
/home/dars/kameyama_galactic_ws/install/map_navigation2/lib/map_navigation2/move_robot
/home/dars/kameyama_galactic_ws/install/map_navigation2/lib/map_navigation2/path_uncertainty
/home/dars/kameyama_galactic_ws/install/map_navigation2/lib/map_navigation2/picture_tracking
/home/dars/kameyama_galactic_ws/install/map_navigation2/lib/map_navigation2/second_move_robot
/home/dars/kameyama_galactic_ws/install/map_navigation2/lib/map_navigation2/tf2twist
/home/dars/kameyama_galactic_ws/install/map_navigation2/lib/map_navigation2/world
