[8.874s] DEBUG:colcon:Command line arguments: ['/usr/bin/colcon', 'build']
[8.874s] DEBUG:colcon:Parsed command line arguments: Namespace(allow_overriding=[], ament_cmake_args=None, base_paths=['.'], build_base='build', catkin_cmake_args=None, catkin_skip_building_tests=False, cmake_args=None, cmake_clean_cache=False, cmake_clean_first=False, cmake_force_configure=False, cmake_target=None, cmake_target_skip_unavailable=False, continue_on_error=False, event_handlers=None, executor='parallel', ignore_user_meta=False, install_base='install', log_base=None, log_level=None, main=<bound method BuildVerb.main of <colcon_core.verb.build.BuildVerb object at 0x7fb5080fd370>>, merge_install=False, metas=['./colcon.meta'], mixin=None, mixin_files=None, mixin_verb=('build',), packages_above=None, packages_above_and_dependencies=None, packages_above_depth=None, packages_end=None, packages_ignore=None, packages_ignore_regex=None, packages_select=None, packages_select_build_failed=False, packages_select_by_dep=None, packages_select_regex=None, packages_select_test_failures=False, packages_skip=None, packages_skip_build_finished=False, packages_skip_by_dep=None, packages_skip_regex=None, packages_skip_test_passed=False, packages_skip_up_to=None, packages_start=None, packages_up_to=None, packages_up_to_regex=None, parallel_workers=16, paths=None, symlink_install=False, test_result_base=None, verb_extension=<colcon_core.verb.build.BuildVerb object at 0x7fb5080fd370>, verb_name='build', verb_parser=<colcon_mixin.mixin.mixin_argument.MixinArgumentDecorator object at 0x7fb508045d60>)
[8.952s] Level 1:colcon.colcon_core.package_discovery:discover_packages(colcon_meta) check parameters
[8.953s] Level 1:colcon.colcon_core.package_discovery:discover_packages(recursive) check parameters
[8.953s] Level 1:colcon.colcon_core.package_discovery:discover_packages(ignore) check parameters
[8.953s] Level 1:colcon.colcon_core.package_discovery:discover_packages(path) check parameters
[8.953s] Level 1:colcon.colcon_core.package_discovery:discover_packages(colcon_meta) discover
[8.953s] Level 1:colcon.colcon_core.package_discovery:discover_packages(recursive) discover
[8.953s] INFO:colcon.colcon_core.package_discovery:Crawling recursively for packages in '/home/dars/kameyama_galactic_ws'
[8.953s] Level 1:colcon.colcon_core.package_identification:_identify(.) by extensions ['ignore', 'ignore_ament_install']
[8.953s] Level 1:colcon.colcon_core.package_identification:_identify(.) by extension 'ignore'
[8.954s] Level 1:colcon.colcon_core.package_identification:_identify(.) by extension 'ignore_ament_install'
[8.954s] Level 1:colcon.colcon_core.package_identification:_identify(.) by extensions ['colcon_pkg']
[8.954s] Level 1:colcon.colcon_core.package_identification:_identify(.) by extension 'colcon_pkg'
[8.954s] Level 1:colcon.colcon_core.package_identification:_identify(.) by extensions ['colcon_meta']
[8.954s] Level 1:colcon.colcon_core.package_identification:_identify(.) by extension 'colcon_meta'
[8.954s] Level 1:colcon.colcon_core.package_identification:_identify(.) by extensions ['ros']
[8.954s] Level 1:colcon.colcon_core.package_identification:_identify(.) by extension 'ros'
[8.970s] Level 1:colcon.colcon_core.package_identification:_identify(.) by extensions ['cmake', 'python']
[8.971s] Level 1:colcon.colcon_core.package_identification:_identify(.) by extension 'cmake'
[8.971s] Level 1:colcon.colcon_core.package_identification:_identify(.) by extension 'python'
[8.971s] Level 1:colcon.colcon_core.package_identification:_identify(.) by extensions ['python_setup_py']
[8.971s] Level 1:colcon.colcon_core.package_identification:_identify(.) by extension 'python_setup_py'
[8.971s] Level 1:colcon.colcon_core.package_identification:_identify(build) by extensions ['ignore', 'ignore_ament_install']
[8.971s] Level 1:colcon.colcon_core.package_identification:_identify(build) by extension 'ignore'
[8.971s] Level 1:colcon.colcon_core.package_identification:_identify(build) ignored
[8.971s] Level 1:colcon.colcon_core.package_identification:_identify(install) by extensions ['ignore', 'ignore_ament_install']
[8.971s] Level 1:colcon.colcon_core.package_identification:_identify(install) by extension 'ignore'
[8.971s] Level 1:colcon.colcon_core.package_identification:_identify(install) ignored
[8.971s] Level 1:colcon.colcon_core.package_identification:_identify(log) by extensions ['ignore', 'ignore_ament_install']
[8.971s] Level 1:colcon.colcon_core.package_identification:_identify(log) by extension 'ignore'
[8.971s] Level 1:colcon.colcon_core.package_identification:_identify(log) ignored
[8.971s] Level 1:colcon.colcon_core.package_identification:_identify(src) by extensions ['ignore', 'ignore_ament_install']
[8.971s] Level 1:colcon.colcon_core.package_identification:_identify(src) by extension 'ignore'
[8.971s] Level 1:colcon.colcon_core.package_identification:_identify(src) by extension 'ignore_ament_install'
[8.971s] Level 1:colcon.colcon_core.package_identification:_identify(src) by extensions ['colcon_pkg']
[8.971s] Level 1:colcon.colcon_core.package_identification:_identify(src) by extension 'colcon_pkg'
[8.971s] Level 1:colcon.colcon_core.package_identification:_identify(src) by extensions ['colcon_meta']
[8.971s] Level 1:colcon.colcon_core.package_identification:_identify(src) by extension 'colcon_meta'
[8.971s] Level 1:colcon.colcon_core.package_identification:_identify(src) by extensions ['ros']
[8.971s] Level 1:colcon.colcon_core.package_identification:_identify(src) by extension 'ros'
[8.971s] Level 1:colcon.colcon_core.package_identification:_identify(src) by extensions ['cmake', 'python']
[8.971s] Level 1:colcon.colcon_core.package_identification:_identify(src) by extension 'cmake'
[8.972s] Level 1:colcon.colcon_core.package_identification:_identify(src) by extension 'python'
[8.972s] Level 1:colcon.colcon_core.package_identification:_identify(src) by extensions ['python_setup_py']
[8.972s] Level 1:colcon.colcon_core.package_identification:_identify(src) by extension 'python_setup_py'
[8.972s] Level 1:colcon.colcon_core.package_identification:_identify(src/cuboid_analysis) by extensions ['ignore', 'ignore_ament_install']
[8.972s] Level 1:colcon.colcon_core.package_identification:_identify(src/cuboid_analysis) by extension 'ignore'
[8.972s] Level 1:colcon.colcon_core.package_identification:_identify(src/cuboid_analysis) by extension 'ignore_ament_install'
[8.972s] Level 1:colcon.colcon_core.package_identification:_identify(src/cuboid_analysis) by extensions ['colcon_pkg']
[8.972s] Level 1:colcon.colcon_core.package_identification:_identify(src/cuboid_analysis) by extension 'colcon_pkg'
[8.972s] Level 1:colcon.colcon_core.package_identification:_identify(src/cuboid_analysis) by extensions ['colcon_meta']
[8.972s] Level 1:colcon.colcon_core.package_identification:_identify(src/cuboid_analysis) by extension 'colcon_meta'
[8.972s] Level 1:colcon.colcon_core.package_identification:_identify(src/cuboid_analysis) by extensions ['ros']
[8.972s] Level 1:colcon.colcon_core.package_identification:_identify(src/cuboid_analysis) by extension 'ros'
[8.976s] DEBUG:colcon.colcon_core.package_identification:Package 'src/cuboid_analysis' with type 'ros.ament_cmake' and name 'cuboid_analysis'
[8.977s] Level 1:colcon.colcon_core.package_identification:_identify(src/map_navigation2) by extensions ['ignore', 'ignore_ament_install']
[8.977s] Level 1:colcon.colcon_core.package_identification:_identify(src/map_navigation2) by extension 'ignore'
[8.977s] Level 1:colcon.colcon_core.package_identification:_identify(src/map_navigation2) by extension 'ignore_ament_install'
[8.977s] Level 1:colcon.colcon_core.package_identification:_identify(src/map_navigation2) by extensions ['colcon_pkg']
[8.977s] Level 1:colcon.colcon_core.package_identification:_identify(src/map_navigation2) by extension 'colcon_pkg'
[8.977s] Level 1:colcon.colcon_core.package_identification:_identify(src/map_navigation2) by extensions ['colcon_meta']
[8.977s] Level 1:colcon.colcon_core.package_identification:_identify(src/map_navigation2) by extension 'colcon_meta'
[8.977s] Level 1:colcon.colcon_core.package_identification:_identify(src/map_navigation2) by extensions ['ros']
[8.977s] Level 1:colcon.colcon_core.package_identification:_identify(src/map_navigation2) by extension 'ros'
[8.977s] DEBUG:colcon.colcon_core.package_identification:Package 'src/map_navigation2' with type 'ros.ament_python' and name 'map_navigation2'
[8.977s] Level 1:colcon.colcon_core.package_discovery:discover_packages(recursive) using defaults
[8.978s] Level 1:colcon.colcon_core.package_discovery:discover_packages(ignore) discover
[8.978s] Level 1:colcon.colcon_core.package_discovery:discover_packages(ignore) using defaults
[8.978s] Level 1:colcon.colcon_core.package_discovery:discover_packages(path) discover
[8.978s] Level 1:colcon.colcon_core.package_discovery:discover_packages(path) using defaults
[9.008s] Level 1:colcon.colcon_core.package_discovery:discover_packages(prefix_path) check parameters
[9.008s] Level 1:colcon.colcon_core.package_discovery:discover_packages(prefix_path) discover
[9.019s] DEBUG:colcon.colcon_installed_package_information.package_discovery:Found 2 installed packages in /home/dars/kameyama_galactic_ws/install
[9.047s] DEBUG:colcon.colcon_installed_package_information.package_discovery:Found 52 installed packages in /home/dars/ros2_basic_ws/install
[9.052s] DEBUG:colcon.colcon_installed_package_information.package_discovery:Found 300 installed packages in /opt/ros/galactic
[9.057s] DEBUG:colcon.colcon_installed_package_information.package_discovery:Found 3 installed packages in /opt/ros/noetic
[9.058s] Level 1:colcon.colcon_core.package_discovery:discover_packages(prefix_path) using defaults
[9.296s] Level 5:colcon.colcon_core.verb:set package 'cuboid_analysis' build argument 'cmake_args' from command line to 'None'
[9.296s] Level 5:colcon.colcon_core.verb:set package 'cuboid_analysis' build argument 'cmake_target' from command line to 'None'
[9.296s] Level 5:colcon.colcon_core.verb:set package 'cuboid_analysis' build argument 'cmake_target_skip_unavailable' from command line to 'False'
[9.296s] Level 5:colcon.colcon_core.verb:set package 'cuboid_analysis' build argument 'cmake_clean_cache' from command line to 'False'
[9.296s] Level 5:colcon.colcon_core.verb:set package 'cuboid_analysis' build argument 'cmake_clean_first' from command line to 'False'
[9.296s] Level 5:colcon.colcon_core.verb:set package 'cuboid_analysis' build argument 'cmake_force_configure' from command line to 'False'
[9.296s] Level 5:colcon.colcon_core.verb:set package 'cuboid_analysis' build argument 'ament_cmake_args' from command line to 'None'
[9.296s] Level 5:colcon.colcon_core.verb:set package 'cuboid_analysis' build argument 'catkin_cmake_args' from command line to 'None'
[9.296s] Level 5:colcon.colcon_core.verb:set package 'cuboid_analysis' build argument 'catkin_skip_building_tests' from command line to 'False'
[9.296s] DEBUG:colcon.colcon_core.verb:Building package 'cuboid_analysis' with the following arguments: {'ament_cmake_args': None, 'build_base': '/home/dars/kameyama_galactic_ws/build/cuboid_analysis', 'catkin_cmake_args': None, 'catkin_skip_building_tests': False, 'cmake_args': None, 'cmake_clean_cache': False, 'cmake_clean_first': False, 'cmake_force_configure': False, 'cmake_target': None, 'cmake_target_skip_unavailable': False, 'install_base': '/home/dars/kameyama_galactic_ws/install/cuboid_analysis', 'merge_install': False, 'path': '/home/dars/kameyama_galactic_ws/src/cuboid_analysis', 'symlink_install': False, 'test_result_base': None}
[9.296s] Level 5:colcon.colcon_core.verb:set package 'map_navigation2' build argument 'cmake_args' from command line to 'None'
[9.296s] Level 5:colcon.colcon_core.verb:set package 'map_navigation2' build argument 'cmake_target' from command line to 'None'
[9.296s] Level 5:colcon.colcon_core.verb:set package 'map_navigation2' build argument 'cmake_target_skip_unavailable' from command line to 'False'
[9.297s] Level 5:colcon.colcon_core.verb:set package 'map_navigation2' build argument 'cmake_clean_cache' from command line to 'False'
[9.297s] Level 5:colcon.colcon_core.verb:set package 'map_navigation2' build argument 'cmake_clean_first' from command line to 'False'
[9.297s] Level 5:colcon.colcon_core.verb:set package 'map_navigation2' build argument 'cmake_force_configure' from command line to 'False'
[9.297s] Level 5:colcon.colcon_core.verb:set package 'map_navigation2' build argument 'ament_cmake_args' from command line to 'None'
[9.297s] Level 5:colcon.colcon_core.verb:set package 'map_navigation2' build argument 'catkin_cmake_args' from command line to 'None'
[9.297s] Level 5:colcon.colcon_core.verb:set package 'map_navigation2' build argument 'catkin_skip_building_tests' from command line to 'False'
[9.297s] DEBUG:colcon.colcon_core.verb:Building package 'map_navigation2' with the following arguments: {'ament_cmake_args': None, 'build_base': '/home/dars/kameyama_galactic_ws/build/map_navigation2', 'catkin_cmake_args': None, 'catkin_skip_building_tests': False, 'cmake_args': None, 'cmake_clean_cache': False, 'cmake_clean_first': False, 'cmake_force_configure': False, 'cmake_target': None, 'cmake_target_skip_unavailable': False, 'install_base': '/home/dars/kameyama_galactic_ws/install/map_navigation2', 'merge_install': False, 'path': '/home/dars/kameyama_galactic_ws/src/map_navigation2', 'symlink_install': False, 'test_result_base': None}
[9.297s] INFO:colcon.colcon_core.executor:Executing jobs using 'parallel' executor
[9.298s] DEBUG:colcon.colcon_parallel_executor.executor.parallel:run_until_complete
[9.298s] INFO:colcon.colcon_ros.task.ament_cmake.build:Building ROS package in '/home/dars/kameyama_galactic_ws/src/cuboid_analysis' with build type 'ament_cmake'
[9.298s] INFO:colcon.colcon_cmake.task.cmake.build:Building CMake package in '/home/dars/kameyama_galactic_ws/src/cuboid_analysis'
[9.303s] INFO:colcon.colcon_core.plugin_system:Skipping extension 'colcon_core.shell.bat': Not used on non-Windows systems
[9.303s] INFO:colcon.colcon_core.shell:Skip shell extension 'powershell' for command environment: Not usable outside of PowerShell
[9.303s] DEBUG:colcon.colcon_core.shell:Skip shell extension 'dsv' for command environment
[9.307s] DEBUG:colcon.colcon_core.shell:Ignoring prefix path '/home/dars/hukumura/ros2024/devel'
[9.307s] DEBUG:colcon.colcon_core.shell:Ignoring prefix path '/home/dars/hukumura/ros/devel'
[9.308s] DEBUG:colcon.colcon_core.shell:Ignoring prefix path '/home/dars/ros2024/devel'
[9.312s] INFO:colcon.colcon_ros.task.ament_python.build:Building ROS package in '/home/dars/kameyama_galactic_ws/src/map_navigation2' with build type 'ament_python'
[9.312s] Level 1:colcon.colcon_core.shell:create_environment_hook('map_navigation2', 'ament_prefix_path')
[9.313s] INFO:colcon.colcon_core.shell:Creating environment hook '/home/dars/kameyama_galactic_ws/install/map_navigation2/share/map_navigation2/hook/ament_prefix_path.ps1'
[9.314s] INFO:colcon.colcon_core.shell:Creating environment descriptor '/home/dars/kameyama_galactic_ws/install/map_navigation2/share/map_navigation2/hook/ament_prefix_path.dsv'
[9.315s] INFO:colcon.colcon_core.shell:Creating environment hook '/home/dars/kameyama_galactic_ws/install/map_navigation2/share/map_navigation2/hook/ament_prefix_path.sh'
[9.317s] INFO:colcon.colcon_core.shell:Skip shell extension 'powershell' for command environment: Not usable outside of PowerShell
[9.317s] DEBUG:colcon.colcon_core.shell:Skip shell extension 'dsv' for command environment
[9.324s] DEBUG:colcon.colcon_core.shell:Ignoring prefix path '/home/dars/hukumura/ros2024/devel'
[9.324s] DEBUG:colcon.colcon_core.shell:Ignoring prefix path '/home/dars/hukumura/ros/devel'
[9.325s] DEBUG:colcon.colcon_core.shell:Ignoring prefix path '/home/dars/ros2024/devel'
[9.333s] DEBUG:colcon.colcon_core.event_handler.log_command:Invoking command in '/home/dars/kameyama_galactic_ws/build/cuboid_analysis': CMAKE_PREFIX_PATH=/home/dars/kameyama_galactic_ws/install/cuboid_analysis:/home/dars/ros2_basic_ws/install/image_pipeline:/home/dars/ros2_basic_ws/install/stereo_image_proc:/home/dars/ros2_basic_ws/install/image_proc:/home/dars/ros2_basic_ws/install/tracetools_image_pipeline:/home/dars/ros2_basic_ws/install/nav2_system_tests:/home/dars/ros2_basic_ws/install/nav2_bringup:/home/dars/ros2_basic_ws/install/slam_toolbox:/home/dars/ros2_basic_ws/install/realsense2_description:/home/dars/ros2_basic_ws/install/realsense2_camera:/home/dars/ros2_basic_ws/install/realsense2_camera_msgs:/home/dars/ros2_basic_ws/install/navigation2:/home/dars/ros2_basic_ws/install/nav2_dwb_controller:/home/dars/ros2_basic_ws/install/nav2_controller:/home/dars/ros2_basic_ws/install/dwb_plugins:/home/dars/ros2_basic_ws/install/dwb_critics:/home/dars/ros2_basic_ws/install/dwb_core:/home/dars/ros2_basic_ws/install/nav_2d_utils:/home/dars/ros2_basic_ws/install/dwb_msgs:/home/dars/ros2_basic_ws/install/nav_2d_msgs:/home/dars/ros2_basic_ws/install/nav2_waypoint_follower:/home/dars/ros2_basic_ws/install/nav2_theta_star_planner:/home/dars/ros2_basic_ws/install/nav2_smac_planner:/home/dars/ros2_basic_ws/install/nav2_rotation_shim_controller:/home/dars/ros2_basic_ws/install/nav2_regulated_pure_pursuit_controller:/home/dars/ros2_basic_ws/install/nav2_recoveries:/home/dars/ros2_basic_ws/install/nav2_planner:/home/dars/ros2_basic_ws/install/nav2_navfn_planner:/home/dars/ros2_basic_ws/install/nav2_bt_navigator:/home/dars/ros2_basic_ws/install/nav2_core:/home/dars/ros2_basic_ws/install/costmap_queue:/home/dars/ros2_basic_ws/install/nav2_costmap_2d:/home/dars/ros2_basic_ws/install/nav2_voxel_grid:/home/dars/ros2_basic_ws/install/nav2_rviz_plugins:/home/dars/ros2_basic_ws/install/nav2_map_server:/home/dars/ros2_basic_ws/install/nav2_lifecycle_manager:/home/dars/ros2_basic_ws/install/nav2_behavior_tree:/home/dars/ros2_basic_ws/install/nav2_amcl:/home/dars/ros2_basic_ws/install/nav2_util:/home/dars/ros2_basic_ws/install/nav2_msgs:/home/dars/ros2_basic_ws/install/nav2_common:/home/dars/ros2_basic_ws/install/moveit_msgs:/home/dars/ros2_basic_ws/install/image_view:/home/dars/ros2_basic_ws/install/image_rotate:/home/dars/ros2_basic_ws/install/image_publisher:/home/dars/ros2_basic_ws/install/groot:/home/dars/ros2_basic_ws/install/depth_image_proc:/home/dars/ros2_basic_ws/install/darknet_ros:/home/dars/ros2_basic_ws/install/darknet_ros_msgs:/home/dars/ros2_basic_ws/install/behaviortree_cpp_v3:/home/dars/kameyama_galactic_ws/install/map_navigation2:/home/dars/ros2_basic_ws/install/nav2_simple_commander:/home/dars/ros2_basic_ws/install/nav2_gazebo_spawner:/home/dars/ros2_basic_ws/install/camera_calibration:/opt/ros/galactic:/home/dars/hukumura/ros2024/devel:/home/dars/hukumura/hulumura/ros2024/devel:/home/dars/hukumura/ros/devel:/home/dars/ros2024/devel:/opt/ros/noetic /home/dars/.local/bin/cmake --build /home/dars/kameyama_galactic_ws/build/cuboid_analysis -- -j16 -l16
[9.586s] INFO:colcon.colcon_core.task.python.build:Building Python package in '/home/dars/kameyama_galactic_ws/src/map_navigation2'
[9.587s] INFO:colcon.colcon_core.shell:Skip shell extension 'powershell' for command environment: Not usable outside of PowerShell
[9.587s] DEBUG:colcon.colcon_core.shell:Skip shell extension 'dsv' for command environment
[9.595s] DEBUG:colcon.colcon_core.shell:Ignoring prefix path '/home/dars/hukumura/ros2024/devel'
[9.595s] DEBUG:colcon.colcon_core.shell:Ignoring prefix path '/home/dars/hukumura/ros/devel'
[9.596s] DEBUG:colcon.colcon_core.shell:Ignoring prefix path '/home/dars/ros2024/devel'
[9.601s] DEBUG:colcon.colcon_core.event_handler.log_command:Invoked command in '/home/dars/kameyama_galactic_ws/build/cuboid_analysis' returned '0': CMAKE_PREFIX_PATH=/home/dars/kameyama_galactic_ws/install/cuboid_analysis:/home/dars/ros2_basic_ws/install/image_pipeline:/home/dars/ros2_basic_ws/install/stereo_image_proc:/home/dars/ros2_basic_ws/install/image_proc:/home/dars/ros2_basic_ws/install/tracetools_image_pipeline:/home/dars/ros2_basic_ws/install/nav2_system_tests:/home/dars/ros2_basic_ws/install/nav2_bringup:/home/dars/ros2_basic_ws/install/slam_toolbox:/home/dars/ros2_basic_ws/install/realsense2_description:/home/dars/ros2_basic_ws/install/realsense2_camera:/home/dars/ros2_basic_ws/install/realsense2_camera_msgs:/home/dars/ros2_basic_ws/install/navigation2:/home/dars/ros2_basic_ws/install/nav2_dwb_controller:/home/dars/ros2_basic_ws/install/nav2_controller:/home/dars/ros2_basic_ws/install/dwb_plugins:/home/dars/ros2_basic_ws/install/dwb_critics:/home/dars/ros2_basic_ws/install/dwb_core:/home/dars/ros2_basic_ws/install/nav_2d_utils:/home/dars/ros2_basic_ws/install/dwb_msgs:/home/dars/ros2_basic_ws/install/nav_2d_msgs:/home/dars/ros2_basic_ws/install/nav2_waypoint_follower:/home/dars/ros2_basic_ws/install/nav2_theta_star_planner:/home/dars/ros2_basic_ws/install/nav2_smac_planner:/home/dars/ros2_basic_ws/install/nav2_rotation_shim_controller:/home/dars/ros2_basic_ws/install/nav2_regulated_pure_pursuit_controller:/home/dars/ros2_basic_ws/install/nav2_recoveries:/home/dars/ros2_basic_ws/install/nav2_planner:/home/dars/ros2_basic_ws/install/nav2_navfn_planner:/home/dars/ros2_basic_ws/install/nav2_bt_navigator:/home/dars/ros2_basic_ws/install/nav2_core:/home/dars/ros2_basic_ws/install/costmap_queue:/home/dars/ros2_basic_ws/install/nav2_costmap_2d:/home/dars/ros2_basic_ws/install/nav2_voxel_grid:/home/dars/ros2_basic_ws/install/nav2_rviz_plugins:/home/dars/ros2_basic_ws/install/nav2_map_server:/home/dars/ros2_basic_ws/install/nav2_lifecycle_manager:/home/dars/ros2_basic_ws/install/nav2_behavior_tree:/home/dars/ros2_basic_ws/install/nav2_amcl:/home/dars/ros2_basic_ws/install/nav2_util:/home/dars/ros2_basic_ws/install/nav2_msgs:/home/dars/ros2_basic_ws/install/nav2_common:/home/dars/ros2_basic_ws/install/moveit_msgs:/home/dars/ros2_basic_ws/install/image_view:/home/dars/ros2_basic_ws/install/image_rotate:/home/dars/ros2_basic_ws/install/image_publisher:/home/dars/ros2_basic_ws/install/groot:/home/dars/ros2_basic_ws/install/depth_image_proc:/home/dars/ros2_basic_ws/install/darknet_ros:/home/dars/ros2_basic_ws/install/darknet_ros_msgs:/home/dars/ros2_basic_ws/install/behaviortree_cpp_v3:/home/dars/kameyama_galactic_ws/install/map_navigation2:/home/dars/ros2_basic_ws/install/nav2_simple_commander:/home/dars/ros2_basic_ws/install/nav2_gazebo_spawner:/home/dars/ros2_basic_ws/install/camera_calibration:/opt/ros/galactic:/home/dars/hukumura/ros2024/devel:/home/dars/hukumura/hulumura/ros2024/devel:/home/dars/hukumura/ros/devel:/home/dars/ros2024/devel:/opt/ros/noetic /home/dars/.local/bin/cmake --build /home/dars/kameyama_galactic_ws/build/cuboid_analysis -- -j16 -l16
[9.730s] DEBUG:colcon.colcon_core.event_handler.log_command:Invoking command in '/home/dars/kameyama_galactic_ws/build/cuboid_analysis': CMAKE_PREFIX_PATH=/home/dars/kameyama_galactic_ws/install/cuboid_analysis:/home/dars/ros2_basic_ws/install/image_pipeline:/home/dars/ros2_basic_ws/install/stereo_image_proc:/home/dars/ros2_basic_ws/install/image_proc:/home/dars/ros2_basic_ws/install/tracetools_image_pipeline:/home/dars/ros2_basic_ws/install/nav2_system_tests:/home/dars/ros2_basic_ws/install/nav2_bringup:/home/dars/ros2_basic_ws/install/slam_toolbox:/home/dars/ros2_basic_ws/install/realsense2_description:/home/dars/ros2_basic_ws/install/realsense2_camera:/home/dars/ros2_basic_ws/install/realsense2_camera_msgs:/home/dars/ros2_basic_ws/install/navigation2:/home/dars/ros2_basic_ws/install/nav2_dwb_controller:/home/dars/ros2_basic_ws/install/nav2_controller:/home/dars/ros2_basic_ws/install/dwb_plugins:/home/dars/ros2_basic_ws/install/dwb_critics:/home/dars/ros2_basic_ws/install/dwb_core:/home/dars/ros2_basic_ws/install/nav_2d_utils:/home/dars/ros2_basic_ws/install/dwb_msgs:/home/dars/ros2_basic_ws/install/nav_2d_msgs:/home/dars/ros2_basic_ws/install/nav2_waypoint_follower:/home/dars/ros2_basic_ws/install/nav2_theta_star_planner:/home/dars/ros2_basic_ws/install/nav2_smac_planner:/home/dars/ros2_basic_ws/install/nav2_rotation_shim_controller:/home/dars/ros2_basic_ws/install/nav2_regulated_pure_pursuit_controller:/home/dars/ros2_basic_ws/install/nav2_recoveries:/home/dars/ros2_basic_ws/install/nav2_planner:/home/dars/ros2_basic_ws/install/nav2_navfn_planner:/home/dars/ros2_basic_ws/install/nav2_bt_navigator:/home/dars/ros2_basic_ws/install/nav2_core:/home/dars/ros2_basic_ws/install/costmap_queue:/home/dars/ros2_basic_ws/install/nav2_costmap_2d:/home/dars/ros2_basic_ws/install/nav2_voxel_grid:/home/dars/ros2_basic_ws/install/nav2_rviz_plugins:/home/dars/ros2_basic_ws/install/nav2_map_server:/home/dars/ros2_basic_ws/install/nav2_lifecycle_manager:/home/dars/ros2_basic_ws/install/nav2_behavior_tree:/home/dars/ros2_basic_ws/install/nav2_amcl:/home/dars/ros2_basic_ws/install/nav2_util:/home/dars/ros2_basic_ws/install/nav2_msgs:/home/dars/ros2_basic_ws/install/nav2_common:/home/dars/ros2_basic_ws/install/moveit_msgs:/home/dars/ros2_basic_ws/install/image_view:/home/dars/ros2_basic_ws/install/image_rotate:/home/dars/ros2_basic_ws/install/image_publisher:/home/dars/ros2_basic_ws/install/groot:/home/dars/ros2_basic_ws/install/depth_image_proc:/home/dars/ros2_basic_ws/install/darknet_ros:/home/dars/ros2_basic_ws/install/darknet_ros_msgs:/home/dars/ros2_basic_ws/install/behaviortree_cpp_v3:/home/dars/kameyama_galactic_ws/install/map_navigation2:/home/dars/ros2_basic_ws/install/nav2_simple_commander:/home/dars/ros2_basic_ws/install/nav2_gazebo_spawner:/home/dars/ros2_basic_ws/install/camera_calibration:/opt/ros/galactic:/home/dars/hukumura/ros2024/devel:/home/dars/hukumura/hulumura/ros2024/devel:/home/dars/hukumura/ros/devel:/home/dars/ros2024/devel:/opt/ros/noetic /home/dars/.local/bin/cmake --install /home/dars/kameyama_galactic_ws/build/cuboid_analysis
[9.791s] Level 1:colcon.colcon_core.environment:create_environment_scripts_only(cuboid_analysis)
[9.792s] DEBUG:colcon.colcon_core.event_handler.log_command:Invoked command in '/home/dars/kameyama_galactic_ws/build/cuboid_analysis' returned '0': CMAKE_PREFIX_PATH=/home/dars/kameyama_galactic_ws/install/cuboid_analysis:/home/dars/ros2_basic_ws/install/image_pipeline:/home/dars/ros2_basic_ws/install/stereo_image_proc:/home/dars/ros2_basic_ws/install/image_proc:/home/dars/ros2_basic_ws/install/tracetools_image_pipeline:/home/dars/ros2_basic_ws/install/nav2_system_tests:/home/dars/ros2_basic_ws/install/nav2_bringup:/home/dars/ros2_basic_ws/install/slam_toolbox:/home/dars/ros2_basic_ws/install/realsense2_description:/home/dars/ros2_basic_ws/install/realsense2_camera:/home/dars/ros2_basic_ws/install/realsense2_camera_msgs:/home/dars/ros2_basic_ws/install/navigation2:/home/dars/ros2_basic_ws/install/nav2_dwb_controller:/home/dars/ros2_basic_ws/install/nav2_controller:/home/dars/ros2_basic_ws/install/dwb_plugins:/home/dars/ros2_basic_ws/install/dwb_critics:/home/dars/ros2_basic_ws/install/dwb_core:/home/dars/ros2_basic_ws/install/nav_2d_utils:/home/dars/ros2_basic_ws/install/dwb_msgs:/home/dars/ros2_basic_ws/install/nav_2d_msgs:/home/dars/ros2_basic_ws/install/nav2_waypoint_follower:/home/dars/ros2_basic_ws/install/nav2_theta_star_planner:/home/dars/ros2_basic_ws/install/nav2_smac_planner:/home/dars/ros2_basic_ws/install/nav2_rotation_shim_controller:/home/dars/ros2_basic_ws/install/nav2_regulated_pure_pursuit_controller:/home/dars/ros2_basic_ws/install/nav2_recoveries:/home/dars/ros2_basic_ws/install/nav2_planner:/home/dars/ros2_basic_ws/install/nav2_navfn_planner:/home/dars/ros2_basic_ws/install/nav2_bt_navigator:/home/dars/ros2_basic_ws/install/nav2_core:/home/dars/ros2_basic_ws/install/costmap_queue:/home/dars/ros2_basic_ws/install/nav2_costmap_2d:/home/dars/ros2_basic_ws/install/nav2_voxel_grid:/home/dars/ros2_basic_ws/install/nav2_rviz_plugins:/home/dars/ros2_basic_ws/install/nav2_map_server:/home/dars/ros2_basic_ws/install/nav2_lifecycle_manager:/home/dars/ros2_basic_ws/install/nav2_behavior_tree:/home/dars/ros2_basic_ws/install/nav2_amcl:/home/dars/ros2_basic_ws/install/nav2_util:/home/dars/ros2_basic_ws/install/nav2_msgs:/home/dars/ros2_basic_ws/install/nav2_common:/home/dars/ros2_basic_ws/install/moveit_msgs:/home/dars/ros2_basic_ws/install/image_view:/home/dars/ros2_basic_ws/install/image_rotate:/home/dars/ros2_basic_ws/install/image_publisher:/home/dars/ros2_basic_ws/install/groot:/home/dars/ros2_basic_ws/install/depth_image_proc:/home/dars/ros2_basic_ws/install/darknet_ros:/home/dars/ros2_basic_ws/install/darknet_ros_msgs:/home/dars/ros2_basic_ws/install/behaviortree_cpp_v3:/home/dars/kameyama_galactic_ws/install/map_navigation2:/home/dars/ros2_basic_ws/install/nav2_simple_commander:/home/dars/ros2_basic_ws/install/nav2_gazebo_spawner:/home/dars/ros2_basic_ws/install/camera_calibration:/opt/ros/galactic:/home/dars/hukumura/ros2024/devel:/home/dars/hukumura/hulumura/ros2024/devel:/home/dars/hukumura/ros/devel:/home/dars/ros2024/devel:/opt/ros/noetic /home/dars/.local/bin/cmake --install /home/dars/kameyama_galactic_ws/build/cuboid_analysis
[9.798s] Level 1:colcon.colcon_core.environment:checking '/home/dars/kameyama_galactic_ws/install/cuboid_analysis' for CMake module files
[9.799s] Level 1:colcon.colcon_core.environment:checking '/home/dars/kameyama_galactic_ws/install/cuboid_analysis' for CMake config files
[9.799s] Level 1:colcon.colcon_core.shell:create_environment_hook('cuboid_analysis', 'cmake_prefix_path')
[9.799s] INFO:colcon.colcon_core.shell:Creating environment hook '/home/dars/kameyama_galactic_ws/install/cuboid_analysis/share/cuboid_analysis/hook/cmake_prefix_path.ps1'
[9.800s] INFO:colcon.colcon_core.shell:Creating environment descriptor '/home/dars/kameyama_galactic_ws/install/cuboid_analysis/share/cuboid_analysis/hook/cmake_prefix_path.dsv'
[9.800s] INFO:colcon.colcon_core.shell:Creating environment hook '/home/dars/kameyama_galactic_ws/install/cuboid_analysis/share/cuboid_analysis/hook/cmake_prefix_path.sh'
[9.801s] Level 1:colcon.colcon_core.environment:checking '/home/dars/kameyama_galactic_ws/install/cuboid_analysis/lib'
[9.801s] Level 1:colcon.colcon_core.environment:checking '/home/dars/kameyama_galactic_ws/install/cuboid_analysis/bin'
[9.801s] Level 1:colcon.colcon_core.environment:checking '/home/dars/kameyama_galactic_ws/install/cuboid_analysis/lib/pkgconfig/cuboid_analysis.pc'
[9.802s] Level 1:colcon.colcon_core.environment:checking '/home/dars/kameyama_galactic_ws/install/cuboid_analysis/lib/python3.8/site-packages'
[9.802s] Level 1:colcon.colcon_core.environment:checking '/home/dars/kameyama_galactic_ws/install/cuboid_analysis/bin'
[9.802s] INFO:colcon.colcon_core.shell:Creating package script '/home/dars/kameyama_galactic_ws/install/cuboid_analysis/share/cuboid_analysis/package.ps1'
[9.803s] INFO:colcon.colcon_core.shell:Creating package descriptor '/home/dars/kameyama_galactic_ws/install/cuboid_analysis/share/cuboid_analysis/package.dsv'
[9.804s] INFO:colcon.colcon_core.shell:Creating package script '/home/dars/kameyama_galactic_ws/install/cuboid_analysis/share/cuboid_analysis/package.sh'
[9.805s] INFO:colcon.colcon_core.shell:Creating package script '/home/dars/kameyama_galactic_ws/install/cuboid_analysis/share/cuboid_analysis/package.bash'
[9.806s] INFO:colcon.colcon_core.shell:Creating package script '/home/dars/kameyama_galactic_ws/install/cuboid_analysis/share/cuboid_analysis/package.zsh'
[9.807s] Level 1:colcon.colcon_core.environment:create_file_with_runtime_dependencies(/home/dars/kameyama_galactic_ws/install/cuboid_analysis/share/colcon-core/packages/cuboid_analysis)
[9.899s] Level 1:colcon.colcon_core.environment:create_environment_scripts_only(cuboid_analysis)
[9.899s] Level 1:colcon.colcon_core.environment:checking '/home/dars/kameyama_galactic_ws/install/cuboid_analysis' for CMake module files
[9.900s] Level 1:colcon.colcon_core.environment:checking '/home/dars/kameyama_galactic_ws/install/cuboid_analysis' for CMake config files
[9.901s] Level 1:colcon.colcon_core.shell:create_environment_hook('cuboid_analysis', 'cmake_prefix_path')
[9.901s] INFO:colcon.colcon_core.shell:Creating environment hook '/home/dars/kameyama_galactic_ws/install/cuboid_analysis/share/cuboid_analysis/hook/cmake_prefix_path.ps1'
[9.902s] INFO:colcon.colcon_core.shell:Creating environment descriptor '/home/dars/kameyama_galactic_ws/install/cuboid_analysis/share/cuboid_analysis/hook/cmake_prefix_path.dsv'
[9.902s] INFO:colcon.colcon_core.shell:Creating environment hook '/home/dars/kameyama_galactic_ws/install/cuboid_analysis/share/cuboid_analysis/hook/cmake_prefix_path.sh'
[9.903s] Level 1:colcon.colcon_core.environment:checking '/home/dars/kameyama_galactic_ws/install/cuboid_analysis/lib'
[9.903s] Level 1:colcon.colcon_core.environment:checking '/home/dars/kameyama_galactic_ws/install/cuboid_analysis/bin'
[9.903s] Level 1:colcon.colcon_core.environment:checking '/home/dars/kameyama_galactic_ws/install/cuboid_analysis/lib/pkgconfig/cuboid_analysis.pc'
[9.903s] Level 1:colcon.colcon_core.environment:checking '/home/dars/kameyama_galactic_ws/install/cuboid_analysis/lib/python3.8/site-packages'
[9.904s] Level 1:colcon.colcon_core.environment:checking '/home/dars/kameyama_galactic_ws/install/cuboid_analysis/bin'
[9.904s] INFO:colcon.colcon_core.shell:Creating package script '/home/dars/kameyama_galactic_ws/install/cuboid_analysis/share/cuboid_analysis/package.ps1'
[9.905s] INFO:colcon.colcon_core.shell:Creating package descriptor '/home/dars/kameyama_galactic_ws/install/cuboid_analysis/share/cuboid_analysis/package.dsv'
[9.905s] INFO:colcon.colcon_core.shell:Creating package script '/home/dars/kameyama_galactic_ws/install/cuboid_analysis/share/cuboid_analysis/package.sh'
[9.906s] INFO:colcon.colcon_core.shell:Creating package script '/home/dars/kameyama_galactic_ws/install/cuboid_analysis/share/cuboid_analysis/package.bash'
[9.906s] INFO:colcon.colcon_core.shell:Creating package script '/home/dars/kameyama_galactic_ws/install/cuboid_analysis/share/cuboid_analysis/package.zsh'
[9.907s] Level 1:colcon.colcon_core.environment:create_file_with_runtime_dependencies(/home/dars/kameyama_galactic_ws/install/cuboid_analysis/share/colcon-core/packages/cuboid_analysis)
[10.432s] DEBUG:colcon.colcon_core.event_handler.log_command:Invoking command in '/home/dars/kameyama_galactic_ws/src/map_navigation2': PYTHONPATH=/home/dars/kameyama_galactic_ws/build/map_navigation2/prefix_override:/home/dars/kameyama_galactic_ws/install/map_navigation2/lib/python3.8/site-packages:${PYTHONPATH} /usr/bin/python3 -W ignore:setup.py install is deprecated setup.py egg_info --egg-base ../../build/map_navigation2 build --build-base /home/dars/kameyama_galactic_ws/build/map_navigation2/build install --record /home/dars/kameyama_galactic_ws/build/map_navigation2/install.log --single-version-externally-managed install_data
[11.023s] Level 1:colcon.colcon_core.environment:checking '/home/dars/kameyama_galactic_ws/install/map_navigation2' for CMake module files
[11.024s] DEBUG:colcon.colcon_core.event_handler.log_command:Invoked command in '/home/dars/kameyama_galactic_ws/src/map_navigation2' returned '0': PYTHONPATH=/home/dars/kameyama_galactic_ws/build/map_navigation2/prefix_override:/home/dars/kameyama_galactic_ws/install/map_navigation2/lib/python3.8/site-packages:${PYTHONPATH} /usr/bin/python3 -W ignore:setup.py install is deprecated setup.py egg_info --egg-base ../../build/map_navigation2 build --build-base /home/dars/kameyama_galactic_ws/build/map_navigation2/build install --record /home/dars/kameyama_galactic_ws/build/map_navigation2/install.log --single-version-externally-managed install_data
[11.024s] Level 1:colcon.colcon_core.environment:checking '/home/dars/kameyama_galactic_ws/install/map_navigation2' for CMake config files
[11.025s] Level 1:colcon.colcon_core.environment:checking '/home/dars/kameyama_galactic_ws/install/map_navigation2/lib'
[11.025s] Level 1:colcon.colcon_core.environment:checking '/home/dars/kameyama_galactic_ws/install/map_navigation2/bin'
[11.025s] Level 1:colcon.colcon_core.environment:checking '/home/dars/kameyama_galactic_ws/install/map_navigation2/lib/pkgconfig/map_navigation2.pc'
[11.025s] Level 1:colcon.colcon_core.environment:checking '/home/dars/kameyama_galactic_ws/install/map_navigation2/lib/python3.8/site-packages'
[11.025s] Level 1:colcon.colcon_core.shell:create_environment_hook('map_navigation2', 'pythonpath')
[11.025s] INFO:colcon.colcon_core.shell:Creating environment hook '/home/dars/kameyama_galactic_ws/install/map_navigation2/share/map_navigation2/hook/pythonpath.ps1'
[11.026s] INFO:colcon.colcon_core.shell:Creating environment descriptor '/home/dars/kameyama_galactic_ws/install/map_navigation2/share/map_navigation2/hook/pythonpath.dsv'
[11.026s] INFO:colcon.colcon_core.shell:Creating environment hook '/home/dars/kameyama_galactic_ws/install/map_navigation2/share/map_navigation2/hook/pythonpath.sh'
[11.026s] Level 1:colcon.colcon_core.environment:checking '/home/dars/kameyama_galactic_ws/install/map_navigation2/bin'
[11.027s] Level 1:colcon.colcon_core.environment:create_environment_scripts_only(map_navigation2)
[11.027s] INFO:colcon.colcon_core.shell:Creating package script '/home/dars/kameyama_galactic_ws/install/map_navigation2/share/map_navigation2/package.ps1'
[11.027s] INFO:colcon.colcon_core.shell:Creating package descriptor '/home/dars/kameyama_galactic_ws/install/map_navigation2/share/map_navigation2/package.dsv'
[11.027s] INFO:colcon.colcon_core.shell:Creating package script '/home/dars/kameyama_galactic_ws/install/map_navigation2/share/map_navigation2/package.sh'
[11.028s] INFO:colcon.colcon_core.shell:Creating package script '/home/dars/kameyama_galactic_ws/install/map_navigation2/share/map_navigation2/package.bash'
[11.028s] INFO:colcon.colcon_core.shell:Creating package script '/home/dars/kameyama_galactic_ws/install/map_navigation2/share/map_navigation2/package.zsh'
[11.028s] Level 1:colcon.colcon_core.environment:create_file_with_runtime_dependencies(/home/dars/kameyama_galactic_ws/install/map_navigation2/share/colcon-core/packages/map_navigation2)
[11.028s] DEBUG:colcon.colcon_parallel_executor.executor.parallel:closing loop
[11.029s] DEBUG:colcon.colcon_parallel_executor.executor.parallel:loop closed
[11.029s] DEBUG:colcon.colcon_parallel_executor.executor.parallel:run_until_complete finished with '0'
[11.029s] DEBUG:colcon.colcon_core.event_reactor:joining thread
[11.042s] INFO:colcon.colcon_core.plugin_system:Skipping extension 'colcon_notification.desktop_notification.terminal_notifier': Not used on non-Darwin systems
[11.042s] INFO:colcon.colcon_core.plugin_system:Skipping extension 'colcon_notification.desktop_notification.win32': Not used on non-Windows systems
[11.042s] INFO:colcon.colcon_notification.desktop_notification:Sending desktop notification using 'notify2'
[11.072s] DEBUG:colcon.colcon_core.event_reactor:joined thread
[11.072s] INFO:colcon.colcon_core.shell:Creating prefix script '/home/dars/kameyama_galactic_ws/install/local_setup.ps1'
[11.074s] INFO:colcon.colcon_core.shell:Creating prefix util module '/home/dars/kameyama_galactic_ws/install/_local_setup_util_ps1.py'
[11.076s] INFO:colcon.colcon_core.shell:Creating prefix chain script '/home/dars/kameyama_galactic_ws/install/setup.ps1'
[11.079s] INFO:colcon.colcon_core.shell:Creating prefix script '/home/dars/kameyama_galactic_ws/install/local_setup.sh'
[11.080s] INFO:colcon.colcon_core.shell:Creating prefix util module '/home/dars/kameyama_galactic_ws/install/_local_setup_util_sh.py'
[11.080s] INFO:colcon.colcon_core.shell:Creating prefix chain script '/home/dars/kameyama_galactic_ws/install/setup.sh'
[11.082s] INFO:colcon.colcon_core.shell:Creating prefix script '/home/dars/kameyama_galactic_ws/install/local_setup.bash'
[11.082s] INFO:colcon.colcon_core.shell:Creating prefix chain script '/home/dars/kameyama_galactic_ws/install/setup.bash'
[11.084s] INFO:colcon.colcon_core.shell:Creating prefix script '/home/dars/kameyama_galactic_ws/install/local_setup.zsh'
[11.085s] INFO:colcon.colcon_core.shell:Creating prefix chain script '/home/dars/kameyama_galactic_ws/install/setup.zsh'
