-- The C compiler identification is GNU 9.4.0
-- The CXX compiler identification is GNU 9.4.0
-- Detecting C compiler ABI info
-- Detecting C compiler ABI info - done
-- Check for working C compiler: /usr/bin/cc - skipped
-- Detecting C compile features
-- Detecting C compile features - done
-- Detecting CXX compiler ABI info
-- Detecting CXX compiler ABI info - done
-- Check for working CXX compiler: /usr/bin/c++ - skipped
-- Detecting CXX compile features
-- Detecting CXX compile features - done
-- Found ament_cmake: 1.1.6 (/opt/ros/galactic/share/ament_cmake/cmake)
-- Found PythonInterp: /usr/bin/python3 (found suitable version "3.8.10", minimum required is "3") 
-- Using PYTHON_EXECUTABLE: /usr/bin/python3
-- Override CMake install command with custom implementation using symlinks instead of copying resources
-- Found rclcpp: 9.2.2 (/opt/ros/galactic/share/rclcpp/cmake)
-- Using all available rosidl_typesupport_c: rosidl_typesupport_fastrtps_c;rosidl_typesupport_introspection_c
-- Found rosidl_adapter: 2.2.3 (/opt/ros/galactic/share/rosidl_adapter/cmake)
-- Found OpenSSL: /usr/lib/x86_64-linux-gnu/libcrypto.so (found version "1.1.1f")  
-- Found FastRTPS: /opt/ros/galactic/include  
-- Using all available rosidl_typesupport_cpp: rosidl_typesupport_fastrtps_cpp;rosidl_typesupport_introspection_cpp
-- Found rmw_implementation_cmake: 3.3.1 (/opt/ros/galactic/share/rmw_implementation_cmake/cmake)
-- Found rmw_cyclonedds_cpp: 0.22.6 (/opt/ros/galactic/share/rmw_cyclonedds_cpp/cmake)
-- Using RMW implementation 'rmw_cyclonedds_cpp' as default
-- Performing Test CMAKE_HAVE_LIBC_PTHREAD
-- Performing Test CMAKE_HAVE_LIBC_PTHREAD - Failed
-- Looking for pthread_create in pthreads
-- Looking for pthread_create in pthreads - not found
-- Looking for pthread_create in pthread
-- Looking for pthread_create in pthread - found
-- Found Threads: TRUE  
-- Found ament_lint_auto: 0.10.7 (/opt/ros/galactic/share/ament_lint_auto/cmake)
-- Added test 'copyright' to check source files copyright and LICENSE
-- Added test 'cppcheck' to perform static code analysis on C / C++ code
-- Configured cppcheck include dirs: 
-- Configured cppcheck exclude dirs and/or files: 
-- Added test 'cpplint' to check C / C++ code against the Google style
-- Configured cpplint exclude dirs and/or files: 
-- Added test 'flake8' to check Python code syntax and style conventions
-- Added test 'lint_cmake' to check CMake code style
-- Added test 'pep257' to check Python code against some of the style conventions in PEP 257
-- Added test 'uncrustify' to check C / C++ code style
-- Configured uncrustify additional arguments: 
-- Added test 'xmllint' to check XML markup files
-- Configuring done (2.1s)
-- Generating done (0.0s)
-- Build files have been written to: /home/dars/kameyama_galactic_ws/build/cuboid_analysis
[ 50%] [32mBuilding CXX object CMakeFiles/ave_cov.dir/src/ave_cov.cpp.o[0m
[100%] [32m[1mLinking CXX executable ave_cov[0m
[100%] Built target ave_cov
-- Install configuration: ""
-- Execute custom install script
-- Symlinking: /home/dars/kameyama_galactic_ws/install/cuboid_analysis/lib/cuboid_analysis/ave_cov
-- Symlinking: /home/dars/kameyama_galactic_ws/install/cuboid_analysis/lib/cuboid_analysis/d_op.py
-- Symlinking: /home/dars/kameyama_galactic_ws/install/cuboid_analysis/share/cuboid_analysis/launch/cuboid_analysis_launch.py
-- Symlinking: /home/dars/kameyama_galactic_ws/install/cuboid_analysis/share/ament_index/resource_index/package_run_dependencies/cuboid_analysis
-- Symlinking: /home/dars/kameyama_galactic_ws/install/cuboid_analysis/share/ament_index/resource_index/parent_prefix_path/cuboid_analysis
-- Symlinking: /home/dars/kameyama_galactic_ws/install/cuboid_analysis/share/cuboid_analysis/environment/ament_prefix_path.sh
-- Symlinking: /home/dars/kameyama_galactic_ws/install/cuboid_analysis/share/cuboid_analysis/environment/ament_prefix_path.dsv
-- Symlinking: /home/dars/kameyama_galactic_ws/install/cuboid_analysis/share/cuboid_analysis/environment/path.sh
-- Symlinking: /home/dars/kameyama_galactic_ws/install/cuboid_analysis/share/cuboid_analysis/environment/path.dsv
-- Symlinking: /home/dars/kameyama_galactic_ws/install/cuboid_analysis/share/cuboid_analysis/local_setup.bash
-- Symlinking: /home/dars/kameyama_galactic_ws/install/cuboid_analysis/share/cuboid_analysis/local_setup.sh
-- Symlinking: /home/dars/kameyama_galactic_ws/install/cuboid_analysis/share/cuboid_analysis/local_setup.zsh
-- Symlinking: /home/dars/kameyama_galactic_ws/install/cuboid_analysis/share/cuboid_analysis/local_setup.dsv
-- Symlinking: /home/dars/kameyama_galactic_ws/install/cuboid_analysis/share/cuboid_analysis/package.dsv
-- Symlinking: /home/dars/kameyama_galactic_ws/install/cuboid_analysis/share/ament_index/resource_index/packages/cuboid_analysis
-- Symlinking: /home/dars/kameyama_galactic_ws/install/cuboid_analysis/share/cuboid_analysis/cmake/cuboid_analysisConfig.cmake
-- Symlinking: /home/dars/kameyama_galactic_ws/install/cuboid_analysis/share/cuboid_analysis/cmake/cuboid_analysisConfig-version.cmake
-- Symlinking: /home/dars/kameyama_galactic_ws/install/cuboid_analysis/share/cuboid_analysis/package.xml
