[0.193s] DEBUG:colcon:Command line arguments: ['/usr/bin/colcon', 'build']
[0.193s] DEBUG:colcon:Parsed command line arguments: Namespace(allow_overriding=[], ament_cmake_args=None, base_paths=['.'], build_base='build', catkin_cmake_args=None, catkin_skip_building_tests=False, cmake_args=None, cmake_clean_cache=False, cmake_clean_first=False, cmake_force_configure=False, cmake_target=None, cmake_target_skip_unavailable=False, continue_on_error=False, event_handlers=None, executor='parallel', ignore_user_meta=False, install_base='install', log_base=None, log_level=None, main=<bound method BuildVerb.main of <colcon_core.verb.build.BuildVerb object at 0x7feda6df1370>>, merge_install=False, metas=['./colcon.meta'], mixin=None, mixin_files=None, mixin_verb=('build',), packages_above=None, packages_above_and_dependencies=None, packages_above_depth=None, packages_end=None, packages_ignore=None, packages_ignore_regex=None, packages_select=None, packages_select_build_failed=False, packages_select_by_dep=None, packages_select_regex=None, packages_select_test_failures=False, packages_skip=None, packages_skip_build_finished=False, packages_skip_by_dep=None, packages_skip_regex=None, packages_skip_test_passed=False, packages_skip_up_to=None, packages_start=None, packages_up_to=None, packages_up_to_regex=None, parallel_workers=16, paths=None, symlink_install=False, test_result_base=None, verb_extension=<colcon_core.verb.build.BuildVerb object at 0x7feda6df1370>, verb_name='build', verb_parser=<colcon_mixin.mixin.mixin_argument.MixinArgumentDecorator object at 0x7feda6d39d60>)
[0.224s] Level 1:colcon.colcon_core.package_discovery:discover_packages(colcon_meta) check parameters
[0.224s] Level 1:colcon.colcon_core.package_discovery:discover_packages(recursive) check parameters
[0.225s] Level 1:colcon.colcon_core.package_discovery:discover_packages(ignore) check parameters
[0.225s] Level 1:colcon.colcon_core.package_discovery:discover_packages(path) check parameters
[0.225s] Level 1:colcon.colcon_core.package_discovery:discover_packages(colcon_meta) discover
[0.225s] Level 1:colcon.colcon_core.package_discovery:discover_packages(recursive) discover
[0.225s] INFO:colcon.colcon_core.package_discovery:Crawling recursively for packages in '/home/dars/kameyama_galactic_ws'
[0.225s] Level 1:colcon.colcon_core.package_identification:_identify(.) by extensions ['ignore', 'ignore_ament_install']
[0.225s] Level 1:colcon.colcon_core.package_identification:_identify(.) by extension 'ignore'
[0.225s] Level 1:colcon.colcon_core.package_identification:_identify(.) by extension 'ignore_ament_install'
[0.225s] Level 1:colcon.colcon_core.package_identification:_identify(.) by extensions ['colcon_pkg']
[0.225s] Level 1:colcon.colcon_core.package_identification:_identify(.) by extension 'colcon_pkg'
[0.225s] Level 1:colcon.colcon_core.package_identification:_identify(.) by extensions ['colcon_meta']
[0.225s] Level 1:colcon.colcon_core.package_identification:_identify(.) by extension 'colcon_meta'
[0.225s] Level 1:colcon.colcon_core.package_identification:_identify(.) by extensions ['ros']
[0.225s] Level 1:colcon.colcon_core.package_identification:_identify(.) by extension 'ros'
[0.236s] Level 1:colcon.colcon_core.package_identification:_identify(.) by extensions ['cmake', 'python']
[0.236s] Level 1:colcon.colcon_core.package_identification:_identify(.) by extension 'cmake'
[0.236s] Level 1:colcon.colcon_core.package_identification:_identify(.) by extension 'python'
[0.236s] Level 1:colcon.colcon_core.package_identification:_identify(.) by extensions ['python_setup_py']
[0.236s] Level 1:colcon.colcon_core.package_identification:_identify(.) by extension 'python_setup_py'
[0.237s] Level 1:colcon.colcon_core.package_identification:_identify(build) by extensions ['ignore', 'ignore_ament_install']
[0.237s] Level 1:colcon.colcon_core.package_identification:_identify(build) by extension 'ignore'
[0.237s] Level 1:colcon.colcon_core.package_identification:_identify(build) ignored
[0.237s] Level 1:colcon.colcon_core.package_identification:_identify(install) by extensions ['ignore', 'ignore_ament_install']
[0.237s] Level 1:colcon.colcon_core.package_identification:_identify(install) by extension 'ignore'
[0.237s] Level 1:colcon.colcon_core.package_identification:_identify(install) ignored
[0.237s] Level 1:colcon.colcon_core.package_identification:_identify(log) by extensions ['ignore', 'ignore_ament_install']
[0.237s] Level 1:colcon.colcon_core.package_identification:_identify(log) by extension 'ignore'
[0.237s] Level 1:colcon.colcon_core.package_identification:_identify(log) ignored
[0.237s] Level 1:colcon.colcon_core.package_identification:_identify(src) by extensions ['ignore', 'ignore_ament_install']
[0.237s] Level 1:colcon.colcon_core.package_identification:_identify(src) by extension 'ignore'
[0.237s] Level 1:colcon.colcon_core.package_identification:_identify(src) by extension 'ignore_ament_install'
[0.237s] Level 1:colcon.colcon_core.package_identification:_identify(src) by extensions ['colcon_pkg']
[0.237s] Level 1:colcon.colcon_core.package_identification:_identify(src) by extension 'colcon_pkg'
[0.237s] Level 1:colcon.colcon_core.package_identification:_identify(src) by extensions ['colcon_meta']
[0.237s] Level 1:colcon.colcon_core.package_identification:_identify(src) by extension 'colcon_meta'
[0.237s] Level 1:colcon.colcon_core.package_identification:_identify(src) by extensions ['ros']
[0.237s] Level 1:colcon.colcon_core.package_identification:_identify(src) by extension 'ros'
[0.237s] Level 1:colcon.colcon_core.package_identification:_identify(src) by extensions ['cmake', 'python']
[0.237s] Level 1:colcon.colcon_core.package_identification:_identify(src) by extension 'cmake'
[0.237s] Level 1:colcon.colcon_core.package_identification:_identify(src) by extension 'python'
[0.237s] Level 1:colcon.colcon_core.package_identification:_identify(src) by extensions ['python_setup_py']
[0.237s] Level 1:colcon.colcon_core.package_identification:_identify(src) by extension 'python_setup_py'
[0.237s] Level 1:colcon.colcon_core.package_identification:_identify(src/cuboid_analysis) by extensions ['ignore', 'ignore_ament_install']
[0.237s] Level 1:colcon.colcon_core.package_identification:_identify(src/cuboid_analysis) by extension 'ignore'
[0.237s] Level 1:colcon.colcon_core.package_identification:_identify(src/cuboid_analysis) by extension 'ignore_ament_install'
[0.237s] Level 1:colcon.colcon_core.package_identification:_identify(src/cuboid_analysis) by extensions ['colcon_pkg']
[0.237s] Level 1:colcon.colcon_core.package_identification:_identify(src/cuboid_analysis) by extension 'colcon_pkg'
[0.237s] Level 1:colcon.colcon_core.package_identification:_identify(src/cuboid_analysis) by extensions ['colcon_meta']
[0.237s] Level 1:colcon.colcon_core.package_identification:_identify(src/cuboid_analysis) by extension 'colcon_meta'
[0.237s] Level 1:colcon.colcon_core.package_identification:_identify(src/cuboid_analysis) by extensions ['ros']
[0.238s] Level 1:colcon.colcon_core.package_identification:_identify(src/cuboid_analysis) by extension 'ros'
[0.239s] DEBUG:colcon.colcon_core.package_identification:Package 'src/cuboid_analysis' with type 'ros.ament_cmake' and name 'cuboid_analysis'
[0.239s] Level 1:colcon.colcon_core.package_identification:_identify(src/map_navigation2) by extensions ['ignore', 'ignore_ament_install']
[0.239s] Level 1:colcon.colcon_core.package_identification:_identify(src/map_navigation2) by extension 'ignore'
[0.239s] Level 1:colcon.colcon_core.package_identification:_identify(src/map_navigation2) by extension 'ignore_ament_install'
[0.239s] Level 1:colcon.colcon_core.package_identification:_identify(src/map_navigation2) by extensions ['colcon_pkg']
[0.239s] Level 1:colcon.colcon_core.package_identification:_identify(src/map_navigation2) by extension 'colcon_pkg'
[0.239s] Level 1:colcon.colcon_core.package_identification:_identify(src/map_navigation2) by extensions ['colcon_meta']
[0.239s] Level 1:colcon.colcon_core.package_identification:_identify(src/map_navigation2) by extension 'colcon_meta'
[0.239s] Level 1:colcon.colcon_core.package_identification:_identify(src/map_navigation2) by extensions ['ros']
[0.239s] Level 1:colcon.colcon_core.package_identification:_identify(src/map_navigation2) by extension 'ros'
[0.240s] DEBUG:colcon.colcon_core.package_identification:Package 'src/map_navigation2' with type 'ros.ament_python' and name 'map_navigation2'
[0.240s] Level 1:colcon.colcon_core.package_discovery:discover_packages(recursive) using defaults
[0.240s] Level 1:colcon.colcon_core.package_discovery:discover_packages(ignore) discover
[0.240s] Level 1:colcon.colcon_core.package_discovery:discover_packages(ignore) using defaults
[0.240s] Level 1:colcon.colcon_core.package_discovery:discover_packages(path) discover
[0.240s] Level 1:colcon.colcon_core.package_discovery:discover_packages(path) using defaults
[0.252s] Level 1:colcon.colcon_core.package_discovery:discover_packages(prefix_path) check parameters
[0.252s] Level 1:colcon.colcon_core.package_discovery:discover_packages(prefix_path) discover
[0.254s] DEBUG:colcon.colcon_installed_package_information.package_discovery:Found 2 installed packages in /home/dars/kameyama_galactic_ws/install
[0.255s] DEBUG:colcon.colcon_installed_package_information.package_discovery:Found 52 installed packages in /home/dars/ros2_basic_ws/install
[0.256s] DEBUG:colcon.colcon_installed_package_information.package_discovery:Found 300 installed packages in /opt/ros/galactic
[0.257s] DEBUG:colcon.colcon_installed_package_information.package_discovery:Found 3 installed packages in /opt/ros/noetic
[0.257s] Level 1:colcon.colcon_core.package_discovery:discover_packages(prefix_path) using defaults
[0.296s] Level 5:colcon.colcon_core.verb:set package 'cuboid_analysis' build argument 'cmake_args' from command line to 'None'
[0.296s] Level 5:colcon.colcon_core.verb:set package 'cuboid_analysis' build argument 'cmake_target' from command line to 'None'
[0.296s] Level 5:colcon.colcon_core.verb:set package 'cuboid_analysis' build argument 'cmake_target_skip_unavailable' from command line to 'False'
[0.296s] Level 5:colcon.colcon_core.verb:set package 'cuboid_analysis' build argument 'cmake_clean_cache' from command line to 'False'
[0.296s] Level 5:colcon.colcon_core.verb:set package 'cuboid_analysis' build argument 'cmake_clean_first' from command line to 'False'
[0.296s] Level 5:colcon.colcon_core.verb:set package 'cuboid_analysis' build argument 'cmake_force_configure' from command line to 'False'
[0.296s] Level 5:colcon.colcon_core.verb:set package 'cuboid_analysis' build argument 'ament_cmake_args' from command line to 'None'
[0.296s] Level 5:colcon.colcon_core.verb:set package 'cuboid_analysis' build argument 'catkin_cmake_args' from command line to 'None'
[0.296s] Level 5:colcon.colcon_core.verb:set package 'cuboid_analysis' build argument 'catkin_skip_building_tests' from command line to 'False'
[0.296s] DEBUG:colcon.colcon_core.verb:Building package 'cuboid_analysis' with the following arguments: {'ament_cmake_args': None, 'build_base': '/home/dars/kameyama_galactic_ws/build/cuboid_analysis', 'catkin_cmake_args': None, 'catkin_skip_building_tests': False, 'cmake_args': None, 'cmake_clean_cache': False, 'cmake_clean_first': False, 'cmake_force_configure': False, 'cmake_target': None, 'cmake_target_skip_unavailable': False, 'install_base': '/home/dars/kameyama_galactic_ws/install/cuboid_analysis', 'merge_install': False, 'path': '/home/dars/kameyama_galactic_ws/src/cuboid_analysis', 'symlink_install': False, 'test_result_base': None}
[0.297s] Level 5:colcon.colcon_core.verb:set package 'map_navigation2' build argument 'cmake_args' from command line to 'None'
[0.297s] Level 5:colcon.colcon_core.verb:set package 'map_navigation2' build argument 'cmake_target' from command line to 'None'
[0.297s] Level 5:colcon.colcon_core.verb:set package 'map_navigation2' build argument 'cmake_target_skip_unavailable' from command line to 'False'
[0.297s] Level 5:colcon.colcon_core.verb:set package 'map_navigation2' build argument 'cmake_clean_cache' from command line to 'False'
[0.297s] Level 5:colcon.colcon_core.verb:set package 'map_navigation2' build argument 'cmake_clean_first' from command line to 'False'
[0.297s] Level 5:colcon.colcon_core.verb:set package 'map_navigation2' build argument 'cmake_force_configure' from command line to 'False'
[0.297s] Level 5:colcon.colcon_core.verb:set package 'map_navigation2' build argument 'ament_cmake_args' from command line to 'None'
[0.297s] Level 5:colcon.colcon_core.verb:set package 'map_navigation2' build argument 'catkin_cmake_args' from command line to 'None'
[0.297s] Level 5:colcon.colcon_core.verb:set package 'map_navigation2' build argument 'catkin_skip_building_tests' from command line to 'False'
[0.297s] DEBUG:colcon.colcon_core.verb:Building package 'map_navigation2' with the following arguments: {'ament_cmake_args': None, 'build_base': '/home/dars/kameyama_galactic_ws/build/map_navigation2', 'catkin_cmake_args': None, 'catkin_skip_building_tests': False, 'cmake_args': None, 'cmake_clean_cache': False, 'cmake_clean_first': False, 'cmake_force_configure': False, 'cmake_target': None, 'cmake_target_skip_unavailable': False, 'install_base': '/home/dars/kameyama_galactic_ws/install/map_navigation2', 'merge_install': False, 'path': '/home/dars/kameyama_galactic_ws/src/map_navigation2', 'symlink_install': False, 'test_result_base': None}
[0.297s] INFO:colcon.colcon_core.executor:Executing jobs using 'parallel' executor
[0.297s] DEBUG:colcon.colcon_parallel_executor.executor.parallel:run_until_complete
[0.298s] INFO:colcon.colcon_ros.task.ament_cmake.build:Building ROS package in '/home/dars/kameyama_galactic_ws/src/cuboid_analysis' with build type 'ament_cmake'
[0.298s] INFO:colcon.colcon_cmake.task.cmake.build:Building CMake package in '/home/dars/kameyama_galactic_ws/src/cuboid_analysis'
[0.299s] INFO:colcon.colcon_core.plugin_system:Skipping extension 'colcon_core.shell.bat': Not used on non-Windows systems
[0.299s] INFO:colcon.colcon_core.shell:Skip shell extension 'powershell' for command environment: Not usable outside of PowerShell
[0.299s] DEBUG:colcon.colcon_core.shell:Skip shell extension 'dsv' for command environment
[0.302s] DEBUG:colcon.colcon_core.shell:Ignoring prefix path '/home/dars/hukumura/ros2024/devel'
[0.302s] DEBUG:colcon.colcon_core.shell:Ignoring prefix path '/home/dars/hukumura/ros/devel'
[0.303s] DEBUG:colcon.colcon_core.shell:Ignoring prefix path '/home/dars/ros2024/devel'
[0.305s] INFO:colcon.colcon_ros.task.ament_python.build:Building ROS package in '/home/dars/kameyama_galactic_ws/src/map_navigation2' with build type 'ament_python'
[0.305s] Level 1:colcon.colcon_core.shell:create_environment_hook('map_navigation2', 'ament_prefix_path')
[0.306s] INFO:colcon.colcon_core.shell:Creating environment hook '/home/dars/kameyama_galactic_ws/install/map_navigation2/share/map_navigation2/hook/ament_prefix_path.ps1'
[0.306s] INFO:colcon.colcon_core.shell:Creating environment descriptor '/home/dars/kameyama_galactic_ws/install/map_navigation2/share/map_navigation2/hook/ament_prefix_path.dsv'
[0.307s] INFO:colcon.colcon_core.shell:Creating environment hook '/home/dars/kameyama_galactic_ws/install/map_navigation2/share/map_navigation2/hook/ament_prefix_path.sh'
[0.307s] INFO:colcon.colcon_core.shell:Skip shell extension 'powershell' for command environment: Not usable outside of PowerShell
[0.307s] DEBUG:colcon.colcon_core.shell:Skip shell extension 'dsv' for command environment
[0.310s] DEBUG:colcon.colcon_core.shell:Ignoring prefix path '/home/dars/hukumura/ros2024/devel'
[0.310s] DEBUG:colcon.colcon_core.shell:Ignoring prefix path '/home/dars/hukumura/ros/devel'
[0.310s] DEBUG:colcon.colcon_core.shell:Ignoring prefix path '/home/dars/ros2024/devel'
[0.319s] DEBUG:colcon.colcon_core.event_handler.log_command:Invoking command in '/home/dars/kameyama_galactic_ws/build/cuboid_analysis': CMAKE_PREFIX_PATH=/home/dars/kameyama_galactic_ws/install/cuboid_analysis:/home/dars/ros2_basic_ws/install/image_pipeline:/home/dars/ros2_basic_ws/install/stereo_image_proc:/home/dars/ros2_basic_ws/install/image_proc:/home/dars/ros2_basic_ws/install/tracetools_image_pipeline:/home/dars/ros2_basic_ws/install/nav2_system_tests:/home/dars/ros2_basic_ws/install/nav2_bringup:/home/dars/ros2_basic_ws/install/slam_toolbox:/home/dars/ros2_basic_ws/install/realsense2_description:/home/dars/ros2_basic_ws/install/realsense2_camera:/home/dars/ros2_basic_ws/install/realsense2_camera_msgs:/home/dars/ros2_basic_ws/install/navigation2:/home/dars/ros2_basic_ws/install/nav2_dwb_controller:/home/dars/ros2_basic_ws/install/nav2_controller:/home/dars/ros2_basic_ws/install/dwb_plugins:/home/dars/ros2_basic_ws/install/dwb_critics:/home/dars/ros2_basic_ws/install/dwb_core:/home/dars/ros2_basic_ws/install/nav_2d_utils:/home/dars/ros2_basic_ws/install/dwb_msgs:/home/dars/ros2_basic_ws/install/nav_2d_msgs:/home/dars/ros2_basic_ws/install/nav2_waypoint_follower:/home/dars/ros2_basic_ws/install/nav2_theta_star_planner:/home/dars/ros2_basic_ws/install/nav2_smac_planner:/home/dars/ros2_basic_ws/install/nav2_rotation_shim_controller:/home/dars/ros2_basic_ws/install/nav2_regulated_pure_pursuit_controller:/home/dars/ros2_basic_ws/install/nav2_recoveries:/home/dars/ros2_basic_ws/install/nav2_planner:/home/dars/ros2_basic_ws/install/nav2_navfn_planner:/home/dars/ros2_basic_ws/install/nav2_bt_navigator:/home/dars/ros2_basic_ws/install/nav2_core:/home/dars/ros2_basic_ws/install/costmap_queue:/home/dars/ros2_basic_ws/install/nav2_costmap_2d:/home/dars/ros2_basic_ws/install/nav2_voxel_grid:/home/dars/ros2_basic_ws/install/nav2_rviz_plugins:/home/dars/ros2_basic_ws/install/nav2_map_server:/home/dars/ros2_basic_ws/install/nav2_lifecycle_manager:/home/dars/ros2_basic_ws/install/nav2_behavior_tree:/home/dars/ros2_basic_ws/install/nav2_amcl:/home/dars/ros2_basic_ws/install/nav2_util:/home/dars/ros2_basic_ws/install/nav2_msgs:/home/dars/ros2_basic_ws/install/nav2_common:/home/dars/ros2_basic_ws/install/moveit_msgs:/home/dars/ros2_basic_ws/install/image_view:/home/dars/ros2_basic_ws/install/image_rotate:/home/dars/ros2_basic_ws/install/image_publisher:/home/dars/ros2_basic_ws/install/groot:/home/dars/ros2_basic_ws/install/depth_image_proc:/home/dars/ros2_basic_ws/install/darknet_ros:/home/dars/ros2_basic_ws/install/darknet_ros_msgs:/home/dars/ros2_basic_ws/install/behaviortree_cpp_v3:/home/dars/kameyama_galactic_ws/install/map_navigation2:/home/dars/ros2_basic_ws/install/nav2_simple_commander:/home/dars/ros2_basic_ws/install/nav2_gazebo_spawner:/home/dars/ros2_basic_ws/install/camera_calibration:/opt/ros/galactic:/home/dars/hukumura/ros2024/devel:/home/dars/hukumura/hulumura/ros2024/devel:/home/dars/hukumura/ros/devel:/home/dars/ros2024/devel:/opt/ros/noetic /home/dars/.local/bin/cmake --build /home/dars/kameyama_galactic_ws/build/cuboid_analysis -- -j16 -l16
[0.489s] INFO:colcon.colcon_core.task.python.build:Building Python package in '/home/dars/kameyama_galactic_ws/src/map_navigation2'
[0.490s] INFO:colcon.colcon_core.shell:Skip shell extension 'powershell' for command environment: Not usable outside of PowerShell
[0.490s] DEBUG:colcon.colcon_core.shell:Skip shell extension 'dsv' for command environment
[0.497s] DEBUG:colcon.colcon_core.shell:Ignoring prefix path '/home/dars/hukumura/ros2024/devel'
[0.497s] DEBUG:colcon.colcon_core.shell:Ignoring prefix path '/home/dars/hukumura/ros/devel'
[0.497s] DEBUG:colcon.colcon_core.shell:Ignoring prefix path '/home/dars/ros2024/devel'
[0.504s] DEBUG:colcon.colcon_core.event_handler.log_command:Invoked command in '/home/dars/kameyama_galactic_ws/build/cuboid_analysis' returned '0': CMAKE_PREFIX_PATH=/home/dars/kameyama_galactic_ws/install/cuboid_analysis:/home/dars/ros2_basic_ws/install/image_pipeline:/home/dars/ros2_basic_ws/install/stereo_image_proc:/home/dars/ros2_basic_ws/install/image_proc:/home/dars/ros2_basic_ws/install/tracetools_image_pipeline:/home/dars/ros2_basic_ws/install/nav2_system_tests:/home/dars/ros2_basic_ws/install/nav2_bringup:/home/dars/ros2_basic_ws/install/slam_toolbox:/home/dars/ros2_basic_ws/install/realsense2_description:/home/dars/ros2_basic_ws/install/realsense2_camera:/home/dars/ros2_basic_ws/install/realsense2_camera_msgs:/home/dars/ros2_basic_ws/install/navigation2:/home/dars/ros2_basic_ws/install/nav2_dwb_controller:/home/dars/ros2_basic_ws/install/nav2_controller:/home/dars/ros2_basic_ws/install/dwb_plugins:/home/dars/ros2_basic_ws/install/dwb_critics:/home/dars/ros2_basic_ws/install/dwb_core:/home/dars/ros2_basic_ws/install/nav_2d_utils:/home/dars/ros2_basic_ws/install/dwb_msgs:/home/dars/ros2_basic_ws/install/nav_2d_msgs:/home/dars/ros2_basic_ws/install/nav2_waypoint_follower:/home/dars/ros2_basic_ws/install/nav2_theta_star_planner:/home/dars/ros2_basic_ws/install/nav2_smac_planner:/home/dars/ros2_basic_ws/install/nav2_rotation_shim_controller:/home/dars/ros2_basic_ws/install/nav2_regulated_pure_pursuit_controller:/home/dars/ros2_basic_ws/install/nav2_recoveries:/home/dars/ros2_basic_ws/install/nav2_planner:/home/dars/ros2_basic_ws/install/nav2_navfn_planner:/home/dars/ros2_basic_ws/install/nav2_bt_navigator:/home/dars/ros2_basic_ws/install/nav2_core:/home/dars/ros2_basic_ws/install/costmap_queue:/home/dars/ros2_basic_ws/install/nav2_costmap_2d:/home/dars/ros2_basic_ws/install/nav2_voxel_grid:/home/dars/ros2_basic_ws/install/nav2_rviz_plugins:/home/dars/ros2_basic_ws/install/nav2_map_server:/home/dars/ros2_basic_ws/install/nav2_lifecycle_manager:/home/dars/ros2_basic_ws/install/nav2_behavior_tree:/home/dars/ros2_basic_ws/install/nav2_amcl:/home/dars/ros2_basic_ws/install/nav2_util:/home/dars/ros2_basic_ws/install/nav2_msgs:/home/dars/ros2_basic_ws/install/nav2_common:/home/dars/ros2_basic_ws/install/moveit_msgs:/home/dars/ros2_basic_ws/install/image_view:/home/dars/ros2_basic_ws/install/image_rotate:/home/dars/ros2_basic_ws/install/image_publisher:/home/dars/ros2_basic_ws/install/groot:/home/dars/ros2_basic_ws/install/depth_image_proc:/home/dars/ros2_basic_ws/install/darknet_ros:/home/dars/ros2_basic_ws/install/darknet_ros_msgs:/home/dars/ros2_basic_ws/install/behaviortree_cpp_v3:/home/dars/kameyama_galactic_ws/install/map_navigation2:/home/dars/ros2_basic_ws/install/nav2_simple_commander:/home/dars/ros2_basic_ws/install/nav2_gazebo_spawner:/home/dars/ros2_basic_ws/install/camera_calibration:/opt/ros/galactic:/home/dars/hukumura/ros2024/devel:/home/dars/hukumura/hulumura/ros2024/devel:/home/dars/hukumura/ros/devel:/home/dars/ros2024/devel:/opt/ros/noetic /home/dars/.local/bin/cmake --build /home/dars/kameyama_galactic_ws/build/cuboid_analysis -- -j16 -l16
[0.632s] DEBUG:colcon.colcon_core.event_handler.log_command:Invoking command in '/home/dars/kameyama_galactic_ws/build/cuboid_analysis': CMAKE_PREFIX_PATH=/home/dars/kameyama_galactic_ws/install/cuboid_analysis:/home/dars/ros2_basic_ws/install/image_pipeline:/home/dars/ros2_basic_ws/install/stereo_image_proc:/home/dars/ros2_basic_ws/install/image_proc:/home/dars/ros2_basic_ws/install/tracetools_image_pipeline:/home/dars/ros2_basic_ws/install/nav2_system_tests:/home/dars/ros2_basic_ws/install/nav2_bringup:/home/dars/ros2_basic_ws/install/slam_toolbox:/home/dars/ros2_basic_ws/install/realsense2_description:/home/dars/ros2_basic_ws/install/realsense2_camera:/home/dars/ros2_basic_ws/install/realsense2_camera_msgs:/home/dars/ros2_basic_ws/install/navigation2:/home/dars/ros2_basic_ws/install/nav2_dwb_controller:/home/dars/ros2_basic_ws/install/nav2_controller:/home/dars/ros2_basic_ws/install/dwb_plugins:/home/dars/ros2_basic_ws/install/dwb_critics:/home/dars/ros2_basic_ws/install/dwb_core:/home/dars/ros2_basic_ws/install/nav_2d_utils:/home/dars/ros2_basic_ws/install/dwb_msgs:/home/dars/ros2_basic_ws/install/nav_2d_msgs:/home/dars/ros2_basic_ws/install/nav2_waypoint_follower:/home/dars/ros2_basic_ws/install/nav2_theta_star_planner:/home/dars/ros2_basic_ws/install/nav2_smac_planner:/home/dars/ros2_basic_ws/install/nav2_rotation_shim_controller:/home/dars/ros2_basic_ws/install/nav2_regulated_pure_pursuit_controller:/home/dars/ros2_basic_ws/install/nav2_recoveries:/home/dars/ros2_basic_ws/install/nav2_planner:/home/dars/ros2_basic_ws/install/nav2_navfn_planner:/home/dars/ros2_basic_ws/install/nav2_bt_navigator:/home/dars/ros2_basic_ws/install/nav2_core:/home/dars/ros2_basic_ws/install/costmap_queue:/home/dars/ros2_basic_ws/install/nav2_costmap_2d:/home/dars/ros2_basic_ws/install/nav2_voxel_grid:/home/dars/ros2_basic_ws/install/nav2_rviz_plugins:/home/dars/ros2_basic_ws/install/nav2_map_server:/home/dars/ros2_basic_ws/install/nav2_lifecycle_manager:/home/dars/ros2_basic_ws/install/nav2_behavior_tree:/home/dars/ros2_basic_ws/install/nav2_amcl:/home/dars/ros2_basic_ws/install/nav2_util:/home/dars/ros2_basic_ws/install/nav2_msgs:/home/dars/ros2_basic_ws/install/nav2_common:/home/dars/ros2_basic_ws/install/moveit_msgs:/home/dars/ros2_basic_ws/install/image_view:/home/dars/ros2_basic_ws/install/image_rotate:/home/dars/ros2_basic_ws/install/image_publisher:/home/dars/ros2_basic_ws/install/groot:/home/dars/ros2_basic_ws/install/depth_image_proc:/home/dars/ros2_basic_ws/install/darknet_ros:/home/dars/ros2_basic_ws/install/darknet_ros_msgs:/home/dars/ros2_basic_ws/install/behaviortree_cpp_v3:/home/dars/kameyama_galactic_ws/install/map_navigation2:/home/dars/ros2_basic_ws/install/nav2_simple_commander:/home/dars/ros2_basic_ws/install/nav2_gazebo_spawner:/home/dars/ros2_basic_ws/install/camera_calibration:/opt/ros/galactic:/home/dars/hukumura/ros2024/devel:/home/dars/hukumura/hulumura/ros2024/devel:/home/dars/hukumura/ros/devel:/home/dars/ros2024/devel:/opt/ros/noetic /home/dars/.local/bin/cmake --install /home/dars/kameyama_galactic_ws/build/cuboid_analysis
[0.676s] Level 1:colcon.colcon_core.environment:create_environment_scripts_only(cuboid_analysis)
[0.677s] DEBUG:colcon.colcon_core.event_handler.log_command:Invoked command in '/home/dars/kameyama_galactic_ws/build/cuboid_analysis' returned '0': CMAKE_PREFIX_PATH=/home/dars/kameyama_galactic_ws/install/cuboid_analysis:/home/dars/ros2_basic_ws/install/image_pipeline:/home/dars/ros2_basic_ws/install/stereo_image_proc:/home/dars/ros2_basic_ws/install/image_proc:/home/dars/ros2_basic_ws/install/tracetools_image_pipeline:/home/dars/ros2_basic_ws/install/nav2_system_tests:/home/dars/ros2_basic_ws/install/nav2_bringup:/home/dars/ros2_basic_ws/install/slam_toolbox:/home/dars/ros2_basic_ws/install/realsense2_description:/home/dars/ros2_basic_ws/install/realsense2_camera:/home/dars/ros2_basic_ws/install/realsense2_camera_msgs:/home/dars/ros2_basic_ws/install/navigation2:/home/dars/ros2_basic_ws/install/nav2_dwb_controller:/home/dars/ros2_basic_ws/install/nav2_controller:/home/dars/ros2_basic_ws/install/dwb_plugins:/home/dars/ros2_basic_ws/install/dwb_critics:/home/dars/ros2_basic_ws/install/dwb_core:/home/dars/ros2_basic_ws/install/nav_2d_utils:/home/dars/ros2_basic_ws/install/dwb_msgs:/home/dars/ros2_basic_ws/install/nav_2d_msgs:/home/dars/ros2_basic_ws/install/nav2_waypoint_follower:/home/dars/ros2_basic_ws/install/nav2_theta_star_planner:/home/dars/ros2_basic_ws/install/nav2_smac_planner:/home/dars/ros2_basic_ws/install/nav2_rotation_shim_controller:/home/dars/ros2_basic_ws/install/nav2_regulated_pure_pursuit_controller:/home/dars/ros2_basic_ws/install/nav2_recoveries:/home/dars/ros2_basic_ws/install/nav2_planner:/home/dars/ros2_basic_ws/install/nav2_navfn_planner:/home/dars/ros2_basic_ws/install/nav2_bt_navigator:/home/dars/ros2_basic_ws/install/nav2_core:/home/dars/ros2_basic_ws/install/costmap_queue:/home/dars/ros2_basic_ws/install/nav2_costmap_2d:/home/dars/ros2_basic_ws/install/nav2_voxel_grid:/home/dars/ros2_basic_ws/install/nav2_rviz_plugins:/home/dars/ros2_basic_ws/install/nav2_map_server:/home/dars/ros2_basic_ws/install/nav2_lifecycle_manager:/home/dars/ros2_basic_ws/install/nav2_behavior_tree:/home/dars/ros2_basic_ws/install/nav2_amcl:/home/dars/ros2_basic_ws/install/nav2_util:/home/dars/ros2_basic_ws/install/nav2_msgs:/home/dars/ros2_basic_ws/install/nav2_common:/home/dars/ros2_basic_ws/install/moveit_msgs:/home/dars/ros2_basic_ws/install/image_view:/home/dars/ros2_basic_ws/install/image_rotate:/home/dars/ros2_basic_ws/install/image_publisher:/home/dars/ros2_basic_ws/install/groot:/home/dars/ros2_basic_ws/install/depth_image_proc:/home/dars/ros2_basic_ws/install/darknet_ros:/home/dars/ros2_basic_ws/install/darknet_ros_msgs:/home/dars/ros2_basic_ws/install/behaviortree_cpp_v3:/home/dars/kameyama_galactic_ws/install/map_navigation2:/home/dars/ros2_basic_ws/install/nav2_simple_commander:/home/dars/ros2_basic_ws/install/nav2_gazebo_spawner:/home/dars/ros2_basic_ws/install/camera_calibration:/opt/ros/galactic:/home/dars/hukumura/ros2024/devel:/home/dars/hukumura/hulumura/ros2024/devel:/home/dars/hukumura/ros/devel:/home/dars/ros2024/devel:/opt/ros/noetic /home/dars/.local/bin/cmake --install /home/dars/kameyama_galactic_ws/build/cuboid_analysis
[0.680s] Level 1:colcon.colcon_core.environment:checking '/home/dars/kameyama_galactic_ws/install/cuboid_analysis' for CMake module files
[0.680s] Level 1:colcon.colcon_core.environment:checking '/home/dars/kameyama_galactic_ws/install/cuboid_analysis' for CMake config files
[0.681s] Level 1:colcon.colcon_core.shell:create_environment_hook('cuboid_analysis', 'cmake_prefix_path')
[0.681s] INFO:colcon.colcon_core.shell:Creating environment hook '/home/dars/kameyama_galactic_ws/install/cuboid_analysis/share/cuboid_analysis/hook/cmake_prefix_path.ps1'
[0.682s] INFO:colcon.colcon_core.shell:Creating environment descriptor '/home/dars/kameyama_galactic_ws/install/cuboid_analysis/share/cuboid_analysis/hook/cmake_prefix_path.dsv'
[0.682s] INFO:colcon.colcon_core.shell:Creating environment hook '/home/dars/kameyama_galactic_ws/install/cuboid_analysis/share/cuboid_analysis/hook/cmake_prefix_path.sh'
[0.683s] Level 1:colcon.colcon_core.environment:checking '/home/dars/kameyama_galactic_ws/install/cuboid_analysis/lib'
[0.683s] Level 1:colcon.colcon_core.environment:checking '/home/dars/kameyama_galactic_ws/install/cuboid_analysis/bin'
[0.683s] Level 1:colcon.colcon_core.environment:checking '/home/dars/kameyama_galactic_ws/install/cuboid_analysis/lib/pkgconfig/cuboid_analysis.pc'
[0.683s] Level 1:colcon.colcon_core.environment:checking '/home/dars/kameyama_galactic_ws/install/cuboid_analysis/lib/python3.8/site-packages'
[0.683s] Level 1:colcon.colcon_core.environment:checking '/home/dars/kameyama_galactic_ws/install/cuboid_analysis/bin'
[0.684s] INFO:colcon.colcon_core.shell:Creating package script '/home/dars/kameyama_galactic_ws/install/cuboid_analysis/share/cuboid_analysis/package.ps1'
[0.684s] INFO:colcon.colcon_core.shell:Creating package descriptor '/home/dars/kameyama_galactic_ws/install/cuboid_analysis/share/cuboid_analysis/package.dsv'
[0.684s] INFO:colcon.colcon_core.shell:Creating package script '/home/dars/kameyama_galactic_ws/install/cuboid_analysis/share/cuboid_analysis/package.sh'
[0.685s] INFO:colcon.colcon_core.shell:Creating package script '/home/dars/kameyama_galactic_ws/install/cuboid_analysis/share/cuboid_analysis/package.bash'
[0.685s] INFO:colcon.colcon_core.shell:Creating package script '/home/dars/kameyama_galactic_ws/install/cuboid_analysis/share/cuboid_analysis/package.zsh'
[0.685s] Level 1:colcon.colcon_core.environment:create_file_with_runtime_dependencies(/home/dars/kameyama_galactic_ws/install/cuboid_analysis/share/colcon-core/packages/cuboid_analysis)
[0.777s] Level 1:colcon.colcon_core.environment:create_environment_scripts_only(cuboid_analysis)
[0.777s] Level 1:colcon.colcon_core.environment:checking '/home/dars/kameyama_galactic_ws/install/cuboid_analysis' for CMake module files
[0.778s] Level 1:colcon.colcon_core.environment:checking '/home/dars/kameyama_galactic_ws/install/cuboid_analysis' for CMake config files
[0.778s] Level 1:colcon.colcon_core.shell:create_environment_hook('cuboid_analysis', 'cmake_prefix_path')
[0.779s] INFO:colcon.colcon_core.shell:Creating environment hook '/home/dars/kameyama_galactic_ws/install/cuboid_analysis/share/cuboid_analysis/hook/cmake_prefix_path.ps1'
[0.779s] INFO:colcon.colcon_core.shell:Creating environment descriptor '/home/dars/kameyama_galactic_ws/install/cuboid_analysis/share/cuboid_analysis/hook/cmake_prefix_path.dsv'
[0.780s] INFO:colcon.colcon_core.shell:Creating environment hook '/home/dars/kameyama_galactic_ws/install/cuboid_analysis/share/cuboid_analysis/hook/cmake_prefix_path.sh'
[0.780s] Level 1:colcon.colcon_core.environment:checking '/home/dars/kameyama_galactic_ws/install/cuboid_analysis/lib'
[0.780s] Level 1:colcon.colcon_core.environment:checking '/home/dars/kameyama_galactic_ws/install/cuboid_analysis/bin'
[0.780s] Level 1:colcon.colcon_core.environment:checking '/home/dars/kameyama_galactic_ws/install/cuboid_analysis/lib/pkgconfig/cuboid_analysis.pc'
[0.781s] Level 1:colcon.colcon_core.environment:checking '/home/dars/kameyama_galactic_ws/install/cuboid_analysis/lib/python3.8/site-packages'
[0.781s] Level 1:colcon.colcon_core.environment:checking '/home/dars/kameyama_galactic_ws/install/cuboid_analysis/bin'
[0.781s] INFO:colcon.colcon_core.shell:Creating package script '/home/dars/kameyama_galactic_ws/install/cuboid_analysis/share/cuboid_analysis/package.ps1'
[0.782s] INFO:colcon.colcon_core.shell:Creating package descriptor '/home/dars/kameyama_galactic_ws/install/cuboid_analysis/share/cuboid_analysis/package.dsv'
[0.782s] INFO:colcon.colcon_core.shell:Creating package script '/home/dars/kameyama_galactic_ws/install/cuboid_analysis/share/cuboid_analysis/package.sh'
[0.782s] INFO:colcon.colcon_core.shell:Creating package script '/home/dars/kameyama_galactic_ws/install/cuboid_analysis/share/cuboid_analysis/package.bash'
[0.783s] INFO:colcon.colcon_core.shell:Creating package script '/home/dars/kameyama_galactic_ws/install/cuboid_analysis/share/cuboid_analysis/package.zsh'
[0.783s] Level 1:colcon.colcon_core.environment:create_file_with_runtime_dependencies(/home/dars/kameyama_galactic_ws/install/cuboid_analysis/share/colcon-core/packages/cuboid_analysis)
[1.015s] DEBUG:colcon.colcon_core.event_handler.log_command:Invoking command in '/home/dars/kameyama_galactic_ws/src/map_navigation2': PYTHONPATH=/home/dars/kameyama_galactic_ws/build/map_navigation2/prefix_override:/home/dars/kameyama_galactic_ws/install/map_navigation2/lib/python3.8/site-packages:${PYTHONPATH} /usr/bin/python3 -W ignore:setup.py install is deprecated setup.py egg_info --egg-base ../../build/map_navigation2 build --build-base /home/dars/kameyama_galactic_ws/build/map_navigation2/build install --record /home/dars/kameyama_galactic_ws/build/map_navigation2/install.log --single-version-externally-managed install_data
[1.458s] Level 1:colcon.colcon_core.environment:checking '/home/dars/kameyama_galactic_ws/install/map_navigation2' for CMake module files
[1.459s] DEBUG:colcon.colcon_core.event_handler.log_command:Invoked command in '/home/dars/kameyama_galactic_ws/src/map_navigation2' returned '0': PYTHONPATH=/home/dars/kameyama_galactic_ws/build/map_navigation2/prefix_override:/home/dars/kameyama_galactic_ws/install/map_navigation2/lib/python3.8/site-packages:${PYTHONPATH} /usr/bin/python3 -W ignore:setup.py install is deprecated setup.py egg_info --egg-base ../../build/map_navigation2 build --build-base /home/dars/kameyama_galactic_ws/build/map_navigation2/build install --record /home/dars/kameyama_galactic_ws/build/map_navigation2/install.log --single-version-externally-managed install_data
[1.460s] Level 1:colcon.colcon_core.environment:checking '/home/dars/kameyama_galactic_ws/install/map_navigation2' for CMake config files
[1.461s] Level 1:colcon.colcon_core.environment:checking '/home/dars/kameyama_galactic_ws/install/map_navigation2/lib'
[1.461s] Level 1:colcon.colcon_core.environment:checking '/home/dars/kameyama_galactic_ws/install/map_navigation2/bin'
[1.461s] Level 1:colcon.colcon_core.environment:checking '/home/dars/kameyama_galactic_ws/install/map_navigation2/lib/pkgconfig/map_navigation2.pc'
[1.462s] Level 1:colcon.colcon_core.environment:checking '/home/dars/kameyama_galactic_ws/install/map_navigation2/lib/python3.8/site-packages'
[1.462s] Level 1:colcon.colcon_core.shell:create_environment_hook('map_navigation2', 'pythonpath')
[1.463s] INFO:colcon.colcon_core.shell:Creating environment hook '/home/dars/kameyama_galactic_ws/install/map_navigation2/share/map_navigation2/hook/pythonpath.ps1'
[1.463s] INFO:colcon.colcon_core.shell:Creating environment descriptor '/home/dars/kameyama_galactic_ws/install/map_navigation2/share/map_navigation2/hook/pythonpath.dsv'
[1.464s] INFO:colcon.colcon_core.shell:Creating environment hook '/home/dars/kameyama_galactic_ws/install/map_navigation2/share/map_navigation2/hook/pythonpath.sh'
[1.465s] Level 1:colcon.colcon_core.environment:checking '/home/dars/kameyama_galactic_ws/install/map_navigation2/bin'
[1.465s] Level 1:colcon.colcon_core.environment:create_environment_scripts_only(map_navigation2)
[1.466s] INFO:colcon.colcon_core.shell:Creating package script '/home/dars/kameyama_galactic_ws/install/map_navigation2/share/map_navigation2/package.ps1'
[1.467s] INFO:colcon.colcon_core.shell:Creating package descriptor '/home/dars/kameyama_galactic_ws/install/map_navigation2/share/map_navigation2/package.dsv'
[1.467s] INFO:colcon.colcon_core.shell:Creating package script '/home/dars/kameyama_galactic_ws/install/map_navigation2/share/map_navigation2/package.sh'
[1.467s] INFO:colcon.colcon_core.shell:Creating package script '/home/dars/kameyama_galactic_ws/install/map_navigation2/share/map_navigation2/package.bash'
[1.467s] INFO:colcon.colcon_core.shell:Creating package script '/home/dars/kameyama_galactic_ws/install/map_navigation2/share/map_navigation2/package.zsh'
[1.468s] Level 1:colcon.colcon_core.environment:create_file_with_runtime_dependencies(/home/dars/kameyama_galactic_ws/install/map_navigation2/share/colcon-core/packages/map_navigation2)
[1.468s] DEBUG:colcon.colcon_parallel_executor.executor.parallel:closing loop
[1.468s] DEBUG:colcon.colcon_parallel_executor.executor.parallel:loop closed
[1.468s] DEBUG:colcon.colcon_parallel_executor.executor.parallel:run_until_complete finished with '0'
[1.468s] DEBUG:colcon.colcon_core.event_reactor:joining thread
[1.479s] INFO:colcon.colcon_core.plugin_system:Skipping extension 'colcon_notification.desktop_notification.terminal_notifier': Not used on non-Darwin systems
[1.479s] INFO:colcon.colcon_core.plugin_system:Skipping extension 'colcon_notification.desktop_notification.win32': Not used on non-Windows systems
[1.479s] INFO:colcon.colcon_notification.desktop_notification:Sending desktop notification using 'notify2'
[1.499s] DEBUG:colcon.colcon_core.event_reactor:joined thread
[1.499s] INFO:colcon.colcon_core.shell:Creating prefix script '/home/dars/kameyama_galactic_ws/install/local_setup.ps1'
[1.501s] INFO:colcon.colcon_core.shell:Creating prefix util module '/home/dars/kameyama_galactic_ws/install/_local_setup_util_ps1.py'
[1.503s] INFO:colcon.colcon_core.shell:Creating prefix chain script '/home/dars/kameyama_galactic_ws/install/setup.ps1'
[1.506s] INFO:colcon.colcon_core.shell:Creating prefix script '/home/dars/kameyama_galactic_ws/install/local_setup.sh'
[1.507s] INFO:colcon.colcon_core.shell:Creating prefix util module '/home/dars/kameyama_galactic_ws/install/_local_setup_util_sh.py'
[1.507s] INFO:colcon.colcon_core.shell:Creating prefix chain script '/home/dars/kameyama_galactic_ws/install/setup.sh'
[1.511s] INFO:colcon.colcon_core.shell:Creating prefix script '/home/dars/kameyama_galactic_ws/install/local_setup.bash'
[1.511s] INFO:colcon.colcon_core.shell:Creating prefix chain script '/home/dars/kameyama_galactic_ws/install/setup.bash'
[1.513s] INFO:colcon.colcon_core.shell:Creating prefix script '/home/dars/kameyama_galactic_ws/install/local_setup.zsh'
[1.513s] INFO:colcon.colcon_core.shell:Creating prefix chain script '/home/dars/kameyama_galactic_ws/install/setup.zsh'
